<Prototype Log> Event: BLOCK_CREATE, Block: custom_start, Workspace: Left, Date: 10/13/2021, 3:39:04 PM
<Prototype Log> Event: BLOCK_MOVE, Block: custom_start, Workspace: Left, Date: 10/13/2021, 3:39:04 PM
<Prototype Log> Event: BLOCK_CREATE, Block: custom_start, Workspace: Right, Date: 10/13/2021, 3:39:04 PM
<Prototype Log> Event: BLOCK_MOVE, Block: custom_start, Workspace: Right, Date: 10/13/2021, 3:39:04 PM
<Prototype Log> Event: VAR_CREATE, Variable Name: Home Position, Workspace: Left, Date: 10/13/2021, 3:39:04 PM
<Prototype Log> Event: VAR_CREATE, Variable Name: Home Position, Workspace: Right, Date: 10/13/2021, 3:39:04 PM
<Prototype Log> Event: CLICK_OPEN_WORKSPACE_BUTTON, Date: 10/13/2021, 3:39:07 PM
<Prototype Log> Event: CLICK_HOME_BUTTON, Date: 10/13/2021, 3:39:22 PM
<Prototype Log> Event: BLOCK_CREATE, Block: custom_open, Workspace: Left, Date: 10/13/2021, 3:39:40 PM
<Prototype Log> Event: BLOCK_MOVE, Block: custom_open, Workspace: Left, Date: 10/13/2021, 3:39:41 PM
<Prototype Log> Event: BLOCK_CREATE, Block: custom_open, Workspace: Left, Date: 10/13/2021, 3:39:41 PM
<Prototype Log> Event: BLOCK_MOVE, Workspace: Left, Date: 10/13/2021, 3:39:42 PM
<Prototype Log> Event: BLOCK_DELETE, Workspace: Left, Date: 10/13/2021, 3:39:42 PM
<Prototype Log> Event: BLOCK_CREATE, Block: custom_open, Workspace: Right, Date: 10/13/2021, 3:39:42 PM
<Prototype Log> Event: BLOCK_MOVE, Block: custom_open, Workspace: Right, Date: 10/13/2021, 3:39:42 PM
<Prototype Log> Event: BLOCK_CREATE, Block: custom_move, Workspace: Left, Date: 10/13/2021, 3:39:43 PM
<Prototype Log> Event: VAR_CREATE, Variable Name: <somewhere>, Workspace: Left, Date: 10/13/2021, 3:39:43 PM
<Prototype Log> Event: BLOCK_MOVE, Block: custom_move, Workspace: Left, Date: 10/13/2021, 3:39:44 PM
<Prototype Log> Event: BLOCK_CHANGE, Block: custom_move, Workspace: Left, Date: 10/13/2021, 3:39:45 PM
<Prototype Log> Event: BLOCK_CREATE, Block: custom_move, Workspace: Left, Date: 10/13/2021, 3:39:46 PM
<Prototype Log> Event: BLOCK_MOVE, Workspace: Left, Date: 10/13/2021, 3:39:46 PM
<Prototype Log> Event: BLOCK_DELETE, Workspace: Left, Date: 10/13/2021, 3:39:46 PM
<Prototype Log> Event: BLOCK_CREATE, Block: custom_move, Workspace: Right, Date: 10/13/2021, 3:39:46 PM
<Prototype Log> Event: BLOCK_MOVE, Block: custom_move, Workspace: Right, Date: 10/13/2021, 3:39:47 PM
<Prototype Log> Event: BLOCK_CHANGE, Block: custom_move, Workspace: Right, Date: 10/13/2021, 3:39:48 PM
<Prototype Log> Event: BLOCK_CREATE, Block: custom_move, Workspace: Left, Date: 10/13/2021, 3:40:21 PM
<Prototype Log> Event: BLOCK_MOVE, Workspace: Left, Date: 10/13/2021, 3:40:21 PM
<Prototype Log> Event: BLOCK_DELETE, Workspace: Left, Date: 10/13/2021, 3:40:21 PM
<Prototype Log> Event: BLOCK_CREATE, Block: custom_move, Workspace: Right, Date: 10/13/2021, 3:40:21 PM
<Prototype Log> Event: BLOCK_MOVE, Block: custom_move, Workspace: Right, Date: 10/13/2021, 3:40:21 PM
<Prototype Log> Event: BLOCK_CREATE, Block: custom_move, Workspace: Left, Date: 10/13/2021, 3:40:23 PM
<Prototype Log> Event: BLOCK_MOVE, Block: custom_move, Workspace: Left, Date: 10/13/2021, 3:40:24 PM
<Prototype Log> Event: BLOCK_MOVE, Block: custom_move, Workspace: Right, Date: 10/13/2021, 3:40:25 PM
<Prototype Log> Event: VAR_RENAME, Old Name: <somewhere>, New Name: r_p_1, Workspace: Right, Date: 10/13/2021, 3:40:33 PM
<Prototype Log> Event: CLICK_SAVE_WORKSPACE_BUTTON, Date: 10/13/2021, 3:40:33 PM
<Prototype Log> Event: BLOCK_CREATE, Block: custom_move, Workspace: Left, Date: 10/13/2021, 3:40:57 PM
<Prototype Log> Event: VAR_CREATE, Variable Name: <somewhere>, Workspace: Left, Date: 10/13/2021, 3:40:57 PM
<Prototype Log> Event: BLOCK_MOVE, Block: custom_move, Workspace: Left, Date: 10/13/2021, 3:40:58 PM
<Prototype Log> Event: BLOCK_CREATE, Block: custom_move, Workspace: Left, Date: 10/13/2021, 3:41:00 PM
<Prototype Log> Event: BLOCK_MOVE, Workspace: Left, Date: 10/13/2021, 3:41:00 PM
<Prototype Log> Event: BLOCK_DELETE, Workspace: Left, Date: 10/13/2021, 3:41:00 PM
<Prototype Log> Event: BLOCK_CREATE, Block: custom_move, Workspace: Right, Date: 10/13/2021, 3:41:00 PM
<Prototype Log> Event: BLOCK_MOVE, Block: custom_move, Workspace: Right, Date: 10/13/2021, 3:41:00 PM
<Prototype Log> Event: VAR_RENAME, Old Name: <somewhere>, New Name: r_p_2, Workspace: Right, Date: 10/13/2021, 3:41:09 PM
<Prototype Log> Event: BLOCK_MOVE, Block: custom_move, Workspace: Right, Date: 10/13/2021, 3:41:11 PM
<Prototype Log> Event: BLOCK_MOVE, Block: custom_move, Workspace: Left, Date: 10/13/2021, 3:41:21 PM
<Prototype Log> Event: BLOCK_CREATE, Block: custom_close, Workspace: Left, Date: 10/13/2021, 3:41:25 PM
<Prototype Log> Event: BLOCK_MOVE, Block: custom_close, Workspace: Left, Date: 10/13/2021, 3:41:26 PM
<Prototype Log> Event: BLOCK_CREATE, Block: custom_close, Workspace: Left, Date: 10/13/2021, 3:41:27 PM
<Prototype Log> Event: BLOCK_MOVE, Workspace: Left, Date: 10/13/2021, 3:41:28 PM
<Prototype Log> Event: BLOCK_DELETE, Workspace: Left, Date: 10/13/2021, 3:41:28 PM
<Prototype Log> Event: BLOCK_CREATE, Block: custom_close, Workspace: Right, Date: 10/13/2021, 3:41:28 PM
<Prototype Log> Event: BLOCK_MOVE, Block: custom_close, Workspace: Right, Date: 10/13/2021, 3:41:28 PM
<Prototype Log> Event: CLICK_START_BUTTON, Date: 10/13/2021, 3:41:32 PM
<Prototype Log> Event: CLICK_HOME_BUTTON, Date: 10/13/2021, 3:41:35 PM
<Prototype Log> Event: CLICK_HOME_BUTTON, Date: 10/13/2021, 3:41:45 PM
<Prototype Log> Event: CLICK_HOME_BUTTON, Date: 10/13/2021, 3:41:52 PM
<Prototype Log> Event: CLICK_START_BUTTON, Date: 10/13/2021, 3:42:02 PM
<Prototype Log> Event: CLICK_START_BUTTON, Date: 10/13/2021, 3:42:12 PM
<Prototype Log> Event: CLICK_START_BUTTON, Date: 10/13/2021, 3:42:22 PM
<Prototype Log> Event: CLICK_HOME_BUTTON, Date: 10/13/2021, 3:43:10 PM
<Prototype Log> Event: CLICK_START_BUTTON, Date: 10/13/2021, 3:43:16 PM
<Prototype Log> Event: CLICK_START_BUTTON, Date: 10/13/2021, 3:43:28 PM
<Prototype Log> Event: CLICK_START_BUTTON, Date: 10/13/2021, 3:43:30 PM
<Prototype Log> Event: CLICK_SAVE_WORKSPACE_BUTTON, Date: 10/13/2021, 3:43:40 PM<Prototype Log> Event: BLOCK_CREATE, Block: custom_start, Workspace: Left, Date: 10/13/2021, 3:46:18 PM
<Prototype Log> Event: BLOCK_MOVE, Block: custom_start, Workspace: Left, Date: 10/13/2021, 3:46:18 PM
<Prototype Log> Event: BLOCK_CREATE, Block: custom_start, Workspace: Right, Date: 10/13/2021, 3:46:18 PM
<Prototype Log> Event: BLOCK_MOVE, Block: custom_start, Workspace: Right, Date: 10/13/2021, 3:46:18 PM
<Prototype Log> Event: VAR_CREATE, Variable Name: Home Position, Workspace: Left, Date: 10/13/2021, 3:46:18 PM
<Prototype Log> Event: VAR_CREATE, Variable Name: Home Position, Workspace: Right, Date: 10/13/2021, 3:46:18 PM
<Prototype Log> Event: CLICK_HOME_BUTTON, Date: 10/13/2021, 3:46:24 PM
<Prototype Log> Event: BLOCK_CREATE, Block: custom_open, Workspace: Left, Date: 10/13/2021, 3:46:30 PM
<Prototype Log> Event: BLOCK_MOVE, Block: custom_open, Workspace: Left, Date: 10/13/2021, 3:46:30 PM
<Prototype Log> Event: BLOCK_CREATE, Block: custom_open, Workspace: Left, Date: 10/13/2021, 3:46:31 PM
<Prototype Log> Event: BLOCK_MOVE, Workspace: Left, Date: 10/13/2021, 3:46:31 PM
<Prototype Log> Event: BLOCK_DELETE, Workspace: Left, Date: 10/13/2021, 3:46:31 PM
<Prototype Log> Event: BLOCK_CREATE, Block: custom_open, Workspace: Right, Date: 10/13/2021, 3:46:31 PM
<Prototype Log> Event: BLOCK_MOVE, Block: custom_open, Workspace: Right, Date: 10/13/2021, 3:46:32 PM
<Prototype Log> Event: BLOCK_CREATE, Block: custom_move, Workspace: Left, Date: 10/13/2021, 3:46:32 PM
<Prototype Log> Event: VAR_CREATE, Variable Name: <somewhere>, Workspace: Left, Date: 10/13/2021, 3:46:32 PM
<Prototype Log> Event: BLOCK_MOVE, Block: custom_move, Workspace: Left, Date: 10/13/2021, 3:46:33 PM
<Prototype Log> Event: BLOCK_CHANGE, Block: custom_move, Workspace: Left, Date: 10/13/2021, 3:46:34 PM
<Prototype Log> Event: BLOCK_CREATE, Block: custom_move, Workspace: Left, Date: 10/13/2021, 3:46:35 PM
<Prototype Log> Event: BLOCK_MOVE, Workspace: Left, Date: 10/13/2021, 3:46:35 PM
<Prototype Log> Event: BLOCK_DELETE, Workspace: Left, Date: 10/13/2021, 3:46:35 PM
<Prototype Log> Event: BLOCK_CREATE, Block: custom_move, Workspace: Right, Date: 10/13/2021, 3:46:35 PM
<Prototype Log> Event: BLOCK_MOVE, Block: custom_move, Workspace: Right, Date: 10/13/2021, 3:46:36 PM
<Prototype Log> Event: BLOCK_CHANGE, Block: custom_move, Workspace: Right, Date: 10/13/2021, 3:46:36 PM
<Prototype Log> Event: BLOCK_CREATE, Block: custom_move, Workspace: Left, Date: 10/13/2021, 3:46:44 PM
<Prototype Log> Event: BLOCK_MOVE, Block: custom_move, Workspace: Left, Date: 10/13/2021, 3:46:45 PM
<Prototype Log> Event: VAR_RENAME, Old Name: <somewhere>, New Name: Lp1, Workspace: Left, Date: 10/13/2021, 3:46:51 PM
<Prototype Log> Event: CLICK_SAVE_WORKSPACE_BUTTON, Date: 10/13/2021, 3:46:52 PM
<Prototype Log> Event: BLOCK_CREATE, Block: custom_move, Workspace: Left, Date: 10/13/2021, 3:46:59 PM
<Prototype Log> Event: VAR_CREATE, Variable Name: <somewhere>, Workspace: Left, Date: 10/13/2021, 3:46:59 PM
<Prototype Log> Event: BLOCK_MOVE, Block: custom_move, Workspace: Left, Date: 10/13/2021, 3:46:59 PM
<Prototype Log> Event: VAR_RENAME, Old Name: <somewhere>, New Name: Lp2, Workspace: Left, Date: 10/13/2021, 3:47:03 PM
<Prototype Log> Event: CLICK_SAVE_WORKSPACE_BUTTON, Date: 10/13/2021, 3:47:04 PM
<Prototype Log> Event: BLOCK_CREATE, Block: custom_move, Workspace: Left, Date: 10/13/2021, 3:47:05 PM
<Prototype Log> Event: VAR_CREATE, Variable Name: <somewhere>, Workspace: Left, Date: 10/13/2021, 3:47:05 PM
<Prototype Log> Event: BLOCK_MOVE, Workspace: Left, Date: 10/13/2021, 3:47:05 PM
<Prototype Log> Event: BLOCK_DELETE, Workspace: Left, Date: 10/13/2021, 3:47:05 PM
<Prototype Log> Event: BLOCK_CREATE, Block: custom_move, Workspace: Right, Date: 10/13/2021, 3:47:05 PM
<Prototype Log> Event: BLOCK_MOVE, Block: custom_move, Workspace: Right, Date: 10/13/2021, 3:47:06 PM
<Prototype Log> Event: BLOCK_CREATE, Block: custom_close, Workspace: Left, Date: 10/13/2021, 3:47:08 PM
<Prototype Log> Event: BLOCK_MOVE, Block: custom_close, Workspace: Left, Date: 10/13/2021, 3:47:09 PM
<Prototype Log> Event: VAR_RENAME, Old Name: <somewhere>, New Name: Rp1, Workspace: Right, Date: 10/13/2021, 3:47:19 PM
<Prototype Log> Event: CLICK_SAVE_WORKSPACE_BUTTON, Date: 10/13/2021, 3:47:20 PM
<Prototype Log> Event: BLOCK_CREATE, Block: custom_move, Workspace: Left, Date: 10/13/2021, 3:47:20 PM
<Prototype Log> Event: BLOCK_MOVE, Workspace: Left, Date: 10/13/2021, 3:47:21 PM
<Prototype Log> Event: BLOCK_DELETE, Workspace: Left, Date: 10/13/2021, 3:47:21 PM
<Prototype Log> Event: BLOCK_CREATE, Block: custom_move, Workspace: Right, Date: 10/13/2021, 3:47:21 PM
<Prototype Log> Event: BLOCK_MOVE, Block: custom_move, Workspace: Right, Date: 10/13/2021, 3:47:22 PM
<Prototype Log> Event: VAR_RENAME, Old Name: <somewhere>, New Name: Rp2, Workspace: Right, Date: 10/13/2021, 3:47:27 PM
<Prototype Log> Event: CLICK_SAVE_WORKSPACE_BUTTON, Date: 10/13/2021, 3:47:30 PM
<Prototype Log> Event: BLOCK_CREATE, Block: custom_close, Workspace: Left, Date: 10/13/2021, 3:47:32 PM
<Prototype Log> Event: BLOCK_MOVE, Workspace: Left, Date: 10/13/2021, 3:47:33 PM
<Prototype Log> Event: BLOCK_DELETE, Workspace: Left, Date: 10/13/2021, 3:47:33 PM
<Prototype Log> Event: BLOCK_CREATE, Block: custom_close, Workspace: Right, Date: 10/13/2021, 3:47:33 PM
<Prototype Log> Event: BLOCK_MOVE, Block: custom_close, Workspace: Right, Date: 10/13/2021, 3:47:34 PM
<Prototype Log> Event: CLICK_HOME_BUTTON, Date: 10/13/2021, 3:47:38 PM
<Prototype Log> Event: CLICK_START_BUTTON, Date: 10/13/2021, 3:47:43 PM
<Prototype Log> Event: CLICK_SAVE_WORKSPACE_BUTTON, Date: 10/13/2021, 3:48:01 PM<Prototype Log> Event: CLICK_HOME_BUTTON, Date: 10/13/2021, 3:48:08 PM
<Prototype Log> Event: CLICK_START_BUTTON, Date: 10/13/2021, 3:48:16 PM
<Prototype Log> Event: CLICK_START_BUTTON, Date: 10/13/2021, 3:48:22 PM
<Prototype Log> Event: CLICK_HOME_BUTTON, Date: 10/13/2021, 3:48:23 PM
<Prototype Log> Event: CLICK_START_BUTTON, Date: 10/13/2021, 3:48:44 PM
<Prototype Log> Event: BLOCK_CREATE, Block: custom_move, Workspace: Left, Date: 10/13/2021, 3:49:05 PM
<Prototype Log> Event: BLOCK_MOVE, Workspace: Left, Date: 10/13/2021, 3:49:05 PM
<Prototype Log> Event: BLOCK_DELETE, Workspace: Left, Date: 10/13/2021, 3:49:05 PM
<Prototype Log> Event: BLOCK_CREATE, Block: custom_move, Workspace: Right, Date: 10/13/2021, 3:49:05 PM
<Prototype Log> Event: BLOCK_MOVE, Block: custom_move, Workspace: Right, Date: 10/13/2021, 3:49:06 PM
<Prototype Log> Event: VAR_RENAME, Old Name: <somewhere>, New Name: Rp3, Workspace: Right, Date: 10/13/2021, 3:49:12 PM
<Prototype Log> Event: CLICK_SAVE_WORKSPACE_BUTTON, Date: 10/13/2021, 3:49:18 PM
<Prototype Log> Event: BLOCK_MOVE, Block: custom_move, Workspace: Right, Date: 10/13/2021, 3:49:21 PM
<Prototype Log> Event: BLOCK_CREATE, Block: custom_move, Workspace: Left, Date: 10/13/2021, 3:49:39 PM
<Prototype Log> Event: BLOCK_MOVE, Workspace: Left, Date: 10/13/2021, 3:49:39 PM
<Prototype Log> Event: BLOCK_DELETE, Workspace: Left, Date: 10/13/2021, 3:49:39 PM
<Prototype Log> Event: BLOCK_CREATE, Block: custom_move, Workspace: Right, Date: 10/13/2021, 3:49:39 PM
<Prototype Log> Event: BLOCK_MOVE, Block: custom_move, Workspace: Right, Date: 10/13/2021, 3:49:40 PM
<Prototype Log> Event: VAR_RENAME, Old Name: <somewhere>, New Name: Rp4, Workspace: Right, Date: 10/13/2021, 3:49:50 PM
<Prototype Log> Event: CLICK_SAVE_WORKSPACE_BUTTON, Date: 10/13/2021, 3:49:53 PM
<Prototype Log> Event: BLOCK_CHANGE, Block: custom_move, Workspace: Right, Date: 10/13/2021, 3:49:57 PM
<Prototype Log> Event: CLICK_HOME_BUTTON, Date: 10/13/2021, 3:50:19 PM
<Prototype Log> Event: CLICK_SAVE_WORKSPACE_BUTTON, Date: 10/13/2021, 3:50:20 PM
<Prototype Log> Event: CLICK_START_BUTTON, Date: 10/13/2021, 3:50:30 PM
<Prototype Log> Event: CLICK_HOME_BUTTON, Date: 10/13/2021, 3:50:57 PM
<Prototype Log> Event: BLOCK_CREATE, Block: custom_close, Workspace: Left, Date: 10/13/2021, 3:50:59 PM
<Prototype Log> Event: BLOCK_MOVE, Workspace: Left, Date: 10/13/2021, 3:50:59 PM
<Prototype Log> Event: BLOCK_DELETE, Workspace: Left, Date: 10/13/2021, 3:50:59 PM
<Prototype Log> Event: BLOCK_CREATE, Block: custom_close, Workspace: Right, Date: 10/13/2021, 3:50:59 PM
<Prototype Log> Event: BLOCK_MOVE, Block: custom_close, Workspace: Right, Date: 10/13/2021, 3:51:00 PM
<Prototype Log> Event: BLOCK_CREATE, Block: custom_wait, Workspace: Left, Date: 10/13/2021, 3:51:02 PM
<Prototype Log> Event: BLOCK_CREATE, Block: custom_wait, Workspace: Right, Date: 10/13/2021, 3:51:02 PM
<Prototype Log> Event: BLOCK_MOVE, Block: custom_wait, Workspace: Right, Date: 10/13/2021, 3:51:02 PM
<Prototype Log> Event: BLOCK_MOVE, Block: custom_wait, Workspace: Right, Date: 10/13/2021, 3:51:04 PM
<Prototype Log> Event: BLOCK_MOVE, Block: custom_wait, Workspace: Left, Date: 10/13/2021, 3:51:04 PM
<Prototype Log> Event: BLOCK_MOVE, Block: custom_wait, Workspace: Left, Date: 10/13/2021, 3:51:04 PM
<Prototype Log> Event: CLICK_START_BUTTON, Date: 10/13/2021, 3:51:19 PM
<Prototype Log> Event: CLICK_HOME_BUTTON, Date: 10/13/2021, 3:51:33 PM
<Prototype Log> Event: BLOCK_MOVE, Block: custom_wait, Workspace: Right, Date: 10/13/2021, 3:51:50 PM
<Prototype Log> Event: BLOCK_MOVE, Block: custom_wait, Workspace: Left, Date: 10/13/2021, 3:51:51 PM
<Prototype Log> Event: BLOCK_MOVE, Workspace: Right, Date: 10/13/2021, 3:51:51 PM
<Prototype Log> Event: BLOCK_DELETE, Workspace: Right, Date: 10/13/2021, 3:51:51 PM
<Prototype Log> Event: BLOCK_DELETE, Workspace: Left, Date: 10/13/2021, 3:51:51 PM
<Prototype Log> Event: BLOCK_MOVE, Block: custom_close, Workspace: Right, Date: 10/13/2021, 3:51:52 PM
<Prototype Log> Event: BLOCK_MOVE, Workspace: Right, Date: 10/13/2021, 3:51:53 PM
<Prototype Log> Event: BLOCK_DELETE, Workspace: Right, Date: 10/13/2021, 3:51:53 PM
<Prototype Log> Event: BLOCK_CREATE, Block: custom_close, Workspace: Left, Date: 10/13/2021, 3:51:55 PM
<Prototype Log> Event: BLOCK_MOVE, Workspace: Left, Date: 10/13/2021, 3:51:56 PM
<Prototype Log> Event: BLOCK_DELETE, Workspace: Left, Date: 10/13/2021, 3:51:56 PM
<Prototype Log> Event: BLOCK_CREATE, Block: custom_close, Workspace: Right, Date: 10/13/2021, 3:51:56 PM
<Prototype Log> Event: BLOCK_MOVE, Block: custom_close, Workspace: Right, Date: 10/13/2021, 3:51:56 PM
<Prototype Log> Event: CLICK_START_BUTTON, Date: 10/13/2021, 3:52:00 PM
<Prototype Log> Event: CLICK_HOME_BUTTON, Date: 10/13/2021, 3:52:11 PM
<Prototype Log> Event: CLICK_START_BUTTON, Date: 10/13/2021, 3:52:27 PM
<Prototype Log> Event: CLICK_HOME_BUTTON, Date: 10/13/2021, 3:52:53 PM
<Prototype Log> Event: CLICK_START_BUTTON, Date: 10/13/2021, 3:53:10 PM
<Prototype Log> Event: BLOCK_CREATE, Block: custom_move, Workspace: Left, Date: 10/13/2021, 3:53:30 PM
<Prototype Log> Event: BLOCK_MOVE, Block: custom_move, Workspace: Left, Date: 10/13/2021, 3:53:31 PM
<Prototype Log> Event: VAR_RENAME, Old Name: <somewhere>, New Name: Lp3, Workspace: Left, Date: 10/13/2021, 3:53:36 PM
<Prototype Log> Event: CLICK_SAVE_WORKSPACE_BUTTON, Date: 10/13/2021, 3:53:37 PM
<Prototype Log> Event: BLOCK_CREATE, Block: custom_move, Workspace: Left, Date: 10/13/2021, 3:54:02 PM
<Prototype Log> Event: VAR_CREATE, Variable Name: <somewhere>, Workspace: Left, Date: 10/13/2021, 3:54:02 PM
<Prototype Log> Event: BLOCK_MOVE, Workspace: Left, Date: 10/13/2021, 3:54:02 PM
<Prototype Log> Event: BLOCK_DELETE, Workspace: Left, Date: 10/13/2021, 3:54:02 PM
<Prototype Log> Event: BLOCK_CREATE, Block: custom_move, Workspace: Right, Date: 10/13/2021, 3:54:02 PM
<Prototype Log> Event: BLOCK_MOVE, Block: custom_move, Workspace: Right, Date: 10/13/2021, 3:54:03 PM
<Prototype Log> Event: VAR_RENAME, Old Name: <somewhere>, New Name: Rp5, Workspace: Right, Date: 10/13/2021, 3:54:10 PM
<Prototype Log> Event: CLICK_SAVE_WORKSPACE_BUTTON, Date: 10/13/2021, 3:54:13 PM
<Prototype Log> Event: BLOCK_CREATE, Block: custom_move, Workspace: Left, Date: 10/13/2021, 3:54:23 PM
<Prototype Log> Event: BLOCK_MOVE, Block: custom_move, Workspace: Left, Date: 10/13/2021, 3:54:24 PM
<Prototype Log> Event: VAR_RENAME, Old Name: <somewhere>, New Name: Lp4, Workspace: Left, Date: 10/13/2021, 3:54:30 PM
<Prototype Log> Event: CLICK_SAVE_WORKSPACE_BUTTON, Date: 10/13/2021, 3:54:32 PM
<Prototype Log> Event: BLOCK_CREATE, Block: custom_move, Workspace: Left, Date: 10/13/2021, 3:54:35 PM
<Prototype Log> Event: VAR_CREATE, Variable Name: <somewhere>, Workspace: Left, Date: 10/13/2021, 3:54:35 PM
<Prototype Log> Event: BLOCK_MOVE, Block: custom_move, Workspace: Left, Date: 10/13/2021, 3:54:36 PM
<Prototype Log> Event: BLOCK_CHANGE, Block: custom_move, Workspace: Left, Date: 10/13/2021, 3:54:39 PM
<Prototype Log> Event: VAR_RENAME, Old Name: <somewhere>, New Name: Lp5, Workspace: Left, Date: 10/13/2021, 3:54:49 PM
<Prototype Log> Event: CLICK_SAVE_WORKSPACE_BUTTON, Date: 10/13/2021, 3:54:54 PM
<Prototype Log> Event: BLOCK_CREATE, Block: custom_close, Workspace: Left, Date: 10/13/2021, 3:55:05 PM
<Prototype Log> Event: BLOCK_MOVE, Block: custom_close, Workspace: Left, Date: 10/13/2021, 3:55:07 PM
<Prototype Log> Event: BLOCK_CREATE, Block: custom_wait, Workspace: Left, Date: 10/13/2021, 3:55:12 PM
<Prototype Log> Event: BLOCK_CREATE, Block: custom_wait, Workspace: Right, Date: 10/13/2021, 3:55:12 PM
<Prototype Log> Event: BLOCK_MOVE, Block: custom_wait, Workspace: Right, Date: 10/13/2021, 3:55:12 PM
<Prototype Log> Event: BLOCK_MOVE, Block: custom_wait, Workspace: Right, Date: 10/13/2021, 3:55:13 PM
<Prototype Log> Event: BLOCK_MOVE, Block: custom_wait, Workspace: Left, Date: 10/13/2021, 3:55:13 PM
<Prototype Log> Event: CLICK_HOME_BUTTON, Date: 10/13/2021, 3:55:33 PM
<Prototype Log> Event: CLICK_SAVE_WORKSPACE_BUTTON, Date: 10/13/2021, 3:55:34 PM
<Prototype Log> Event: CLICK_START_BUTTON, Date: 10/13/2021, 3:55:45 PM
<Prototype Log> Event: CLICK_HOME_BUTTON, Date: 10/13/2021, 3:56:00 PM
<Prototype Log> Event: CLICK_SAVE_WORKSPACE_BUTTON, Date: 10/13/2021, 3:56:53 PM
<Prototype Log> Event: CLICK_HOME_BUTTON, Date: 10/13/2021, 3:56:56 PM
<Prototype Log> Event: CLICK_START_BUTTON, Date: 10/13/2021, 3:57:07 PM
<Prototype Log> Event: CLICK_HOME_BUTTON, Date: 10/13/2021, 3:57:17 PM
<Prototype Log> Event: BLOCK_CHANGE, Block: custom_move, Workspace: Right, Date: 10/13/2021, 3:57:29 PM
<Prototype Log> Event: BLOCK_MOVE, Block: custom_move, Workspace: Right, Date: 10/13/2021, 3:57:32 PM
<Prototype Log> Event: BLOCK_MOVE, Block: custom_wait, Workspace: Left, Date: 10/13/2021, 3:57:32 PM
<Prototype Log> Event: BLOCK_MOVE, Block: custom_wait, Workspace: Left, Date: 10/13/2021, 3:57:32 PM
<Prototype Log> Event: BLOCK_MOVE, Block: custom_move, Workspace: Right, Date: 10/13/2021, 3:57:32 PM
<Prototype Log> Event: BLOCK_CHANGE, Block: custom_move, Workspace: Right, Date: 10/13/2021, 3:57:34 PM
<Prototype Log> Event: BLOCK_CHANGE, Block: custom_move, Workspace: Right, Date: 10/13/2021, 3:57:36 PM
<Prototype Log> Event: CLICK_START_BUTTON, Date: 10/13/2021, 3:57:42 PM
<Prototype Log> Event: CLICK_HOME_BUTTON, Date: 10/13/2021, 3:57:55 PM
<Prototype Log> Event: CLICK_HOME_BUTTON, Date: 10/13/2021, 3:58:08 PM
<Prototype Log> Event: CLICK_START_BUTTON, Date: 10/13/2021, 3:58:13 PM
<Prototype Log> Event: CLICK_HOME_BUTTON, Date: 10/13/2021, 3:58:14 PM
<Prototype Log> Event: BLOCK_MOVE, Block: custom_move, Workspace: Right, Date: 10/13/2021, 3:58:28 PM
<Prototype Log> Event: BLOCK_MOVE, Block: custom_wait, Workspace: Left, Date: 10/13/2021, 3:58:28 PM
<Prototype Log> Event: BLOCK_MOVE, Block: custom_wait, Workspace: Left, Date: 10/13/2021, 3:58:29 PM
<Prototype Log> Event: BLOCK_MOVE, Block: custom_move, Workspace: Right, Date: 10/13/2021, 3:58:29 PM
<Prototype Log> Event: CLICK_START_BUTTON, Date: 10/13/2021, 3:58:31 PM
<Prototype Log> Event: BLOCK_MOVE, Block: custom_move, Workspace: Left, Date: 10/13/2021, 3:58:44 PM
<Prototype Log> Event: BLOCK_MOVE, Block: custom_move, Workspace: Left, Date: 10/13/2021, 3:58:45 PM
<Prototype Log> Event: CLICK_HOME_BUTTON, Date: 10/13/2021, 3:58:51 PM
<Prototype Log> Event: CLICK_START_BUTTON, Date: 10/13/2021, 3:59:04 PM
<Prototype Log> Event: BLOCK_MOVE, Block: custom_move, Workspace: Left, Date: 10/13/2021, 3:59:15 PM
<Prototype Log> Event: BLOCK_MOVE, Block: custom_move, Workspace: Left, Date: 10/13/2021, 3:59:15 PM
<Prototype Log> Event: BLOCK_MOVE, Workspace: Left, Date: 10/13/2021, 3:59:16 PM
<Prototype Log> Event: BLOCK_DELETE, Workspace: Left, Date: 10/13/2021, 3:59:16 PM
<Prototype Log> Event: BLOCK_CREATE, Block: custom_move, Workspace: Right, Date: 10/13/2021, 3:59:16 PM
<Prototype Log> Event: BLOCK_CHANGE, Block: custom_move, Workspace: Right, Date: 10/13/2021, 3:59:16 PM
<Prototype Log> Event: VAR_DELETE, Variable Name: Lp4, Workspace: Right, Date: 10/13/2021, 3:59:16 PM
<Prototype Log> Event: BLOCK_MOVE, Workspace: Right, Date: 10/13/2021, 3:59:17 PM
<Prototype Log> Event: BLOCK_DELETE, Workspace: Right, Date: 10/13/2021, 3:59:17 PM
<Prototype Log> Event: BLOCK_MOVE, Workspace: Left, Date: 10/13/2021, 3:59:18 PM
<Prototype Log> Event: BLOCK_DELETE, Workspace: Left, Date: 10/13/2021, 3:59:18 PM
<Prototype Log> Event: BLOCK_CREATE, Block: custom_move, Workspace: Right, Date: 10/13/2021, 3:59:18 PM
<Prototype Log> Event: BLOCK_CHANGE, Block: custom_move, Workspace: Right, Date: 10/13/2021, 3:59:18 PM
<Prototype Log> Event: VAR_DELETE, Variable Name: Lp5, Workspace: Right, Date: 10/13/2021, 3:59:18 PM
<Prototype Log> Event: BLOCK_MOVE, Workspace: Right, Date: 10/13/2021, 3:59:19 PM
<Prototype Log> Event: BLOCK_DELETE, Workspace: Right, Date: 10/13/2021, 3:59:19 PM
<Prototype Log> Event: BLOCK_MOVE, Block: custom_wait, Workspace: Left, Date: 10/13/2021, 3:59:20 PM
<Prototype Log> Event: BLOCK_MOVE, Workspace: Right, Date: 10/13/2021, 3:59:20 PM
<Prototype Log> Event: BLOCK_DELETE, Workspace: Right, Date: 10/13/2021, 3:59:20 PM
<Prototype Log> Event: CLICK_HOME_BUTTON, Date: 10/13/2021, 3:59:21 PM
<Prototype Log> Event: CLICK_START_BUTTON, Date: 10/13/2021, 3:59:38 PM
<Prototype Log> Event: BLOCK_CHANGE, Block: custom_move, Workspace: Left, Date: 10/13/2021, 3:59:51 PM
<Prototype Log> Event: BLOCK_MOVE, Block: custom_move, Workspace: Left, Date: 10/13/2021, 3:59:54 PM
<Prototype Log> Event: BLOCK_MOVE, Workspace: Left, Date: 10/13/2021, 3:59:55 PM
<Prototype Log> Event: BLOCK_DELETE, Workspace: Left, Date: 10/13/2021, 3:59:55 PM
<Prototype Log> Event: BLOCK_CREATE, Block: custom_move, Workspace: Right, Date: 10/13/2021, 3:59:55 PM
<Prototype Log> Event: BLOCK_CHANGE, Block: custom_move, Workspace: Right, Date: 10/13/2021, 3:59:55 PM
<Prototype Log> Event: VAR_DELETE, Variable Name: Lp3, Workspace: Right, Date: 10/13/2021, 3:59:55 PM
<Prototype Log> Event: BLOCK_MOVE, Workspace: Right, Date: 10/13/2021, 3:59:56 PM
<Prototype Log> Event: BLOCK_DELETE, Workspace: Right, Date: 10/13/2021, 3:59:56 PM
<Prototype Log> Event: BLOCK_CREATE, Block: custom_move, Workspace: Left, Date: 10/13/2021, 3:59:59 PM
<Prototype Log> Event: VAR_CREATE, Variable Name: <somewhere>, Workspace: Left, Date: 10/13/2021, 3:59:59 PM
<Prototype Log> Event: BLOCK_MOVE, Workspace: Left, Date: 10/13/2021, 3:59:59 PM
<Prototype Log> Event: BLOCK_DELETE, Workspace: Left, Date: 10/13/2021, 3:59:59 PM
<Prototype Log> Event: BLOCK_CREATE, Block: custom_move, Workspace: Right, Date: 10/13/2021, 3:59:59 PM
<Prototype Log> Event: BLOCK_MOVE, Block: custom_move, Workspace: Right, Date: 10/13/2021, 4:00:00 PM
<Prototype Log> Event: BLOCK_MOVE, Block: custom_move, Workspace: Right, Date: 10/13/2021, 4:00:01 PM
<Prototype Log> Event: BLOCK_CHANGE, Block: custom_move, Workspace: Right, Date: 10/13/2021, 4:00:02 PM
<Prototype Log> Event: CLICK_SAVE_WORKSPACE_BUTTON, Date: 10/13/2021, 4:00:16 PM
<Prototype Log> Event: BLOCK_CREATE, Block: custom_close, Workspace: Left, Date: 10/13/2021, 4:00:22 PM
<Prototype Log> Event: BLOCK_MOVE, Workspace: Left, Date: 10/13/2021, 4:00:22 PM
<Prototype Log> Event: BLOCK_DELETE, Workspace: Left, Date: 10/13/2021, 4:00:22 PM
<Prototype Log> Event: BLOCK_CREATE, Block: custom_close, Workspace: Right, Date: 10/13/2021, 4:00:22 PM
<Prototype Log> Event: BLOCK_MOVE, Block: custom_close, Workspace: Right, Date: 10/13/2021, 4:00:23 PM
<Prototype Log> Event: BLOCK_CREATE, Block: custom_move, Workspace: Left, Date: 10/13/2021, 4:00:26 PM
<Prototype Log> Event: BLOCK_MOVE, Block: custom_move, Workspace: Left, Date: 10/13/2021, 4:00:27 PM
<Prototype Log> Event: BLOCK_CHANGE, Block: custom_move, Workspace: Left, Date: 10/13/2021, 4:00:28 PM
<Prototype Log> Event: BLOCK_CHANGE, Block: custom_move, Workspace: Left, Date: 10/13/2021, 4:00:30 PM
<Prototype Log> Event: BLOCK_CREATE, Block: custom_move, Workspace: Left, Date: 10/13/2021, 4:00:35 PM
<Prototype Log> Event: BLOCK_MOVE, Workspace: Left, Date: 10/13/2021, 4:00:35 PM
<Prototype Log> Event: BLOCK_DELETE, Workspace: Left, Date: 10/13/2021, 4:00:35 PM
<Prototype Log> Event: BLOCK_CREATE, Block: custom_move, Workspace: Right, Date: 10/13/2021, 4:00:35 PM
<Prototype Log> Event: BLOCK_MOVE, Block: custom_move, Workspace: Right, Date: 10/13/2021, 4:00:36 PM
<Prototype Log> Event: BLOCK_CHANGE, Block: custom_move, Workspace: Right, Date: 10/13/2021, 4:00:39 PM
<Prototype Log> Event: BLOCK_CHANGE, Block: custom_move, Workspace: Right, Date: 10/13/2021, 4:00:45 PM
<Prototype Log> Event: BLOCK_CHANGE, Block: custom_move, Workspace: Right, Date: 10/13/2021, 4:00:51 PM
<Prototype Log> Event: BLOCK_CHANGE, Block: custom_move, Workspace: Right, Date: 10/13/2021, 4:00:53 PM
<Prototype Log> Event: CLICK_SAVE_WORKSPACE_BUTTON, Date: 10/13/2021, 4:01:03 PM
<Prototype Log> Event: CLICK_SAVE_WORKSPACE_BUTTON, Date: 10/13/2021, 4:01:21 PM
<Prototype Log> Event: CLICK_HOME_BUTTON, Date: 10/13/2021, 4:01:23 PM
<Prototype Log> Event: CLICK_START_BUTTON, Date: 10/13/2021, 4:01:35 PM
<Prototype Log> Event: CLICK_START_BUTTON, Date: 10/13/2021, 4:01:53 PM
<Prototype Log> Event: CLICK_HOME_BUTTON, Date: 10/13/2021, 4:02:25 PM
<Prototype Log> Event: CLICK_SAVE_WORKSPACE_BUTTON, Date: 10/13/2021, 4:02:46 PM
<Prototype Log> Event: CLICK_SAVE_WORKSPACE_BUTTON, Date: 10/13/2021, 4:03:01 PM
<Prototype Log> Event: CLICK_SAVE_WORKSPACE_BUTTON, Date: 10/13/2021, 4:03:24 PM
<Prototype Log> Event: CLICK_HOME_BUTTON, Date: 10/13/2021, 4:03:32 PM
<Prototype Log> Event: CLICK_START_BUTTON, Date: 10/13/2021, 4:03:38 PM
<Prototype Log> Event: BLOCK_CREATE, Block: custom_move, Workspace: Left, Date: 10/13/2021, 4:03:59 PM
<Prototype Log> Event: BLOCK_MOVE, Workspace: Left, Date: 10/13/2021, 4:04:00 PM
<Prototype Log> Event: BLOCK_DELETE, Workspace: Left, Date: 10/13/2021, 4:04:00 PM
<Prototype Log> Event: BLOCK_CREATE, Block: custom_move, Workspace: Right, Date: 10/13/2021, 4:04:00 PM
<Prototype Log> Event: BLOCK_MOVE, Block: custom_move, Workspace: Right, Date: 10/13/2021, 4:04:00 PM
<Prototype Log> Event: BLOCK_CHANGE, Block: custom_move, Workspace: Right, Date: 10/13/2021, 4:04:03 PM
<Prototype Log> Event: CLICK_SAVE_WORKSPACE_BUTTON, Date: 10/13/2021, 4:04:05 PM
<Prototype Log> Event: BLOCK_CREATE, Block: custom_move, Workspace: Left, Date: 10/13/2021, 4:04:11 PM
<Prototype Log> Event: BLOCK_MOVE, Block: custom_move, Workspace: Left, Date: 10/13/2021, 4:04:12 PM
<Prototype Log> Event: BLOCK_CHANGE, Block: custom_move, Workspace: Left, Date: 10/13/2021, 4:04:13 PM
<Prototype Log> Event: BLOCK_CHANGE, Block: custom_move, Workspace: Left, Date: 10/13/2021, 4:04:18 PM
<Prototype Log> Event: CLICK_SAVE_WORKSPACE_BUTTON, Date: 10/13/2021, 4:04:26 PM
<Prototype Log> Event: BLOCK_CREATE, Block: custom_close, Workspace: Left, Date: 10/13/2021, 4:04:30 PM
<Prototype Log> Event: BLOCK_MOVE, Workspace: Left, Date: 10/13/2021, 4:04:30 PM
<Prototype Log> Event: BLOCK_DELETE, Workspace: Left, Date: 10/13/2021, 4:04:30 PM
<Prototype Log> Event: BLOCK_CREATE, Block: custom_close, Workspace: Right, Date: 10/13/2021, 4:04:30 PM
<Prototype Log> Event: BLOCK_DELETE, Workspace: Right, Date: 10/13/2021, 4:04:31 PM
<Prototype Log> Event: BLOCK_CREATE, Block: custom_close, Workspace: Left, Date: 10/13/2021, 4:04:31 PM
<Prototype Log> Event: BLOCK_DELETE, Workspace: Left, Date: 10/13/2021, 4:04:32 PM
<Prototype Log> Event: BLOCK_CREATE, Block: custom_close, Workspace: Right, Date: 10/13/2021, 4:04:32 PM
<Prototype Log> Event: BLOCK_MOVE, Workspace: Right, Date: 10/13/2021, 4:04:33 PM
<Prototype Log> Event: BLOCK_DELETE, Workspace: Right, Date: 10/13/2021, 4:04:33 PM
<Prototype Log> Event: BLOCK_CREATE, Block: custom_open, Workspace: Left, Date: 10/13/2021, 4:04:35 PM
<Prototype Log> Event: BLOCK_MOVE, Workspace: Left, Date: 10/13/2021, 4:04:35 PM
<Prototype Log> Event: BLOCK_DELETE, Workspace: Left, Date: 10/13/2021, 4:04:35 PM
<Prototype Log> Event: BLOCK_CREATE, Block: custom_open, Workspace: Right, Date: 10/13/2021, 4:04:35 PM
<Prototype Log> Event: BLOCK_MOVE, Block: custom_open, Workspace: Right, Date: 10/13/2021, 4:04:36 PM
<Prototype Log> Event: BLOCK_MOVE, Block: custom_open, Workspace: Right, Date: 10/13/2021, 4:04:40 PM
<Prototype Log> Event: BLOCK_MOVE, Workspace: Right, Date: 10/13/2021, 4:04:41 PM
<Prototype Log> Event: BLOCK_DELETE, Workspace: Right, Date: 10/13/2021, 4:04:41 PM
<Prototype Log> Event: BLOCK_CREATE, Block: custom_move, Workspace: Left, Date: 10/13/2021, 4:04:43 PM
<Prototype Log> Event: BLOCK_MOVE, Workspace: Left, Date: 10/13/2021, 4:04:43 PM
<Prototype Log> Event: BLOCK_DELETE, Workspace: Left, Date: 10/13/2021, 4:04:43 PM
<Prototype Log> Event: BLOCK_CREATE, Block: custom_move, Workspace: Right, Date: 10/13/2021, 4:04:43 PM
<Prototype Log> Event: BLOCK_MOVE, Block: custom_move, Workspace: Right, Date: 10/13/2021, 4:04:44 PM
<Prototype Log> Event: BLOCK_MOVE, Block: custom_move, Workspace: Right, Date: 10/13/2021, 4:04:46 PM
<Prototype Log> Event: BLOCK_CHANGE, Block: custom_move, Workspace: Right, Date: 10/13/2021, 4:04:47 PM
<Prototype Log> Event: BLOCK_CHANGE, Block: custom_move, Workspace: Right, Date: 10/13/2021, 4:04:49 PM
<Prototype Log> Event: CLICK_SAVE_WORKSPACE_BUTTON, Date: 10/13/2021, 4:05:07 PM
<Prototype Log> Event: BLOCK_CREATE, Block: custom_open, Workspace: Left, Date: 10/13/2021, 4:05:09 PM
<Prototype Log> Event: BLOCK_MOVE, Workspace: Left, Date: 10/13/2021, 4:05:10 PM
<Prototype Log> Event: BLOCK_DELETE, Workspace: Left, Date: 10/13/2021, 4:05:10 PM
<Prototype Log> Event: BLOCK_CREATE, Block: custom_open, Workspace: Right, Date: 10/13/2021, 4:05:10 PM
<Prototype Log> Event: BLOCK_MOVE, Block: custom_open, Workspace: Right, Date: 10/13/2021, 4:05:11 PM
<Prototype Log> Event: CLICK_HOME_BUTTON, Date: 10/13/2021, 4:05:28 PM
<Prototype Log> Event: CLICK_START_BUTTON, Date: 10/13/2021, 4:05:38 PM
<Prototype Log> Event: BLOCK_CREATE, Block: custom_move, Workspace: Left, Date: 10/13/2021, 4:05:56 PM
<Prototype Log> Event: BLOCK_MOVE, Workspace: Left, Date: 10/13/2021, 4:05:56 PM
<Prototype Log> Event: BLOCK_DELETE, Workspace: Left, Date: 10/13/2021, 4:05:56 PM
<Prototype Log> Event: BLOCK_CREATE, Block: custom_move, Workspace: Right, Date: 10/13/2021, 4:05:56 PM
<Prototype Log> Event: BLOCK_MOVE, Block: custom_move, Workspace: Right, Date: 10/13/2021, 4:05:57 PM
<Prototype Log> Event: VAR_RENAME, Old Name: <somewhere>, New Name: Rp6, Workspace: Right, Date: 10/13/2021, 4:06:04 PM
<Prototype Log> Event: CLICK_SAVE_WORKSPACE_BUTTON, Date: 10/13/2021, 4:06:10 PM
<Prototype Log> Event: BLOCK_CREATE, Block: custom_move, Workspace: Left, Date: 10/13/2021, 4:06:14 PM
<Prototype Log> Event: BLOCK_MOVE, Block: custom_move, Workspace: Left, Date: 10/13/2021, 4:06:15 PM
<Prototype Log> Event: VAR_RENAME, Old Name: <somewhere>, New Name: Lp6, Workspace: Left, Date: 10/13/2021, 4:06:27 PM
<Prototype Log> Event: CLICK_SAVE_WORKSPACE_BUTTON, Date: 10/13/2021, 4:06:31 PM
<Prototype Log> Event: BLOCK_CHANGE, Block: custom_move, Workspace: Left, Date: 10/13/2021, 4:06:34 PM
<Prototype Log> Event: CLICK_SAVE_WORKSPACE_BUTTON, Date: 10/13/2021, 4:06:53 PM
<Prototype Log> Event: CLICK_SAVE_WORKSPACE_BUTTON, Date: 10/13/2021, 4:06:53 PM
<Prototype Log> Event: BLOCK_CREATE, Block: custom_close, Workspace: Left, Date: 10/13/2021, 4:06:59 PM
<Prototype Log> Event: BLOCK_MOVE, Workspace: Left, Date: 10/13/2021, 4:07:00 PM
<Prototype Log> Event: BLOCK_DELETE, Workspace: Left, Date: 10/13/2021, 4:07:00 PM
<Prototype Log> Event: BLOCK_CREATE, Block: custom_open, Workspace: Left, Date: 10/13/2021, 4:07:02 PM
<Prototype Log> Event: BLOCK_MOVE, Block: custom_open, Workspace: Left, Date: 10/13/2021, 4:07:03 PM
<Prototype Log> Event: BLOCK_CREATE, Block: custom_move, Workspace: Left, Date: 10/13/2021, 4:07:05 PM
<Prototype Log> Event: VAR_CREATE, Variable Name: <somewhere>, Workspace: Left, Date: 10/13/2021, 4:07:05 PM
<Prototype Log> Event: BLOCK_MOVE, Block: custom_move, Workspace: Left, Date: 10/13/2021, 4:07:06 PM
<Prototype Log> Event: BLOCK_CHANGE, Block: custom_move, Workspace: Left, Date: 10/13/2021, 4:07:07 PM
<Prototype Log> Event: CLICK_SAVE_WORKSPACE_BUTTON, Date: 10/13/2021, 4:07:18 PM
<Prototype Log> Event: CLICK_HOME_BUTTON, Date: 10/13/2021, 4:07:20 PM
<Prototype Log> Event: CLICK_START_BUTTON, Date: 10/13/2021, 4:07:31 PM
<Prototype Log> Event: BLOCK_CREATE, Block: custom_move, Workspace: Left, Date: 10/13/2021, 4:07:57 PM
<Prototype Log> Event: BLOCK_CREATE, Block: custom_follow, Workspace: Right, Date: 10/13/2021, 4:07:57 PM
<Prototype Log> Event: BLOCK_MOVE, Block: custom_follow, Workspace: Right, Date: 10/13/2021, 4:07:57 PM
<Prototype Log> Event: BLOCK_MOVE, Block: custom_follow, Workspace: Right, Date: 10/13/2021, 4:07:59 PM
<Prototype Log> Event: BLOCK_MOVE, Block: custom_move, Workspace: Left, Date: 10/13/2021, 4:07:59 PM
<Prototype Log> Event: BLOCK_CHANGE, Block: custom_move, Workspace: Left, Date: 10/13/2021, 4:08:09 PM
<Prototype Log> Event: VAR_RENAME, Old Name: <somewhere>, New Name: Lp7, Workspace: Left, Date: 10/13/2021, 4:08:14 PM
<Prototype Log> Event: CLICK_SAVE_WORKSPACE_BUTTON, Date: 10/13/2021, 4:08:15 PM
<Prototype Log> Event: BLOCK_CREATE, Block: custom_move, Workspace: Left, Date: 10/13/2021, 4:08:29 PM
<Prototype Log> Event: VAR_CREATE, Variable Name: <somewhere>, Workspace: Left, Date: 10/13/2021, 4:08:29 PM
<Prototype Log> Event: BLOCK_MOVE, Block: custom_move, Workspace: Left, Date: 10/13/2021, 4:08:35 PM
<Prototype Log> Event: VAR_RENAME, Old Name: <somewhere>, New Name: Lp8, Workspace: Left, Date: 10/13/2021, 4:08:40 PM
<Prototype Log> Event: CLICK_SAVE_WORKSPACE_BUTTON, Date: 10/13/2021, 4:08:40 PM
<Prototype Log> Event: BLOCK_CREATE, Block: custom_close, Workspace: Left, Date: 10/13/2021, 4:08:42 PM
<Prototype Log> Event: BLOCK_MOVE, Block: custom_close, Workspace: Left, Date: 10/13/2021, 4:08:43 PM
<Prototype Log> Event: CLICK_HOME_BUTTON, Date: 10/13/2021, 4:08:50 PM
<Prototype Log> Event: CLICK_START_BUTTON, Date: 10/13/2021, 4:09:01 PM
<Prototype Log> Event: CLICK_START_BUTTON, Date: 10/13/2021, 4:09:07 PM
<Prototype Log> Event: CLICK_HOME_BUTTON, Date: 10/13/2021, 4:09:10 PM
<Prototype Log> Event: CLICK_START_BUTTON, Date: 10/13/2021, 4:09:22 PM
<Prototype Log> Event: CLICK_HOME_BUTTON, Date: 10/13/2021, 4:10:10 PM
<Prototype Log> Event: BLOCK_MOVE, Block: custom_follow, Workspace: Right, Date: 10/13/2021, 4:10:26 PM
<Prototype Log> Event: BLOCK_MOVE, Block: custom_move, Workspace: Left, Date: 10/13/2021, 4:10:26 PM
<Prototype Log> Event: BLOCK_MOVE, Block: custom_move, Workspace: Left, Date: 10/13/2021, 4:10:28 PM
<Prototype Log> Event: BLOCK_MOVE, Block: custom_follow, Workspace: Right, Date: 10/13/2021, 4:10:28 PM
<Prototype Log> Event: BLOCK_MOVE, Block: custom_move, Workspace: Left, Date: 10/13/2021, 4:10:39 PM
<Prototype Log> Event: BLOCK_MOVE, Block: custom_follow, Workspace: Right, Date: 10/13/2021, 4:10:39 PM
<Prototype Log> Event: BLOCK_MOVE, Block: custom_follow, Workspace: Right, Date: 10/13/2021, 4:10:41 PM
<Prototype Log> Event: BLOCK_MOVE, Block: custom_move, Workspace: Left, Date: 10/13/2021, 4:10:41 PM
<Prototype Log> Event: BLOCK_MOVE, Block: custom_move, Workspace: Left, Date: 10/13/2021, 4:10:43 PM
<Prototype Log> Event: BLOCK_MOVE, Workspace: Right, Date: 10/13/2021, 4:10:43 PM
<Prototype Log> Event: BLOCK_DELETE, Workspace: Right, Date: 10/13/2021, 4:10:43 PM
<Prototype Log> Event: BLOCK_MOVE, Block: custom_move, Workspace: Left, Date: 10/13/2021, 4:10:46 PM
<Prototype Log> Event: CLICK_START_BUTTON, Date: 10/13/2021, 4:10:49 PM
<Prototype Log> Event: BLOCK_CREATE, Block: custom_move, Workspace: Left, Date: 10/13/2021, 4:11:13 PM
<Prototype Log> Event: VAR_CREATE, Variable Name: <somewhere>, Workspace: Left, Date: 10/13/2021, 4:11:13 PM
<Prototype Log> Event: BLOCK_MOVE, Workspace: Left, Date: 10/13/2021, 4:11:13 PM
<Prototype Log> Event: BLOCK_DELETE, Workspace: Left, Date: 10/13/2021, 4:11:13 PM
<Prototype Log> Event: BLOCK_CREATE, Block: custom_move, Workspace: Right, Date: 10/13/2021, 4:11:13 PM
<Prototype Log> Event: BLOCK_MOVE, Block: custom_move, Workspace: Right, Date: 10/13/2021, 4:11:14 PM
<Prototype Log> Event: BLOCK_MOVE, Block: custom_move, Workspace: Right, Date: 10/13/2021, 4:11:15 PM
<Prototype Log> Event: VAR_RENAME, Old Name: <somewhere>, New Name: Rp7, Workspace: Right, Date: 10/13/2021, 4:11:20 PM
<Prototype Log> Event: CLICK_SAVE_WORKSPACE_BUTTON, Date: 10/13/2021, 4:11:33 PM
<Prototype Log> Event: BLOCK_CREATE, Block: custom_move, Workspace: Left, Date: 10/13/2021, 4:11:34 PM
<Prototype Log> Event: BLOCK_MOVE, Workspace: Left, Date: 10/13/2021, 4:11:35 PM
<Prototype Log> Event: BLOCK_DELETE, Workspace: Left, Date: 10/13/2021, 4:11:35 PM
<Prototype Log> Event: BLOCK_CREATE, Block: custom_move, Workspace: Right, Date: 10/13/2021, 4:11:35 PM
<Prototype Log> Event: BLOCK_MOVE, Block: custom_move, Workspace: Right, Date: 10/13/2021, 4:11:36 PM
<Prototype Log> Event: VAR_RENAME, Old Name: <somewhere>, New Name: Rp8, Workspace: Right, Date: 10/13/2021, 4:11:41 PM
<Prototype Log> Event: CLICK_SAVE_WORKSPACE_BUTTON, Date: 10/13/2021, 4:12:00 PM
<Prototype Log> Event: BLOCK_CREATE, Block: custom_close, Workspace: Left, Date: 10/13/2021, 4:12:02 PM
<Prototype Log> Event: BLOCK_MOVE, Workspace: Left, Date: 10/13/2021, 4:12:02 PM
<Prototype Log> Event: BLOCK_DELETE, Workspace: Left, Date: 10/13/2021, 4:12:02 PM
<Prototype Log> Event: BLOCK_CREATE, Block: custom_close, Workspace: Right, Date: 10/13/2021, 4:12:02 PM
<Prototype Log> Event: BLOCK_MOVE, Block: custom_close, Workspace: Right, Date: 10/13/2021, 4:12:03 PM
<Prototype Log> Event: CLICK_START_BUTTON, Date: 10/13/2021, 4:12:31 PM
<Prototype Log> Event: CLICK_START_BUTTON, Date: 10/13/2021, 4:12:37 PM
<Prototype Log> Event: CLICK_HOME_BUTTON, Date: 10/13/2021, 4:12:39 PM
<Prototype Log> Event: CLICK_START_BUTTON, Date: 10/13/2021, 4:12:49 PM
<Prototype Log> Event: CLICK_HOME_BUTTON, Date: 10/13/2021, 4:12:51 PM
<Prototype Log> Event: CLICK_START_BUTTON, Date: 10/13/2021, 4:13:03 PM
<Prototype Log> Event: CLICK_HOME_BUTTON, Date: 10/13/2021, 4:13:24 PM
<Prototype Log> Event: CLICK_START_BUTTON, Date: 10/13/2021, 4:13:44 PM
<Prototype Log> Event: CLICK_START_BUTTON, Date: 10/13/2021, 4:13:47 PM
<Prototype Log> Event: CLICK_HOME_BUTTON, Date: 10/13/2021, 4:13:48 PM
<Prototype Log> Event: CLICK_HOME_BUTTON, Date: 10/13/2021, 4:13:53 PM
<Prototype Log> Event: CLICK_START_BUTTON, Date: 10/13/2021, 4:14:02 PM
<Prototype Log> Event: CLICK_HOME_BUTTON, Date: 10/13/2021, 4:14:05 PM
<Prototype Log> Event: CLICK_START_BUTTON, Date: 10/13/2021, 4:14:17 PM
<Prototype Log> Event: CLICK_HOME_BUTTON, Date: 10/13/2021, 4:14:38 PM
<Prototype Log> Event: CLICK_SAVE_WORKSPACE_BUTTON, Date: 10/13/2021, 4:15:39 PM
<Prototype Log> Event: CLICK_SAVE_WORKSPACE_BUTTON, Date: 10/13/2021, 4:15:51 PM
<Prototype Log> Event: CLICK_HOME_BUTTON, Date: 10/13/2021, 4:15:56 PM
<Prototype Log> Event: CLICK_START_BUTTON, Date: 10/13/2021, 4:16:06 PM
<Prototype Log> Event: BLOCK_CREATE, Block: custom_wait, Workspace: Left, Date: 10/13/2021, 4:16:28 PM
<Prototype Log> Event: BLOCK_CREATE, Block: custom_wait, Workspace: Right, Date: 10/13/2021, 4:16:28 PM
<Prototype Log> Event: BLOCK_MOVE, Block: custom_wait, Workspace: Right, Date: 10/13/2021, 4:16:28 PM
<Prototype Log> Event: BLOCK_MOVE, Block: custom_wait, Workspace: Right, Date: 10/13/2021, 4:16:29 PM
<Prototype Log> Event: BLOCK_MOVE, Block: custom_wait, Workspace: Left, Date: 10/13/2021, 4:16:29 PM
<Prototype Log> Event: BLOCK_CREATE, Block: custom_move, Workspace: Left, Date: 10/13/2021, 4:16:31 PM
<Prototype Log> Event: BLOCK_MOVE, Workspace: Left, Date: 10/13/2021, 4:16:33 PM
<Prototype Log> Event: BLOCK_DELETE, Workspace: Left, Date: 10/13/2021, 4:16:33 PM
<Prototype Log> Event: BLOCK_CREATE, Block: custom_move, Workspace: Left, Date: 10/13/2021, 4:16:41 PM
<Prototype Log> Event: BLOCK_CREATE, Block: custom_follow, Workspace: Right, Date: 10/13/2021, 4:16:41 PM
<Prototype Log> Event: BLOCK_MOVE, Block: custom_follow, Workspace: Right, Date: 10/13/2021, 4:16:41 PM
<Prototype Log> Event: BLOCK_MOVE, Block: custom_follow, Workspace: Right, Date: 10/13/2021, 4:16:42 PM
<Prototype Log> Event: BLOCK_MOVE, Block: custom_move, Workspace: Left, Date: 10/13/2021, 4:16:42 PM
<Prototype Log> Event: VAR_RENAME, Old Name: <somewhere>, New Name: Bp9, Workspace: Left, Date: 10/13/2021, 4:16:54 PM
<Prototype Log> Event: CLICK_SAVE_WORKSPACE_BUTTON, Date: 10/13/2021, 4:17:15 PM
<Prototype Log> Event: CLICK_HOME_BUTTON, Date: 10/13/2021, 4:17:16 PM
<Prototype Log> Event: CLICK_START_BUTTON, Date: 10/13/2021, 4:17:26 PM
<Prototype Log> Event: CLICK_START_BUTTON, Date: 10/13/2021, 4:17:29 PM
<Prototype Log> Event: CLICK_HOME_BUTTON, Date: 10/13/2021, 4:17:32 PM
<Prototype Log> Event: CLICK_START_BUTTON, Date: 10/13/2021, 4:17:44 PM
<Prototype Log> Event: CLICK_SAVE_WORKSPACE_BUTTON, Date: 10/13/2021, 4:18:43 PM
<Prototype Log> Event: BLOCK_MOVE, Block: custom_move, Workspace: Left, Date: 10/13/2021, 4:18:46 PM
<Prototype Log> Event: BLOCK_MOVE, Block: custom_follow, Workspace: Right, Date: 10/13/2021, 4:18:46 PM
<Prototype Log> Event: BLOCK_MOVE, Block: custom_follow, Workspace: Right, Date: 10/13/2021, 4:18:49 PM
<Prototype Log> Event: BLOCK_MOVE, Block: custom_move, Workspace: Left, Date: 10/13/2021, 4:18:49 PM
<Prototype Log> Event: BLOCK_MOVE, Workspace: Right, Date: 10/13/2021, 4:18:51 PM
<Prototype Log> Event: BLOCK_DELETE, Workspace: Right, Date: 10/13/2021, 4:18:51 PM
<Prototype Log> Event: BLOCK_MOVE, Block: custom_move, Workspace: Left, Date: 10/13/2021, 4:18:51 PM
<Prototype Log> Event: BLOCK_CREATE, Block: custom_move, Workspace: Right, Date: 10/13/2021, 4:18:57 PM
<Prototype Log> Event: VAR_CREATE, Variable Name: <somewhere>, Workspace: Right, Date: 10/13/2021, 4:18:57 PM
<Prototype Log> Event: BLOCK_MOVE, Block: custom_move, Workspace: Right, Date: 10/13/2021, 4:19:02 PM
<Prototype Log> Event: BLOCK_MOVE, Block: custom_move, Workspace: Right, Date: 10/13/2021, 4:19:02 PM
<Prototype Log> Event: BLOCK_MOVE, Workspace: Right, Date: 10/13/2021, 4:19:03 PM
<Prototype Log> Event: BLOCK_DELETE, Workspace: Right, Date: 10/13/2021, 4:19:03 PM
<Prototype Log> Event: CLICK_HOME_BUTTON, Date: 10/13/2021, 4:19:06 PM
<Prototype Log> Event: CLICK_START_BUTTON, Date: 10/13/2021, 4:19:19 PM
<Prototype Log> Event: BLOCK_CREATE, Block: custom_move, Workspace: Left, Date: 10/13/2021, 4:19:44 PM
<Prototype Log> Event: VAR_CREATE, Variable Name: <somewhere>, Workspace: Left, Date: 10/13/2021, 4:19:44 PM
<Prototype Log> Event: BLOCK_MOVE, Block: custom_move, Workspace: Left, Date: 10/13/2021, 4:19:47 PM
<Prototype Log> Event: BLOCK_MOVE, Block: custom_move, Workspace: Left, Date: 10/13/2021, 4:21:28 PM
<Prototype Log> Event: BLOCK_MOVE, Block: custom_move, Workspace: Left, Date: 10/13/2021, 4:21:30 PM
<Prototype Log> Event: CLICK_HOME_BUTTON, Date: 10/13/2021, 4:21:54 PM
<Prototype Log> Event: BLOCK_MOVE, Block: custom_move, Workspace: Left, Date: 10/13/2021, 4:22:09 PM
<Prototype Log> Event: BLOCK_MOVE, Workspace: Left, Date: 10/13/2021, 4:22:10 PM
<Prototype Log> Event: BLOCK_DELETE, Workspace: Left, Date: 10/13/2021, 4:22:10 PM
<Prototype Log> Event: BLOCK_CREATE, Block: custom_move, Workspace: Right, Date: 10/13/2021, 4:22:10 PM
<Prototype Log> Event: BLOCK_MOVE, Workspace: Right, Date: 10/13/2021, 4:22:11 PM
<Prototype Log> Event: BLOCK_DELETE, Workspace: Right, Date: 10/13/2021, 4:22:11 PM
<Prototype Log> Event: CLICK_START_BUTTON, Date: 10/13/2021, 4:22:11 PM
<Prototype Log> Event: CLICK_START_BUTTON, Date: 10/13/2021, 4:22:12 PM
<Prototype Log> Event: BLOCK_CREATE, Block: custom_move, Workspace: Left, Date: 10/13/2021, 4:23:15 PM
<Prototype Log> Event: BLOCK_MOVE, Workspace: Left, Date: 10/13/2021, 4:23:18 PM
<Prototype Log> Event: BLOCK_DELETE, Workspace: Left, Date: 10/13/2021, 4:23:18 PM
<Prototype Log> Event: BLOCK_CREATE, Block: custom_move, Workspace: Right, Date: 10/13/2021, 4:23:18 PM
<Prototype Log> Event: BLOCK_MOVE, Workspace: Right, Date: 10/13/2021, 4:23:19 PM
<Prototype Log> Event: BLOCK_DELETE, Workspace: Right, Date: 10/13/2021, 4:23:19 PM
<Prototype Log> Event: BLOCK_CREATE, Block: custom_wait, Workspace: Left, Date: 10/13/2021, 4:23:21 PM
<Prototype Log> Event: BLOCK_CREATE, Block: custom_wait, Workspace: Right, Date: 10/13/2021, 4:23:21 PM
<Prototype Log> Event: BLOCK_MOVE, Block: custom_wait, Workspace: Right, Date: 10/13/2021, 4:23:21 PM
<Prototype Log> Event: BLOCK_MOVE, Block: custom_wait, Workspace: Right, Date: 10/13/2021, 4:23:23 PM
<Prototype Log> Event: BLOCK_MOVE, Block: custom_wait, Workspace: Left, Date: 10/13/2021, 4:23:23 PM
<Prototype Log> Event: BLOCK_MOVE, Block: custom_wait, Workspace: Left, Date: 10/13/2021, 4:23:26 PM
<Prototype Log> Event: BLOCK_MOVE, Block: custom_wait, Workspace: Right, Date: 10/13/2021, 4:23:26 PM
<Prototype Log> Event: BLOCK_MOVE, Workspace: Right, Date: 10/13/2021, 4:23:27 PM
<Prototype Log> Event: BLOCK_DELETE, Workspace: Right, Date: 10/13/2021, 4:23:27 PM
<Prototype Log> Event: BLOCK_MOVE, Block: custom_wait, Workspace: Left, Date: 10/13/2021, 4:23:27 PM
<Prototype Log> Event: BLOCK_CREATE, Block: custom_move, Workspace: Left, Date: 10/13/2021, 4:23:32 PM
<Prototype Log> Event: BLOCK_CREATE, Block: custom_follow, Workspace: Right, Date: 10/13/2021, 4:23:32 PM
<Prototype Log> Event: BLOCK_MOVE, Block: custom_follow, Workspace: Right, Date: 10/13/2021, 4:23:32 PM
<Prototype Log> Event: BLOCK_MOVE, Block: custom_follow, Workspace: Right, Date: 10/13/2021, 4:23:33 PM
<Prototype Log> Event: BLOCK_MOVE, Block: custom_move, Workspace: Left, Date: 10/13/2021, 4:23:33 PM
<Prototype Log> Event: BLOCK_CHANGE, Block: custom_move, Workspace: Left, Date: 10/13/2021, 4:23:38 PM
<Prototype Log> Event: CLICK_HOME_BUTTON, Date: 10/13/2021, 4:23:50 PM
<Prototype Log> Event: CLICK_START_BUTTON, Date: 10/13/2021, 4:24:03 PM
<Prototype Log> Event: CLICK_START_BUTTON, Date: 10/13/2021, 4:24:35 PM
<Prototype Log> Event: CLICK_HOME_BUTTON, Date: 10/13/2021, 4:24:37 PM
<Prototype Log> Event: CLICK_SAVE_WORKSPACE_BUTTON, Date: 10/13/2021, 4:25:20 PM
<Prototype Log> Event: CLICK_SAVE_WORKSPACE_BUTTON, Date: 10/13/2021, 4:25:23 PM
<Prototype Log> Event: BLOCK_MOVE, Block: custom_move, Workspace: Left, Date: 10/13/2021, 4:25:27 PM
<Prototype Log> Event: BLOCK_MOVE, Block: custom_follow, Workspace: Right, Date: 10/13/2021, 4:25:27 PM
<Prototype Log> Event: BLOCK_MOVE, Workspace: Right, Date: 10/13/2021, 4:25:29 PM
<Prototype Log> Event: BLOCK_DELETE, Workspace: Right, Date: 10/13/2021, 4:25:29 PM
<Prototype Log> Event: BLOCK_MOVE, Block: custom_move, Workspace: Left, Date: 10/13/2021, 4:25:29 PM
<Prototype Log> Event: CLICK_START_BUTTON, Date: 10/13/2021, 4:25:32 PM
<Prototype Log> Event: BLOCK_CREATE, Block: custom_move, Workspace: Left, Date: 10/13/2021, 4:26:05 PM
<Prototype Log> Event: BLOCK_CREATE, Block: custom_follow, Workspace: Right, Date: 10/13/2021, 4:26:05 PM
<Prototype Log> Event: BLOCK_MOVE, Block: custom_follow, Workspace: Right, Date: 10/13/2021, 4:26:05 PM
<Prototype Log> Event: BLOCK_MOVE, Block: custom_follow, Workspace: Right, Date: 10/13/2021, 4:26:07 PM
<Prototype Log> Event: BLOCK_MOVE, Block: custom_move, Workspace: Left, Date: 10/13/2021, 4:26:07 PM
<Prototype Log> Event: BLOCK_CHANGE, Block: custom_move, Workspace: Left, Date: 10/13/2021, 4:26:10 PM
<Prototype Log> Event: CLICK_SAVE_WORKSPACE_BUTTON, Date: 10/13/2021, 4:26:13 PM
<Prototype Log> Event: CLICK_HOME_BUTTON, Date: 10/13/2021, 4:26:18 PM
<Prototype Log> Event: CLICK_START_BUTTON, Date: 10/13/2021, 4:26:28 PM
<Prototype Log> Event: BLOCK_CREATE, Block: custom_move, Workspace: Left, Date: 10/13/2021, 4:26:52 PM
<Prototype Log> Event: BLOCK_CREATE, Block: custom_follow, Workspace: Right, Date: 10/13/2021, 4:26:52 PM
<Prototype Log> Event: BLOCK_MOVE, Block: custom_follow, Workspace: Right, Date: 10/13/2021, 4:26:52 PM
<Prototype Log> Event: BLOCK_MOVE, Block: custom_follow, Workspace: Right, Date: 10/13/2021, 4:26:53 PM
<Prototype Log> Event: BLOCK_MOVE, Block: custom_move, Workspace: Left, Date: 10/13/2021, 4:26:53 PM
<Prototype Log> Event: VAR_RENAME, Old Name: <somewhere>, New Name: Bp10, Workspace: Left, Date: 10/13/2021, 4:27:13 PM
<Prototype Log> Event: CLICK_SAVE_WORKSPACE_BUTTON, Date: 10/13/2021, 4:27:15 PM
<Prototype Log> Event: BLOCK_CREATE, Block: custom_move, Workspace: Left, Date: 10/13/2021, 4:27:25 PM
<Prototype Log> Event: VAR_CREATE, Variable Name: <somewhere>, Workspace: Left, Date: 10/13/2021, 4:27:25 PM
<Prototype Log> Event: BLOCK_CREATE, Block: custom_follow, Workspace: Right, Date: 10/13/2021, 4:27:25 PM
<Prototype Log> Event: BLOCK_MOVE, Block: custom_follow, Workspace: Right, Date: 10/13/2021, 4:27:25 PM
<Prototype Log> Event: BLOCK_MOVE, Block: custom_follow, Workspace: Right, Date: 10/13/2021, 4:27:26 PM
<Prototype Log> Event: BLOCK_MOVE, Block: custom_move, Workspace: Left, Date: 10/13/2021, 4:27:26 PM
<Prototype Log> Event: VAR_RENAME, Old Name: <somewhere>, New Name: Bp11, Workspace: Left, Date: 10/13/2021, 4:27:36 PM
<Prototype Log> Event: CLICK_SAVE_WORKSPACE_BUTTON, Date: 10/13/2021, 4:27:37 PM
<Prototype Log> Event: VAR_RENAME, Old Name: Bp9, New Name: Bp1, Workspace: Left, Date: 10/13/2021, 4:27:44 PM
<Prototype Log> Event: VAR_RENAME, Old Name: Bp10, New Name: Bp2, Workspace: Left, Date: 10/13/2021, 4:27:50 PM
<Prototype Log> Event: VAR_RENAME, Old Name: Bp11, New Name: Bp3, Workspace: Left, Date: 10/13/2021, 4:27:55 PM
<Prototype Log> Event: BLOCK_CREATE, Block: custom_open, Workspace: Left, Date: 10/13/2021, 4:27:59 PM
<Prototype Log> Event: BLOCK_MOVE, Block: custom_open, Workspace: Left, Date: 10/13/2021, 4:28:01 PM
<Prototype Log> Event: BLOCK_CREATE, Block: custom_open, Workspace: Left, Date: 10/13/2021, 4:28:04 PM
<Prototype Log> Event: BLOCK_MOVE, Workspace: Left, Date: 10/13/2021, 4:28:04 PM
<Prototype Log> Event: BLOCK_DELETE, Workspace: Left, Date: 10/13/2021, 4:28:04 PM
<Prototype Log> Event: BLOCK_CREATE, Block: custom_open, Workspace: Right, Date: 10/13/2021, 4:28:04 PM
<Prototype Log> Event: BLOCK_MOVE, Block: custom_open, Workspace: Right, Date: 10/13/2021, 4:28:06 PM
<Prototype Log> Event: CLICK_HOME_BUTTON, Date: 10/13/2021, 4:28:13 PM
<Prototype Log> Event: CLICK_START_BUTTON, Date: 10/13/2021, 4:28:28 PM
<Prototype Log> Event: BLOCK_CREATE, Block: custom_move, Workspace: Left, Date: 10/13/2021, 4:28:55 PM
<Prototype Log> Event: VAR_CREATE, Variable Name: <somewhere>, Workspace: Left, Date: 10/13/2021, 4:28:55 PM
<Prototype Log> Event: BLOCK_CREATE, Block: custom_follow, Workspace: Right, Date: 10/13/2021, 4:28:55 PM
<Prototype Log> Event: BLOCK_MOVE, Block: custom_follow, Workspace: Right, Date: 10/13/2021, 4:28:55 PM
<Prototype Log> Event: BLOCK_MOVE, Block: custom_follow, Workspace: Right, Date: 10/13/2021, 4:28:57 PM
<Prototype Log> Event: BLOCK_MOVE, Block: custom_move, Workspace: Left, Date: 10/13/2021, 4:28:57 PM
<Prototype Log> Event: VAR_RENAME, Old Name: <somewhere>, New Name: Bp4, Workspace: Left, Date: 10/13/2021, 4:29:05 PM
<Prototype Log> Event: CLICK_SAVE_WORKSPACE_BUTTON, Date: 10/13/2021, 4:29:22 PM
<Prototype Log> Event: CLICK_HOME_BUTTON, Date: 10/13/2021, 4:29:24 PM
<Prototype Log> Event: CLICK_START_BUTTON, Date: 10/13/2021, 4:29:33 PM
<Prototype Log> Event: BLOCK_MOVE, Block: custom_follow, Workspace: Right, Date: 10/13/2021, 4:30:02 PM
<Prototype Log> Event: BLOCK_MOVE, Block: custom_move, Workspace: Left, Date: 10/13/2021, 4:30:02 PM
<Prototype Log> Event: BLOCK_MOVE, Block: custom_move, Workspace: Left, Date: 10/13/2021, 4:30:04 PM
<Prototype Log> Event: BLOCK_MOVE, Workspace: Right, Date: 10/13/2021, 4:30:04 PM
<Prototype Log> Event: BLOCK_DELETE, Workspace: Right, Date: 10/13/2021, 4:30:04 PM
<Prototype Log> Event: BLOCK_MOVE, Block: custom_move, Workspace: Left, Date: 10/13/2021, 4:30:06 PM
<Prototype Log> Event: CLICK_SAVE_WORKSPACE_BUTTON, Date: 10/13/2021, 4:30:49 PM