<Prototype Log> Event: BLOCK_CREATE, Block: custom_start, Workspace: Left, Date: 10/27/2021, 10:13:04 AM
<Prototype Log> Event: BLOCK_MOVE, Block: custom_start, Workspace: Left, Date: 10/27/2021, 10:13:04 AM
<Prototype Log> Event: BLOCK_CREATE, Block: custom_start, Workspace: Right, Date: 10/27/2021, 10:13:04 AM
<Prototype Log> Event: BLOCK_MOVE, Block: custom_start, Workspace: Right, Date: 10/27/2021, 10:13:04 AM
<Prototype Log> Event: VAR_CREATE, Variable Name: Home Position, Workspace: Left, Date: 10/27/2021, 10:13:04 AM
<Prototype Log> Event: VAR_CREATE, Variable Name: Home Position, Workspace: Right, Date: 10/27/2021, 10:13:04 AM
<Prototype Log> Event: CLICK_OPEN_WORKSPACE_BUTTON, Date: 10/27/2021, 10:13:05 AM
<Prototype Log> Event: BLOCK_DELETE, Block: custom_start, Workspace: Left, Date: 10/27/2021, 10:13:10 AM
<Prototype Log> Event: VAR_CREATE, Variable Name: TurnS, Workspace: Left, Date: 10/27/2021, 10:13:10 AM
<Prototype Log> Event: VAR_CREATE, Variable Name: BackS, Workspace: Left, Date: 10/27/2021, 10:13:10 AM
<Prototype Log> Event: VAR_CREATE, Variable Name: D_1, Workspace: Left, Date: 10/27/2021, 10:13:10 AM
<Prototype Log> Event: VAR_CREATE, Variable Name: Home Position, Workspace: Left, Date: 10/27/2021, 10:13:10 AM
<Prototype Log> Event: VAR_CREATE, Variable Name: DownS, Workspace: Left, Date: 10/27/2021, 10:13:10 AM
<Prototype Log> Event: VAR_CREATE, Variable Name: Left, Workspace: Left, Date: 10/27/2021, 10:13:10 AM
<Prototype Log> Event: VAR_CREATE, Variable Name: Down, Workspace: Left, Date: 10/27/2021, 10:13:10 AM
<Prototype Log> Event: VAR_CREATE, Variable Name: Turn, Workspace: Left, Date: 10/27/2021, 10:13:10 AM
<Prototype Log> Event: VAR_CREATE, Variable Name: UpS, Workspace: Left, Date: 10/27/2021, 10:13:10 AM
<Prototype Log> Event: VAR_CREATE, Variable Name: Back, Workspace: Left, Date: 10/27/2021, 10:13:10 AM
<Prototype Log> Event: VAR_CREATE, Variable Name: RightS, Workspace: Left, Date: 10/27/2021, 10:13:10 AM
<Prototype Log> Event: VAR_CREATE, Variable Name: Side, Workspace: Left, Date: 10/27/2021, 10:13:10 AM
<Prototype Log> Event: VAR_CREATE, Variable Name: Down2, Workspace: Left, Date: 10/27/2021, 10:13:10 AM
<Prototype Log> Event: VAR_CREATE, Variable Name: Up, Workspace: Left, Date: 10/27/2021, 10:13:10 AM
<Prototype Log> Event: VAR_CREATE, Variable Name: Right, Workspace: Left, Date: 10/27/2021, 10:13:10 AM
<Prototype Log> Event: VAR_CREATE, Variable Name: Up2, Workspace: Left, Date: 10/27/2021, 10:13:10 AM
<Prototype Log> Event: VAR_CREATE, Variable Name: Right2, Workspace: Left, Date: 10/27/2021, 10:13:10 AM
<Prototype Log> Event: VAR_CREATE, Variable Name: <somewhere>, Workspace: Left, Date: 10/27/2021, 10:13:10 AM
<Prototype Log> Event: BLOCK_CREATE, Block: custom_start, Workspace: Left, Date: 10/27/2021, 10:13:10 AM
<Prototype Log> Event: BLOCK_MOVE, Block: custom_start, Workspace: Left, Date: 10/27/2021, 10:13:10 AM
<Prototype Log> Event: BLOCK_CREATE, Block: custom_move, Workspace: Left, Date: 10/27/2021, 10:13:10 AM
<Prototype Log> Event: BLOCK_MOVE, Block: custom_move, Workspace: Left, Date: 10/27/2021, 10:13:10 AM
<Prototype Log> Event: BLOCK_CREATE, Block: custom_open, Workspace: Left, Date: 10/27/2021, 10:13:10 AM
<Prototype Log> Event: BLOCK_MOVE, Block: custom_open, Workspace: Left, Date: 10/27/2021, 10:13:10 AM
<Prototype Log> Event: BLOCK_CREATE, Block: custom_move, Workspace: Left, Date: 10/27/2021, 10:13:10 AM
<Prototype Log> Event: BLOCK_MOVE, Block: custom_move, Workspace: Left, Date: 10/27/2021, 10:13:10 AM
<Prototype Log> Event: BLOCK_CREATE, Block: custom_wait, Workspace: Left, Date: 10/27/2021, 10:13:10 AM
<Prototype Log> Event: BLOCK_MOVE, Block: custom_wait, Workspace: Left, Date: 10/27/2021, 10:13:10 AM
<Prototype Log> Event: BLOCK_CREATE, Block: custom_move, Workspace: Left, Date: 10/27/2021, 10:13:10 AM
<Prototype Log> Event: BLOCK_MOVE, Block: custom_move, Workspace: Left, Date: 10/27/2021, 10:13:10 AM
<Prototype Log> Event: BLOCK_DELETE, Block: custom_start, Workspace: Right, Date: 10/27/2021, 10:13:10 AM
<Prototype Log> Event: VAR_CREATE, Variable Name: BackS, Workspace: Right, Date: 10/27/2021, 10:13:10 AM
<Prototype Log> Event: VAR_CREATE, Variable Name: TurnS, Workspace: Right, Date: 10/27/2021, 10:13:10 AM
<Prototype Log> Event: VAR_CREATE, Variable Name: Home Position, Workspace: Right, Date: 10/27/2021, 10:13:10 AM
<Prototype Log> Event: VAR_CREATE, Variable Name: DownS, Workspace: Right, Date: 10/27/2021, 10:13:10 AM
<Prototype Log> Event: VAR_CREATE, Variable Name: R1, Workspace: Right, Date: 10/27/2021, 10:13:10 AM
<Prototype Log> Event: VAR_CREATE, Variable Name: Back, Workspace: Right, Date: 10/27/2021, 10:13:10 AM
<Prototype Log> Event: VAR_CREATE, Variable Name: Down2, Workspace: Right, Date: 10/27/2021, 10:13:10 AM
<Prototype Log> Event: VAR_CREATE, Variable Name: Up, Workspace: Right, Date: 10/27/2021, 10:13:10 AM
<Prototype Log> Event: VAR_CREATE, Variable Name: Left, Workspace: Right, Date: 10/27/2021, 10:13:10 AM
<Prototype Log> Event: VAR_CREATE, Variable Name: D_1, Workspace: Right, Date: 10/27/2021, 10:13:10 AM
<Prototype Log> Event: VAR_CREATE, Variable Name: <somewhere>, Workspace: Right, Date: 10/27/2021, 10:13:10 AM
<Prototype Log> Event: BLOCK_CREATE, Block: custom_start, Workspace: Right, Date: 10/27/2021, 10:13:10 AM
<Prototype Log> Event: BLOCK_MOVE, Block: custom_start, Workspace: Right, Date: 10/27/2021, 10:13:10 AM
<Prototype Log> Event: BLOCK_CREATE, Block: custom_follow, Workspace: Right, Date: 10/27/2021, 10:13:10 AM
<Prototype Log> Event: BLOCK_MOVE, Block: custom_follow, Workspace: Right, Date: 10/27/2021, 10:13:10 AM
<Prototype Log> Event: BLOCK_CREATE, Block: custom_move, Workspace: Right, Date: 10/27/2021, 10:13:10 AM
<Prototype Log> Event: BLOCK_MOVE, Block: custom_move, Workspace: Right, Date: 10/27/2021, 10:13:10 AM
<Prototype Log> Event: BLOCK_CREATE, Block: custom_open, Workspace: Right, Date: 10/27/2021, 10:13:10 AM
<Prototype Log> Event: BLOCK_MOVE, Block: custom_open, Workspace: Right, Date: 10/27/2021, 10:13:10 AM
<Prototype Log> Event: BLOCK_CREATE, Block: custom_open, Workspace: Right, Date: 10/27/2021, 10:13:10 AM
<Prototype Log> Event: BLOCK_MOVE, Block: custom_open, Workspace: Right, Date: 10/27/2021, 10:13:10 AM
<Prototype Log> Event: BLOCK_CREATE, Block: custom_open, Workspace: Right, Date: 10/27/2021, 10:13:10 AM
<Prototype Log> Event: BLOCK_MOVE, Block: custom_open, Workspace: Right, Date: 10/27/2021, 10:13:10 AM
<Prototype Log> Event: BLOCK_CREATE, Block: custom_wait, Workspace: Right, Date: 10/27/2021, 10:13:10 AM
<Prototype Log> Event: BLOCK_MOVE, Block: custom_wait, Workspace: Right, Date: 10/27/2021, 10:13:10 AM
<Prototype Log> Event: CLICK_HOME_BUTTON, Date: 10/27/2021, 10:13:11 AM
<Prototype Log> Event: BLOCK_MOVE, Block: custom_move, Workspace: Left, Date: 10/27/2021, 10:13:48 AM
<Prototype Log> Event: BLOCK_MOVE, Block: custom_follow, Workspace: Right, Date: 10/27/2021, 10:13:53 AM
<Prototype Log> Event: BLOCK_MOVE, Block: custom_move, Workspace: Left, Date: 10/27/2021, 10:13:53 AM
<Prototype Log> Event: CLICK_START_BUTTON, Date: 10/27/2021, 10:14:03 AM
<Prototype Log> Event: BLOCK_MOVE, Block: custom_follow, Workspace: Right, Date: 10/27/2021, 10:14:33 AM
<Prototype Log> Event: BLOCK_MOVE, Block: custom_move, Workspace: Left, Date: 10/27/2021, 10:14:33 AM
<Prototype Log> Event: CLICK_START_BUTTON, Date: 10/27/2021, 10:14:39 AM
<Prototype Log> Event: CLICK_HOME_BUTTON, Date: 10/27/2021, 10:14:46 AM
<Prototype Log> Event: CLICK_START_BUTTON, Date: 10/27/2021, 10:14:51 AM
<Prototype Log> Event: CLICK_HOME_BUTTON, Date: 10/27/2021, 10:14:52 AM
<Prototype Log> Event: CLICK_START_BUTTON, Date: 10/27/2021, 10:15:03 AM
<Prototype Log> Event: BLOCK_MOVE, Block: custom_move, Workspace: Left, Date: 10/27/2021, 10:15:43 AM
<Prototype Log> Event: BLOCK_MOVE, Block: custom_follow, Workspace: Right, Date: 10/27/2021, 10:15:43 AM
<Prototype Log> Event: BLOCK_MOVE, Block: custom_follow, Workspace: Right, Date: 10/27/2021, 10:15:44 AM
<Prototype Log> Event: BLOCK_MOVE, Block: custom_move, Workspace: Left, Date: 10/27/2021, 10:15:44 AM
<Prototype Log> Event: BLOCK_MOVE, Workspace: Right, Date: 10/27/2021, 10:15:47 AM
<Prototype Log> Event: BLOCK_DELETE, Workspace: Right, Date: 10/27/2021, 10:15:47 AM
<Prototype Log> Event: BLOCK_MOVE, Workspace: Left, Date: 10/27/2021, 10:15:49 AM
<Prototype Log> Event: BLOCK_DELETE, Workspace: Left, Date: 10/27/2021, 10:15:49 AM
<Prototype Log> Event: BLOCK_CREATE, Block: custom_move, Workspace: Right, Date: 10/27/2021, 10:15:49 AM
<Prototype Log> Event: BLOCK_CHANGE, Block: custom_move, Workspace: Right, Date: 10/27/2021, 10:15:49 AM
<Prototype Log> Event: VAR_DELETE, Variable Name: BackS, Workspace: Right, Date: 10/27/2021, 10:15:49 AM
<Prototype Log> Event: BLOCK_MOVE, Workspace: Right, Date: 10/27/2021, 10:15:50 AM
<Prototype Log> Event: BLOCK_DELETE, Workspace: Right, Date: 10/27/2021, 10:15:50 AM
<Prototype Log> Event: BLOCK_MOVE, Workspace: Right, Date: 10/27/2021, 10:15:52 AM
<Prototype Log> Event: BLOCK_DELETE, Workspace: Right, Date: 10/27/2021, 10:15:52 AM
<Prototype Log> Event: CLICK_HOME_BUTTON, Date: 10/27/2021, 10:16:21 AM
<Prototype Log> Event: CLICK_START_BUTTON, Date: 10/27/2021, 10:16:35 AM
<Prototype Log> Event: CLICK_START_BUTTON, Date: 10/27/2021, 10:16:39 AM
<Prototype Log> Event: CLICK_SAVE_WORKSPACE_BUTTON, Date: 10/27/2021, 10:17:39 AM
<Prototype Log> Event: BLOCK_MOVE, Block: custom_move, Workspace: Left, Date: 10/27/2021, 10:17:46 AM
<Prototype Log> Event: BLOCK_MOVE, Block: custom_follow, Workspace: Right, Date: 10/27/2021, 10:17:46 AM
<Prototype Log> Event: BLOCK_MOVE, Block: custom_follow, Workspace: Right, Date: 10/27/2021, 10:17:47 AM
<Prototype Log> Event: BLOCK_MOVE, Block: custom_follow, Workspace: Right, Date: 10/27/2021, 10:17:47 AM
<Prototype Log> Event: BLOCK_MOVE, Block: custom_move, Workspace: Left, Date: 10/27/2021, 10:17:47 AM
<Prototype Log> Event: BLOCK_MOVE, Block: custom_move, Workspace: Left, Date: 10/27/2021, 10:17:47 AM
<Prototype Log> Event: BLOCK_MOVE, Block: custom_follow, Workspace: Right, Date: 10/27/2021, 10:17:47 AM
<Prototype Log> Event: BLOCK_MOVE, Block: custom_follow, Workspace: Right, Date: 10/27/2021, 10:17:48 AM
<Prototype Log> Event: BLOCK_MOVE, Block: custom_move, Workspace: Left, Date: 10/27/2021, 10:17:48 AM
<Prototype Log> Event: BLOCK_MOVE, Block: custom_follow, Workspace: Right, Date: 10/27/2021, 10:17:49 AM
<Prototype Log> Event: BLOCK_MOVE, Block: custom_follow, Workspace: Right, Date: 10/27/2021, 10:17:49 AM
<Prototype Log> Event: BLOCK_MOVE, Block: custom_move, Workspace: Left, Date: 10/27/2021, 10:17:49 AM
<Prototype Log> Event: BLOCK_CREATE, Block: custom_move, Workspace: Left, Date: 10/27/2021, 10:18:03 AM
<Prototype Log> Event: BLOCK_CREATE, Block: custom_follow, Workspace: Right, Date: 10/27/2021, 10:18:03 AM
<Prototype Log> Event: BLOCK_MOVE, Block: custom_follow, Workspace: Right, Date: 10/27/2021, 10:18:03 AM
<Prototype Log> Event: BLOCK_MOVE, Block: custom_follow, Workspace: Right, Date: 10/27/2021, 10:18:05 AM
<Prototype Log> Event: BLOCK_MOVE, Block: custom_move, Workspace: Left, Date: 10/27/2021, 10:18:05 AM
<Prototype Log> Event: BLOCK_CHANGE, Block: custom_move, Workspace: Left, Date: 10/27/2021, 10:18:14 AM
<Prototype Log> Event: CLICK_START_BUTTON, Date: 10/27/2021, 10:18:20 AM
<Prototype Log> Event: CLICK_HOME_BUTTON, Date: 10/27/2021, 10:18:25 AM
<Prototype Log> Event: CLICK_HOME_BUTTON, Date: 10/27/2021, 10:18:29 AM
<Prototype Log> Event: CLICK_HOME_BUTTON, Date: 10/27/2021, 10:18:33 AM
<Prototype Log> Event: CLICK_START_BUTTON, Date: 10/27/2021, 10:18:39 AM
<Prototype Log> Event: CLICK_HOME_BUTTON, Date: 10/27/2021, 10:18:40 AM
<Prototype Log> Event: CLICK_START_BUTTON, Date: 10/27/2021, 10:18:51 AM
<Prototype Log> Event: VAR_RENAME, Old Name: RightS, New Name: LeftS, Workspace: Left, Date: 10/27/2021, 10:19:18 AM
<Prototype Log> Event: CLICK_SAVE_WORKSPACE_BUTTON, Date: 10/27/2021, 10:19:54 AM
<Prototype Log> Event: BLOCK_MOVE, Block: custom_move, Workspace: Left, Date: 10/27/2021, 10:20:03 AM
<Prototype Log> Event: BLOCK_MOVE, Block: custom_follow, Workspace: Right, Date: 10/27/2021, 10:20:03 AM
<Prototype Log> Event: BLOCK_MOVE, Block: custom_follow, Workspace: Right, Date: 10/27/2021, 10:20:03 AM
<Prototype Log> Event: BLOCK_MOVE, Block: custom_move, Workspace: Left, Date: 10/27/2021, 10:20:03 AM
<Prototype Log> Event: BLOCK_MOVE, Block: custom_follow, Workspace: Right, Date: 10/27/2021, 10:20:05 AM
<Prototype Log> Event: BLOCK_MOVE, Block: custom_move, Workspace: Left, Date: 10/27/2021, 10:20:05 AM
<Prototype Log> Event: CLICK_HOME_BUTTON, Date: 10/27/2021, 10:20:11 AM
<Prototype Log> Event: CLICK_START_BUTTON, Date: 10/27/2021, 10:20:19 AM
<Prototype Log> Event: BLOCK_MOVE, Block: custom_follow, Workspace: Right, Date: 10/27/2021, 10:20:32 AM
<Prototype Log> Event: BLOCK_MOVE, Block: custom_move, Workspace: Left, Date: 10/27/2021, 10:20:32 AM
<Prototype Log> Event: CLICK_SAVE_WORKSPACE_BUTTON, Date: 10/27/2021, 10:21:08 AM
<Prototype Log> Event: CLICK_HOME_BUTTON, Date: 10/27/2021, 10:21:11 AM
<Prototype Log> Event: BLOCK_CREATE, Block: custom_open, Workspace: Left, Date: 10/27/2021, 10:21:20 AM
<Prototype Log> Event: BLOCK_MOVE, Block: custom_open, Workspace: Left, Date: 10/27/2021, 10:21:21 AM
<Prototype Log> Event: BLOCK_CREATE, Block: custom_open, Workspace: Left, Date: 10/27/2021, 10:21:22 AM
<Prototype Log> Event: BLOCK_MOVE, Workspace: Left, Date: 10/27/2021, 10:21:23 AM
<Prototype Log> Event: BLOCK_DELETE, Workspace: Left, Date: 10/27/2021, 10:21:23 AM
<Prototype Log> Event: BLOCK_CREATE, Block: custom_open, Workspace: Right, Date: 10/27/2021, 10:21:23 AM
<Prototype Log> Event: BLOCK_MOVE, Block: custom_open, Workspace: Right, Date: 10/27/2021, 10:21:24 AM
<Prototype Log> Event: CLICK_START_BUTTON, Date: 10/27/2021, 10:21:27 AM
<Prototype Log> Event: CLICK_HOME_BUTTON, Date: 10/27/2021, 10:21:41 AM
<Prototype Log> Event: CLICK_START_BUTTON, Date: 10/27/2021, 10:21:55 AM
<Prototype Log> Event: CLICK_START_BUTTON, Date: 10/27/2021, 10:22:03 AM
<Prototype Log> Event: CLICK_SAVE_WORKSPACE_BUTTON, Date: 10/27/2021, 10:22:36 AM
<Prototype Log> Event: CLICK_HOME_BUTTON, Date: 10/27/2021, 10:22:37 AM
<Prototype Log> Event: CLICK_START_BUTTON, Date: 10/27/2021, 10:22:46 AM
<Prototype Log> Event: CLICK_HOME_BUTTON, Date: 10/27/2021, 10:23:00 AM
<Prototype Log> Event: CLICK_START_BUTTON, Date: 10/27/2021, 10:23:09 AM
<Prototype Log> Event: CLICK_START_BUTTON, Date: 10/27/2021, 10:23:17 AM
<Prototype Log> Event: CLICK_SAVE_WORKSPACE_BUTTON, Date: 10/27/2021, 10:24:20 AM
<Prototype Log> Event: CLICK_HOME_BUTTON, Date: 10/27/2021, 10:24:23 AM
<Prototype Log> Event: CLICK_START_BUTTON, Date: 10/27/2021, 10:24:31 AM
<Prototype Log> Event: BLOCK_MOVE, Block: custom_move, Workspace: Left, Date: 10/27/2021, 10:24:49 AM
<Prototype Log> Event: BLOCK_MOVE, Block: custom_wait, Workspace: Right, Date: 10/27/2021, 10:24:49 AM
<Prototype Log> Event: BLOCK_MOVE, Block: custom_wait, Workspace: Right, Date: 10/27/2021, 10:24:56 AM
<Prototype Log> Event: BLOCK_MOVE, Block: custom_move, Workspace: Left, Date: 10/27/2021, 10:24:56 AM
<Prototype Log> Event: BLOCK_MOVE, Block: custom_move, Workspace: Left, Date: 10/27/2021, 10:24:59 AM
<Prototype Log> Event: BLOCK_MOVE, Block: custom_wait, Workspace: Right, Date: 10/27/2021, 10:24:59 AM
<Prototype Log> Event: BLOCK_MOVE, Block: custom_wait, Workspace: Right, Date: 10/27/2021, 10:25:00 AM
<Prototype Log> Event: BLOCK_MOVE, Block: custom_move, Workspace: Left, Date: 10/27/2021, 10:25:00 AM
<Prototype Log> Event: BLOCK_MOVE, Block: custom_move, Workspace: Right, Date: 10/27/2021, 10:25:00 AM
<Prototype Log> Event: BLOCK_MOVE, Block: custom_move, Workspace: Right, Date: 10/27/2021, 10:25:01 AM
<Prototype Log> Event: BLOCK_MOVE, Block: custom_wait, Workspace: Right, Date: 10/27/2021, 10:25:01 AM
<Prototype Log> Event: BLOCK_MOVE, Block: custom_move, Workspace: Left, Date: 10/27/2021, 10:25:02 AM
<Prototype Log> Event: BLOCK_MOVE, Block: custom_open, Workspace: Left, Date: 10/27/2021, 10:25:07 AM
<Prototype Log> Event: BLOCK_MOVE, Block: custom_wait, Workspace: Right, Date: 10/27/2021, 10:25:07 AM
<Prototype Log> Event: BLOCK_MOVE, Block: custom_wait, Workspace: Right, Date: 10/27/2021, 10:25:08 AM
<Prototype Log> Event: BLOCK_MOVE, Block: custom_move, Workspace: Left, Date: 10/27/2021, 10:25:08 AM
<Prototype Log> Event: BLOCK_MOVE, Block: custom_move, Workspace: Left, Date: 10/27/2021, 10:25:08 AM
<Prototype Log> Event: BLOCK_MOVE, Block: custom_move, Workspace: Left, Date: 10/27/2021, 10:25:10 AM
<Prototype Log> Event: BLOCK_MOVE, Block: custom_wait, Workspace: Right, Date: 10/27/2021, 10:25:18 AM
<Prototype Log> Event: BLOCK_MOVE, Block: custom_move, Workspace: Left, Date: 10/27/2021, 10:25:18 AM
<Prototype Log> Event: BLOCK_MOVE, Block: custom_wait, Workspace: Right, Date: 10/27/2021, 10:25:18 AM
<Prototype Log> Event: BLOCK_MOVE, Block: custom_move, Workspace: Right, Date: 10/27/2021, 10:25:20 AM
<Prototype Log> Event: BLOCK_MOVE, Block: custom_wait, Workspace: Right, Date: 10/27/2021, 10:25:20 AM
<Prototype Log> Event: BLOCK_MOVE, Block: custom_move, Workspace: Right, Date: 10/27/2021, 10:25:20 AM
<Prototype Log> Event: BLOCK_MOVE, Block: custom_open, Workspace: Right, Date: 10/27/2021, 10:25:23 AM
<Prototype Log> Event: BLOCK_MOVE, Block: custom_wait, Workspace: Left, Date: 10/27/2021, 10:25:24 AM
<Prototype Log> Event: BLOCK_MOVE, Block: custom_wait, Workspace: Left, Date: 10/27/2021, 10:25:28 AM
<Prototype Log> Event: BLOCK_MOVE, Block: custom_move, Workspace: Right, Date: 10/27/2021, 10:25:28 AM
<Prototype Log> Event: BLOCK_MOVE, Block: custom_move, Workspace: Right, Date: 10/27/2021, 10:25:28 AM
<Prototype Log> Event: BLOCK_MOVE, Block: custom_wait, Workspace: Right, Date: 10/27/2021, 10:25:45 AM
<Prototype Log> Event: BLOCK_MOVE, Block: custom_wait, Workspace: Left, Date: 10/27/2021, 10:25:45 AM
<Prototype Log> Event: BLOCK_MOVE, Block: custom_wait, Workspace: Left, Date: 10/27/2021, 10:25:47 AM
<Prototype Log> Event: BLOCK_MOVE, Block: custom_wait, Workspace: Right, Date: 10/27/2021, 10:25:47 AM
<Prototype Log> Event: BLOCK_MOVE, Block: custom_move, Workspace: Right, Date: 10/27/2021, 10:25:48 AM
<Prototype Log> Event: BLOCK_MOVE, Block: custom_wait, Workspace: Left, Date: 10/27/2021, 10:25:48 AM
<Prototype Log> Event: BLOCK_MOVE, Block: custom_wait, Workspace: Left, Date: 10/27/2021, 10:25:49 AM
<Prototype Log> Event: BLOCK_MOVE, Block: custom_move, Workspace: Right, Date: 10/27/2021, 10:25:49 AM
<Prototype Log> Event: BLOCK_MOVE, Block: custom_move, Workspace: Right, Date: 10/27/2021, 10:25:50 AM
<Prototype Log> Event: BLOCK_MOVE, Block: custom_close, Workspace: Right, Date: 10/27/2021, 10:25:51 AM
<Prototype Log> Event: BLOCK_MOVE, Block: custom_wait, Workspace: Left, Date: 10/27/2021, 10:25:51 AM
<Prototype Log> Event: BLOCK_MOVE, Block: custom_close, Workspace: Right, Date: 10/27/2021, 10:25:51 AM
<Prototype Log> Event: BLOCK_MOVE, Block: custom_move, Workspace: Right, Date: 10/27/2021, 10:25:52 AM
<Prototype Log> Event: BLOCK_MOVE, Block: custom_wait, Workspace: Left, Date: 10/27/2021, 10:25:53 AM
<Prototype Log> Event: BLOCK_MOVE, Block: custom_close, Workspace: Right, Date: 10/27/2021, 10:25:53 AM
<Prototype Log> Event: BLOCK_MOVE, Block: custom_wait, Workspace: Right, Date: 10/27/2021, 10:25:54 AM
<Prototype Log> Event: BLOCK_MOVE, Block: custom_wait, Workspace: Left, Date: 10/27/2021, 10:25:55 AM
<Prototype Log> Event: BLOCK_MOVE, Block: custom_wait, Workspace: Right, Date: 10/27/2021, 10:25:55 AM
<Prototype Log> Event: BLOCK_MOVE, Block: custom_follow, Workspace: Right, Date: 10/27/2021, 10:25:55 AM
<Prototype Log> Event: BLOCK_MOVE, Block: custom_move, Workspace: Left, Date: 10/27/2021, 10:25:55 AM
<Prototype Log> Event: BLOCK_MOVE, Block: custom_move, Workspace: Left, Date: 10/27/2021, 10:25:55 AM
<Prototype Log> Event: BLOCK_MOVE, Block: custom_follow, Workspace: Right, Date: 10/27/2021, 10:25:56 AM
<Prototype Log> Event: BLOCK_MOVE, Block: custom_close, Workspace: Right, Date: 10/27/2021, 10:25:57 AM
<Prototype Log> Event: BLOCK_MOVE, Block: custom_follow, Workspace: Right, Date: 10/27/2021, 10:25:59 AM
<Prototype Log> Event: BLOCK_MOVE, Block: custom_move, Workspace: Left, Date: 10/27/2021, 10:25:59 AM
<Prototype Log> Event: BLOCK_MOVE, Block: custom_move, Workspace: Left, Date: 10/27/2021, 10:26:00 AM
<Prototype Log> Event: BLOCK_MOVE, Block: custom_follow, Workspace: Right, Date: 10/27/2021, 10:26:00 AM
<Prototype Log> Event: BLOCK_MOVE, Block: custom_wait, Workspace: Left, Date: 10/27/2021, 10:26:01 AM
<Prototype Log> Event: BLOCK_MOVE, Block: custom_wait, Workspace: Left, Date: 10/27/2021, 10:26:01 AM
<Prototype Log> Event: BLOCK_MOVE, Block: custom_wait, Workspace: Right, Date: 10/27/2021, 10:26:01 AM
<Prototype Log> Event: BLOCK_MOVE, Block: custom_open, Workspace: Right, Date: 10/27/2021, 10:26:01 AM
<Prototype Log> Event: BLOCK_MOVE, Block: custom_open, Workspace: Right, Date: 10/27/2021, 10:26:02 AM
<Prototype Log> Event: BLOCK_MOVE, Block: custom_follow, Workspace: Right, Date: 10/27/2021, 10:26:03 AM
<Prototype Log> Event: BLOCK_MOVE, Block: custom_move, Workspace: Left, Date: 10/27/2021, 10:26:03 AM
<Prototype Log> Event: BLOCK_MOVE, Block: custom_move, Workspace: Left, Date: 10/27/2021, 10:26:03 AM
<Prototype Log> Event: BLOCK_MOVE, Block: custom_follow, Workspace: Right, Date: 10/27/2021, 10:26:03 AM
<Prototype Log> Event: BLOCK_MOVE, Block: custom_follow, Workspace: Right, Date: 10/27/2021, 10:26:04 AM
<Prototype Log> Event: BLOCK_MOVE, Block: custom_move, Workspace: Left, Date: 10/27/2021, 10:26:04 AM
<Prototype Log> Event: BLOCK_MOVE, Block: custom_move, Workspace: Left, Date: 10/27/2021, 10:26:04 AM
<Prototype Log> Event: BLOCK_MOVE, Block: custom_follow, Workspace: Right, Date: 10/27/2021, 10:26:04 AM
<Prototype Log> Event: BLOCK_MOVE, Block: custom_follow, Workspace: Right, Date: 10/27/2021, 10:26:05 AM
<Prototype Log> Event: BLOCK_MOVE, Block: custom_move, Workspace: Left, Date: 10/27/2021, 10:26:05 AM
<Prototype Log> Event: BLOCK_MOVE, Block: custom_move, Workspace: Left, Date: 10/27/2021, 10:26:05 AM
<Prototype Log> Event: BLOCK_MOVE, Block: custom_follow, Workspace: Right, Date: 10/27/2021, 10:26:05 AM
<Prototype Log> Event: BLOCK_MOVE, Block: custom_follow, Workspace: Right, Date: 10/27/2021, 10:26:06 AM
<Prototype Log> Event: BLOCK_MOVE, Block: custom_move, Workspace: Left, Date: 10/27/2021, 10:26:06 AM
<Prototype Log> Event: BLOCK_MOVE, Block: custom_move, Workspace: Left, Date: 10/27/2021, 10:26:06 AM
<Prototype Log> Event: BLOCK_MOVE, Block: custom_follow, Workspace: Right, Date: 10/27/2021, 10:26:06 AM
<Prototype Log> Event: BLOCK_MOVE, Block: custom_follow, Workspace: Right, Date: 10/27/2021, 10:26:07 AM
<Prototype Log> Event: BLOCK_MOVE, Block: custom_move, Workspace: Left, Date: 10/27/2021, 10:26:07 AM
<Prototype Log> Event: BLOCK_MOVE, Block: custom_move, Workspace: Left, Date: 10/27/2021, 10:26:07 AM
<Prototype Log> Event: BLOCK_MOVE, Block: custom_follow, Workspace: Right, Date: 10/27/2021, 10:26:07 AM
<Prototype Log> Event: BLOCK_MOVE, Block: custom_follow, Workspace: Right, Date: 10/27/2021, 10:26:07 AM
<Prototype Log> Event: BLOCK_MOVE, Block: custom_move, Workspace: Left, Date: 10/27/2021, 10:26:07 AM
<Prototype Log> Event: BLOCK_MOVE, Block: custom_move, Workspace: Left, Date: 10/27/2021, 10:26:08 AM
<Prototype Log> Event: BLOCK_MOVE, Block: custom_move, Workspace: Left, Date: 10/27/2021, 10:26:08 AM
<Prototype Log> Event: BLOCK_MOVE, Block: custom_follow, Workspace: Right, Date: 10/27/2021, 10:26:08 AM
<Prototype Log> Event: BLOCK_MOVE, Block: custom_wait, Workspace: Left, Date: 10/27/2021, 10:26:10 AM
<Prototype Log> Event: BLOCK_MOVE, Block: custom_wait, Workspace: Right, Date: 10/27/2021, 10:26:10 AM
<Prototype Log> Event: BLOCK_MOVE, Block: custom_wait, Workspace: Right, Date: 10/27/2021, 10:26:10 AM
<Prototype Log> Event: BLOCK_MOVE, Block: custom_move, Workspace: Left, Date: 10/27/2021, 10:26:12 AM
<Prototype Log> Event: BLOCK_MOVE, Block: custom_follow, Workspace: Right, Date: 10/27/2021, 10:26:12 AM
<Prototype Log> Event: BLOCK_MOVE, Block: custom_move, Workspace: Left, Date: 10/27/2021, 10:26:13 AM
<Prototype Log> Event: BLOCK_MOVE, Block: custom_follow, Workspace: Right, Date: 10/27/2021, 10:26:13 AM
<Prototype Log> Event: BLOCK_MOVE, Block: custom_move, Workspace: Left, Date: 10/27/2021, 10:26:14 AM
<Prototype Log> Event: BLOCK_MOVE, Block: custom_follow, Workspace: Right, Date: 10/27/2021, 10:26:14 AM
<Prototype Log> Event: BLOCK_MOVE, Block: custom_open, Workspace: Right, Date: 10/27/2021, 10:26:16 AM
<Prototype Log> Event: CLICK_START_BUTTON, Date: 10/27/2021, 10:27:14 AM
<Prototype Log> Event: CLICK_HOME_BUTTON, Date: 10/27/2021, 10:27:58 AM
<Prototype Log> Event: CLICK_START_BUTTON, Date: 10/27/2021, 10:29:08 AM
<Prototype Log> Event: CLICK_SAVE_WORKSPACE_BUTTON, Date: 10/27/2021, 10:29:43 AM<Prototype Log> Event: BLOCK_MOVE, Block: custom_move, Workspace: Left, Date: 10/27/2021, 10:30:32 AM
<Prototype Log> Event: BLOCK_MOVE, Block: custom_wait, Workspace: Right, Date: 10/27/2021, 10:30:33 AM
<Prototype Log> Event: BLOCK_MOVE, Block: custom_move, Workspace: Left, Date: 10/27/2021, 10:30:33 AM
<Prototype Log> Event: BLOCK_MOVE, Block: custom_open, Workspace: Left, Date: 10/27/2021, 10:30:34 AM
<Prototype Log> Event: BLOCK_MOVE, Block: custom_wait, Workspace: Right, Date: 10/27/2021, 10:30:35 AM
<Prototype Log> Event: BLOCK_MOVE, Block: custom_move, Workspace: Left, Date: 10/27/2021, 10:30:35 AM
<Prototype Log> Event: BLOCK_MOVE, Block: custom_wait, Workspace: Right, Date: 10/27/2021, 10:30:35 AM
<Prototype Log> Event: CLICK_SAVE_WORKSPACE_BUTTON, Date: 10/27/2021, 10:30:38 AM