<Prototype Log> Event: BLOCK_CREATE, Block: custom_start, Workspace: Left, Date: 11/17/2021, 2:34:38 PM
<Prototype Log> Event: BLOCK_MOVE, Block: custom_start, Workspace: Left, Date: 11/17/2021, 2:34:38 PM
<Prototype Log> Event: BLOCK_CREATE, Block: custom_start, Workspace: Right, Date: 11/17/2021, 2:34:38 PM
<Prototype Log> Event: BLOCK_MOVE, Block: custom_start, Workspace: Right, Date: 11/17/2021, 2:34:38 PM
<Prototype Log> Event: VAR_CREATE, Variable Name: Home Position, Workspace: Left, Date: 11/17/2021, 2:34:38 PM
<Prototype Log> Event: VAR_CREATE, Variable Name: Home Position, Workspace: Right, Date: 11/17/2021, 2:34:38 PM
<Prototype Log> Event: BLOCK_CREATE, Block: custom_move, Workspace: Left, Date: 11/17/2021, 2:34:40 PM
<Prototype Log> Event: VAR_CREATE, Variable Name: <somewhere>, Workspace: Left, Date: 11/17/2021, 2:34:40 PM
<Prototype Log> Event: BLOCK_MOVE, Block: custom_move, Workspace: Left, Date: 11/17/2021, 2:34:40 PM
<Prototype Log> Event: BLOCK_CREATE, Block: custom_open, Workspace: Left, Date: 11/17/2021, 2:34:41 PM
<Prototype Log> Event: BLOCK_MOVE, Block: custom_open, Workspace: Left, Date: 11/17/2021, 2:34:41 PM
<Prototype Log> Event: BLOCK_CREATE, Workspace: Left, Date: 11/17/2021, 2:34:42 PM
<Prototype Log> Event: BLOCK_CREATE, Block: custom_open, Workspace: Left, Date: 11/17/2021, 2:34:44 PM
<Prototype Log> Event: BLOCK_MOVE, Workspace: Left, Date: 11/17/2021, 2:34:45 PM
<Prototype Log> Event: BLOCK_DELETE, Workspace: Left, Date: 11/17/2021, 2:34:45 PM
<Prototype Log> Event: BLOCK_CREATE, Block: custom_open, Workspace: Right, Date: 11/17/2021, 2:34:45 PM
<Prototype Log> Event: BLOCK_MOVE, Block: custom_open, Workspace: Right, Date: 11/17/2021, 2:34:45 PM
<Prototype Log> Event: BLOCK_MOVE, Block: custom_move, Workspace: Left, Date: 11/17/2021, 2:34:46 PM
<Prototype Log> Event: BLOCK_CHANGE, Block: custom_move, Workspace: Left, Date: 11/17/2021, 2:34:52 PM
<Prototype Log> Event: BLOCK_CREATE, Block: custom_move, Workspace: Left, Date: 11/17/2021, 2:34:53 PM
<Prototype Log> Event: BLOCK_MOVE, Workspace: Left, Date: 11/17/2021, 2:34:53 PM
<Prototype Log> Event: BLOCK_DELETE, Workspace: Left, Date: 11/17/2021, 2:34:53 PM
<Prototype Log> Event: BLOCK_CREATE, Block: custom_move, Workspace: Right, Date: 11/17/2021, 2:34:53 PM
<Prototype Log> Event: BLOCK_MOVE, Block: custom_move, Workspace: Right, Date: 11/17/2021, 2:34:54 PM
<Prototype Log> Event: BLOCK_CHANGE, Block: custom_move, Workspace: Right, Date: 11/17/2021, 2:34:55 PM
<Prototype Log> Event: CLICK_HOME_BUTTON, Date: 11/17/2021, 2:34:57 PM
<Prototype Log> Event: CLICK_START_BUTTON, Date: 11/17/2021, 2:35:02 PM
<Prototype Log> Event: BLOCK_CREATE, Block: custom_move, Workspace: Left, Date: 11/17/2021, 2:37:13 PM
<Prototype Log> Event: BLOCK_MOVE, Block: custom_move, Workspace: Left, Date: 11/17/2021, 2:37:14 PM
<Prototype Log> Event: VAR_RENAME, Old Name: <somewhere>, New Name: Test, Workspace: Left, Date: 11/17/2021, 2:37:24 PM
<Prototype Log> Event: CLICK_SAVE_WORKSPACE_BUTTON, Date: 11/17/2021, 2:37:29 PM
<Prototype Log> Event: CLICK_START_BUTTON, Date: 11/17/2021, 2:37:37 PM
<Prototype Log> Event: BLOCK_MOVE, Block: custom_move, Workspace: Left, Date: 11/17/2021, 2:37:43 PM
<Prototype Log> Event: BLOCK_MOVE, Workspace: Left, Date: 11/17/2021, 2:37:44 PM
<Prototype Log> Event: BLOCK_DELETE, Workspace: Left, Date: 11/17/2021, 2:37:44 PM
<Prototype Log> Event: BLOCK_CREATE, Block: custom_move, Workspace: Right, Date: 11/17/2021, 2:37:44 PM
<Prototype Log> Event: BLOCK_CHANGE, Block: custom_move, Workspace: Right, Date: 11/17/2021, 2:37:44 PM
<Prototype Log> Event: VAR_DELETE, Variable Name: Test, Workspace: Right, Date: 11/17/2021, 2:37:44 PM
<Prototype Log> Event: BLOCK_MOVE, Workspace: Right, Date: 11/17/2021, 2:37:45 PM
<Prototype Log> Event: BLOCK_DELETE, Workspace: Right, Date: 11/17/2021, 2:37:45 PM
<Prototype Log> Event: BLOCK_CREATE, Block: custom_move, Workspace: Left, Date: 11/17/2021, 2:37:47 PM
<Prototype Log> Event: VAR_CREATE, Variable Name: <somewhere>, Workspace: Left, Date: 11/17/2021, 2:37:47 PM
<Prototype Log> Event: BLOCK_CREATE, Block: custom_follow, Workspace: Right, Date: 11/17/2021, 2:37:47 PM
<Prototype Log> Event: BLOCK_MOVE, Block: custom_follow, Workspace: Right, Date: 11/17/2021, 2:37:47 PM
<Prototype Log> Event: BLOCK_MOVE, Block: custom_follow, Workspace: Right, Date: 11/17/2021, 2:37:48 PM
<Prototype Log> Event: BLOCK_MOVE, Block: custom_move, Workspace: Left, Date: 11/17/2021, 2:37:48 PM
<Prototype Log> Event: CLICK_HOME_BUTTON, Date: 11/17/2021, 2:37:59 PM
<Prototype Log> Event: VAR_RENAME, Old Name: <somewhere>, New Name: Tedt, Workspace: Left, Date: 11/17/2021, 2:38:08 PM
<Prototype Log> Event: CLICK_SAVE_WORKSPACE_BUTTON, Date: 11/17/2021, 2:38:13 PM
<Prototype Log> Event: CLICK_START_BUTTON, Date: 11/17/2021, 2:38:15 PM
<Prototype Log> Event: BLOCK_MOVE, Block: custom_move, Workspace: Left, Date: 11/17/2021, 2:38:21 PM
<Prototype Log> Event: BLOCK_MOVE, Block: custom_follow, Workspace: Right, Date: 11/17/2021, 2:38:21 PM
<Prototype Log> Event: BLOCK_MOVE, Workspace: Right, Date: 11/17/2021, 2:38:21 PM
<Prototype Log> Event: BLOCK_DELETE, Workspace: Right, Date: 11/17/2021, 2:38:21 PM
<Prototype Log> Event: BLOCK_MOVE, Block: custom_move, Workspace: Left, Date: 11/17/2021, 2:38:21 PM
<Prototype Log> Event: BLOCK_CREATE, Block: linear_custom_move, Workspace: Left, Date: 11/17/2021, 2:38:25 PM
<Prototype Log> Event: VAR_CREATE, Variable Name: <somewhere>, Workspace: Left, Date: 11/17/2021, 2:38:25 PM
<Prototype Log> Event: BLOCK_MOVE, Block: linear_custom_move, Workspace: Left, Date: 11/17/2021, 2:38:25 PM
<Prototype Log> Event: BLOCK_MOVE, Block: linear_custom_move, Workspace: Left, Date: 11/17/2021, 2:38:32 PM
<Prototype Log> Event: BLOCK_MOVE, Workspace: Left, Date: 11/17/2021, 2:38:32 PM
<Prototype Log> Event: BLOCK_DELETE, Workspace: Left, Date: 11/17/2021, 2:38:32 PM
<Prototype Log> Event: BLOCK_CREATE, Block: linear_custom_move, Workspace: Right, Date: 11/17/2021, 2:38:32 PM
<Prototype Log> Event: BLOCK_MOVE, Workspace: Right, Date: 11/17/2021, 2:38:33 PM
<Prototype Log> Event: BLOCK_DELETE, Workspace: Right, Date: 11/17/2021, 2:38:33 PM
<Prototype Log> Event: BLOCK_CREATE, Block: custom_move, Workspace: Left, Date: 11/17/2021, 2:38:36 PM
<Prototype Log> Event: BLOCK_MOVE, Block: custom_move, Workspace: Left, Date: 11/17/2021, 2:38:36 PM
<Prototype Log> Event: BLOCK_CREATE, Block: custom_move, Workspace: Left, Date: 11/17/2021, 2:38:37 PM
<Prototype Log> Event: BLOCK_MOVE, Workspace: Left, Date: 11/17/2021, 2:38:37 PM
<Prototype Log> Event: BLOCK_DELETE, Workspace: Left, Date: 11/17/2021, 2:38:37 PM
<Prototype Log> Event: BLOCK_CREATE, Block: custom_move, Workspace: Right, Date: 11/17/2021, 2:38:37 PM
<Prototype Log> Event: BLOCK_DELETE, Workspace: Right, Date: 11/17/2021, 2:38:38 PM
<Prototype Log> Event: BLOCK_CREATE, Block: custom_move, Workspace: Left, Date: 11/17/2021, 2:38:38 PM
<Prototype Log> Event: BLOCK_MOVE, Block: custom_move, Workspace: Left, Date: 11/17/2021, 2:38:40 PM
<Prototype Log> Event: BLOCK_CREATE, Block: custom_wait, Workspace: Left, Date: 11/17/2021, 2:38:41 PM
<Prototype Log> Event: BLOCK_MOVE, Block: custom_wait, Workspace: Left, Date: 11/17/2021, 2:38:42 PM
<Prototype Log> Event: BLOCK_MOVE, Block: custom_wait, Workspace: Left, Date: 11/17/2021, 2:38:43 PM
<Prototype Log> Event: BLOCK_MOVE, Block: custom_wait, Workspace: Left, Date: 11/17/2021, 2:38:44 PM
<Prototype Log> Event: BLOCK_MOVE, Block: custom_wait, Workspace: Left, Date: 11/17/2021, 2:38:46 PM
<Prototype Log> Event: BLOCK_CREATE, Block: custom_move, Workspace: Left, Date: 11/17/2021, 2:38:48 PM
<Prototype Log> Event: BLOCK_MOVE, Workspace: Left, Date: 11/17/2021, 2:38:48 PM
<Prototype Log> Event: BLOCK_DELETE, Workspace: Left, Date: 11/17/2021, 2:38:48 PM
<Prototype Log> Event: BLOCK_CREATE, Block: custom_move, Workspace: Right, Date: 11/17/2021, 2:38:48 PM
<Prototype Log> Event: BLOCK_MOVE, Block: custom_move, Workspace: Right, Date: 11/17/2021, 2:38:49 PM
<Prototype Log> Event: BLOCK_CREATE, Block: custom_move, Workspace: Left, Date: 11/17/2021, 2:38:50 PM
<Prototype Log> Event: BLOCK_MOVE, Workspace: Left, Date: 11/17/2021, 2:38:51 PM
<Prototype Log> Event: BLOCK_DELETE, Workspace: Left, Date: 11/17/2021, 2:38:51 PM
<Prototype Log> Event: BLOCK_CREATE, Block: custom_move, Workspace: Right, Date: 11/17/2021, 2:38:51 PM
<Prototype Log> Event: BLOCK_MOVE, Block: custom_move, Workspace: Right, Date: 11/17/2021, 2:38:51 PM
<Prototype Log> Event: BLOCK_CREATE, Block: custom_wait, Workspace: Left, Date: 11/17/2021, 2:38:52 PM
<Prototype Log> Event: BLOCK_CREATE, Block: custom_wait, Workspace: Right, Date: 11/17/2021, 2:38:52 PM
<Prototype Log> Event: BLOCK_MOVE, Block: custom_wait, Workspace: Right, Date: 11/17/2021, 2:38:52 PM
<Prototype Log> Event: BLOCK_MOVE, Block: custom_wait, Workspace: Right, Date: 11/17/2021, 2:38:53 PM
<Prototype Log> Event: BLOCK_MOVE, Block: custom_wait, Workspace: Left, Date: 11/17/2021, 2:38:53 PM
<Prototype Log> Event: BLOCK_MOVE, Block: custom_wait, Workspace: Right, Date: 11/17/2021, 2:38:54 PM
<Prototype Log> Event: BLOCK_MOVE, Block: custom_wait, Workspace: Left, Date: 11/17/2021, 2:38:54 PM
<Prototype Log> Event: BLOCK_MOVE, Block: custom_wait, Workspace: Left, Date: 11/17/2021, 2:38:54 PM
<Prototype Log> Event: BLOCK_MOVE, Block: custom_wait, Workspace: Right, Date: 11/17/2021, 2:38:54 PM
<Prototype Log> Event: BLOCK_MOVE, Block: custom_move, Workspace: Right, Date: 11/17/2021, 2:38:55 PM
<Prototype Log> Event: BLOCK_MOVE, Block: custom_move, Workspace: Right, Date: 11/17/2021, 2:38:55 PM
<Prototype Log> Event: BLOCK_MOVE, Block: custom_wait, Workspace: Left, Date: 11/17/2021, 2:38:56 PM
<Prototype Log> Event: BLOCK_MOVE, Block: custom_wait, Workspace: Right, Date: 11/17/2021, 2:38:56 PM
<Prototype Log> Event: BLOCK_MOVE, Block: custom_wait, Workspace: Right, Date: 11/17/2021, 2:38:56 PM
<Prototype Log> Event: BLOCK_CREATE, Block: custom_move, Workspace: Left, Date: 11/17/2021, 2:38:58 PM
<Prototype Log> Event: BLOCK_MOVE, Block: custom_move, Workspace: Left, Date: 11/17/2021, 2:38:59 PM
<Prototype Log> Event: BLOCK_CREATE, Block: custom_move, Workspace: Left, Date: 11/17/2021, 2:39:00 PM
<Prototype Log> Event: BLOCK_MOVE, Workspace: Left, Date: 11/17/2021, 2:39:00 PM
<Prototype Log> Event: BLOCK_DELETE, Workspace: Left, Date: 11/17/2021, 2:39:00 PM
<Prototype Log> Event: BLOCK_CREATE, Block: custom_move, Workspace: Right, Date: 11/17/2021, 2:39:00 PM
<Prototype Log> Event: BLOCK_MOVE, Block: custom_move, Workspace: Right, Date: 11/17/2021, 2:39:01 PM
<Prototype Log> Event: BLOCK_MOVE, Block: custom_move, Workspace: Right, Date: 11/17/2021, 2:39:03 PM
<Prototype Log> Event: BLOCK_MOVE, Block: custom_move, Workspace: Right, Date: 11/17/2021, 2:39:03 PM
<Prototype Log> Event: BLOCK_MOVE, Block: custom_wait, Workspace: Left, Date: 11/17/2021, 2:39:04 PM
<Prototype Log> Event: BLOCK_MOVE, Block: custom_wait, Workspace: Left, Date: 11/17/2021, 2:39:04 PM
<Prototype Log> Event: BLOCK_MOVE, Block: custom_wait, Workspace: Right, Date: 11/17/2021, 2:39:04 PM
<Prototype Log> Event: BLOCK_MOVE, Block: custom_move, Workspace: Right, Date: 11/17/2021, 2:39:06 PM
<Prototype Log> Event: BLOCK_MOVE, Block: custom_wait, Workspace: Left, Date: 11/17/2021, 2:39:07 PM
<Prototype Log> Event: BLOCK_MOVE, Block: custom_wait, Workspace: Right, Date: 11/17/2021, 2:39:07 PM
<Prototype Log> Event: BLOCK_MOVE, Block: custom_wait, Workspace: Right, Date: 11/17/2021, 2:39:07 PM
<Prototype Log> Event: BLOCK_MOVE, Block: custom_wait, Workspace: Left, Date: 11/17/2021, 2:39:08 PM
<Prototype Log> Event: BLOCK_MOVE, Block: custom_wait, Workspace: Left, Date: 11/17/2021, 2:39:08 PM
<Prototype Log> Event: BLOCK_MOVE, Block: custom_wait, Workspace: Right, Date: 11/17/2021, 2:39:08 PM
<Prototype Log> Event: BLOCK_MOVE, Block: custom_move, Workspace: Right, Date: 11/17/2021, 2:39:09 PM
<Prototype Log> Event: BLOCK_MOVE, Block: custom_move, Workspace: Right, Date: 11/17/2021, 2:39:11 PM
<Prototype Log> Event: BLOCK_MOVE, Block: custom_wait, Workspace: Left, Date: 11/17/2021, 2:39:13 PM
<Prototype Log> Event: BLOCK_MOVE, Block: custom_wait, Workspace: Right, Date: 11/17/2021, 2:39:13 PM
<Prototype Log> Event: BLOCK_MOVE, Block: custom_wait, Workspace: Right, Date: 11/17/2021, 2:39:13 PM
<Prototype Log> Event: BLOCK_MOVE, Block: custom_move, Workspace: Right, Date: 11/17/2021, 2:39:14 PM
<Prototype Log> Event: BLOCK_MOVE, Block: custom_move, Workspace: Left, Date: 11/17/2021, 2:39:16 PM
<Prototype Log> Event: BLOCK_MOVE, Workspace: Right, Date: 11/17/2021, 2:39:17 PM
<Prototype Log> Event: BLOCK_DELETE, Workspace: Right, Date: 11/17/2021, 2:39:17 PM
<Prototype Log> Event: BLOCK_MOVE, Block: custom_move, Workspace: Left, Date: 11/17/2021, 2:39:17 PM
<Prototype Log> Event: BLOCK_MOVE, Workspace: Right, Date: 11/17/2021, 2:39:19 PM
<Prototype Log> Event: BLOCK_DELETE, Workspace: Right, Date: 11/17/2021, 2:39:19 PM
<Prototype Log> Event: BLOCK_MOVE, Block: custom_move, Workspace: Right, Date: 11/17/2021, 2:39:19 PM
<Prototype Log> Event: BLOCK_MOVE, Workspace: Right, Date: 11/17/2021, 2:39:20 PM
<Prototype Log> Event: BLOCK_DELETE, Workspace: Right, Date: 11/17/2021, 2:39:20 PM
<Prototype Log> Event: CLICK_HOME_BUTTON, Date: 11/17/2021, 2:39:29 PM
<Prototype Log> Event: CLICK_HOME_BUTTON, Date: 11/17/2021, 2:40:35 PM
<Prototype Log> Event: CLICK_HOME_BUTTON, Date: 11/17/2021, 2:40:36 PM
<Prototype Log> Event: BLOCK_CREATE, Block: custom_move, Workspace: Left, Date: 11/17/2021, 2:41:27 PM
<Prototype Log> Event: BLOCK_MOVE, Workspace: Left, Date: 11/17/2021, 2:41:28 PM
<Prototype Log> Event: BLOCK_DELETE, Workspace: Left, Date: 11/17/2021, 2:41:28 PM
<Prototype Log> Event: BLOCK_CREATE, Block: custom_move, Workspace: Right, Date: 11/17/2021, 2:41:28 PM
<Prototype Log> Event: BLOCK_MOVE, Block: custom_move, Workspace: Right, Date: 11/17/2021, 2:41:30 PM
<Prototype Log> Event: VAR_RENAME, Old Name: <somewhere>, New Name: Step A, Workspace: Right, Date: 11/17/2021, 2:41:47 PM
<Prototype Log> Event: CLICK_SAVE_WORKSPACE_BUTTON, Date: 11/17/2021, 2:42:14 PM
<Prototype Log> Event: CLICK_START_BUTTON, Date: 11/17/2021, 2:42:18 PM
<Prototype Log> Event: BLOCK_CREATE, Block: custom_move, Workspace: Left, Date: 11/17/2021, 2:42:28 PM
<Prototype Log> Event: BLOCK_MOVE, Workspace: Left, Date: 11/17/2021, 2:42:29 PM
<Prototype Log> Event: BLOCK_DELETE, Workspace: Left, Date: 11/17/2021, 2:42:29 PM
<Prototype Log> Event: BLOCK_CREATE, Block: custom_move, Workspace: Right, Date: 11/17/2021, 2:42:29 PM
<Prototype Log> Event: BLOCK_MOVE, Block: custom_move, Workspace: Right, Date: 11/17/2021, 2:42:30 PM
<Prototype Log> Event: VAR_RENAME, Old Name: <somewhere>, New Name: Step B, Workspace: Right, Date: 11/17/2021, 2:42:40 PM
<Prototype Log> Event: CLICK_SAVE_WORKSPACE_BUTTON, Date: 11/17/2021, 2:42:55 PM
<Prototype Log> Event: CLICK_START_BUTTON, Date: 11/17/2021, 2:42:56 PM
<Prototype Log> Event: BLOCK_CREATE, Block: custom_move, Workspace: Left, Date: 11/17/2021, 2:43:21 PM
<Prototype Log> Event: BLOCK_MOVE, Workspace: Left, Date: 11/17/2021, 2:43:22 PM
<Prototype Log> Event: BLOCK_DELETE, Workspace: Left, Date: 11/17/2021, 2:43:22 PM
<Prototype Log> Event: BLOCK_CREATE, Block: custom_move, Workspace: Right, Date: 11/17/2021, 2:43:22 PM
<Prototype Log> Event: BLOCK_MOVE, Block: custom_move, Workspace: Right, Date: 11/17/2021, 2:43:23 PM
<Prototype Log> Event: VAR_RENAME, Old Name: <somewhere>, New Name: Grab A, Workspace: Right, Date: 11/17/2021, 2:43:34 PM
<Prototype Log> Event: CLICK_SAVE_WORKSPACE_BUTTON, Date: 11/17/2021, 2:43:54 PM
<Prototype Log> Event: CLICK_START_BUTTON, Date: 11/17/2021, 2:43:58 PM
<Prototype Log> Event: BLOCK_CREATE, Block: custom_close, Workspace: Left, Date: 11/17/2021, 2:44:09 PM
<Prototype Log> Event: BLOCK_MOVE, Workspace: Left, Date: 11/17/2021, 2:44:10 PM
<Prototype Log> Event: BLOCK_DELETE, Workspace: Left, Date: 11/17/2021, 2:44:10 PM
<Prototype Log> Event: BLOCK_CREATE, Block: custom_close, Workspace: Right, Date: 11/17/2021, 2:44:10 PM
<Prototype Log> Event: BLOCK_MOVE, Block: custom_close, Workspace: Right, Date: 11/17/2021, 2:44:12 PM
<Prototype Log> Event: BLOCK_CREATE, Block: custom_move, Workspace: Left, Date: 11/17/2021, 2:44:20 PM
<Prototype Log> Event: BLOCK_MOVE, Workspace: Left, Date: 11/17/2021, 2:44:34 PM
<Prototype Log> Event: BLOCK_DELETE, Workspace: Left, Date: 11/17/2021, 2:44:34 PM
<Prototype Log> Event: BLOCK_CREATE, Block: custom_move, Workspace: Right, Date: 11/17/2021, 2:44:34 PM
<Prototype Log> Event: BLOCK_MOVE, Block: custom_move, Workspace: Right, Date: 11/17/2021, 2:44:35 PM
<Prototype Log> Event: BLOCK_MOVE, Block: custom_move, Workspace: Right, Date: 11/17/2021, 2:44:40 PM
<Prototype Log> Event: BLOCK_MOVE, Workspace: Right, Date: 11/17/2021, 2:44:40 PM
<Prototype Log> Event: BLOCK_DELETE, Workspace: Right, Date: 11/17/2021, 2:44:40 PM
<Prototype Log> Event: CLICK_START_BUTTON, Date: 11/17/2021, 2:44:41 PM
<Prototype Log> Event: BLOCK_CREATE, Block: custom_move, Workspace: Left, Date: 11/17/2021, 2:45:01 PM
<Prototype Log> Event: BLOCK_MOVE, Workspace: Left, Date: 11/17/2021, 2:45:01 PM
<Prototype Log> Event: BLOCK_DELETE, Workspace: Left, Date: 11/17/2021, 2:45:01 PM
<Prototype Log> Event: BLOCK_CREATE, Block: custom_move, Workspace: Right, Date: 11/17/2021, 2:45:01 PM
<Prototype Log> Event: BLOCK_MOVE, Block: custom_move, Workspace: Right, Date: 11/17/2021, 2:45:03 PM
<Prototype Log> Event: BLOCK_CHANGE, Block: custom_move, Workspace: Right, Date: 11/17/2021, 2:45:07 PM
<Prototype Log> Event: CLICK_START_BUTTON, Date: 11/17/2021, 2:45:11 PM
<Prototype Log> Event: BLOCK_CREATE, Block: custom_move, Workspace: Left, Date: 11/17/2021, 2:45:22 PM
<Prototype Log> Event: BLOCK_MOVE, Workspace: Left, Date: 11/17/2021, 2:45:22 PM
<Prototype Log> Event: BLOCK_DELETE, Workspace: Left, Date: 11/17/2021, 2:45:22 PM
<Prototype Log> Event: BLOCK_CREATE, Block: custom_move, Workspace: Right, Date: 11/17/2021, 2:45:22 PM
<Prototype Log> Event: BLOCK_MOVE, Block: custom_move, Workspace: Right, Date: 11/17/2021, 2:45:24 PM
<Prototype Log> Event: BLOCK_CHANGE, Block: custom_move, Workspace: Right, Date: 11/17/2021, 2:45:30 PM
<Prototype Log> Event: CLICK_START_BUTTON, Date: 11/17/2021, 2:45:47 PM
<Prototype Log> Event: CLICK_HOME_BUTTON, Date: 11/17/2021, 2:45:59 PM
<Prototype Log> Event: CLICK_START_BUTTON, Date: 11/17/2021, 2:46:15 PM
<Prototype Log> Event: BLOCK_CREATE, Block: custom_move, Workspace: Left, Date: 11/17/2021, 2:46:24 PM
<Prototype Log> Event: BLOCK_MOVE, Workspace: Left, Date: 11/17/2021, 2:46:25 PM
<Prototype Log> Event: BLOCK_DELETE, Workspace: Left, Date: 11/17/2021, 2:46:25 PM
<Prototype Log> Event: BLOCK_CREATE, Block: custom_move, Workspace: Right, Date: 11/17/2021, 2:46:25 PM
<Prototype Log> Event: BLOCK_MOVE, Block: custom_move, Workspace: Right, Date: 11/17/2021, 2:46:26 PM
<Prototype Log> Event: VAR_RENAME, Old Name: <somewhere>, New Name: Place A, Workspace: Right, Date: 11/17/2021, 2:47:06 PM
<Prototype Log> Event: CLICK_SAVE_WORKSPACE_BUTTON, Date: 11/17/2021, 2:47:08 PM
<Prototype Log> Event: BLOCK_CREATE, Block: custom_move, Workspace: Left, Date: 11/17/2021, 2:47:18 PM
<Prototype Log> Event: BLOCK_MOVE, Workspace: Left, Date: 11/17/2021, 2:47:19 PM
<Prototype Log> Event: BLOCK_DELETE, Workspace: Left, Date: 11/17/2021, 2:47:19 PM
<Prototype Log> Event: BLOCK_CREATE, Block: custom_move, Workspace: Right, Date: 11/17/2021, 2:47:19 PM
<Prototype Log> Event: BLOCK_MOVE, Block: custom_move, Workspace: Right, Date: 11/17/2021, 2:47:20 PM
<Prototype Log> Event: VAR_RENAME, Old Name: <somewhere>, New Name: Finish A, Workspace: Right, Date: 11/17/2021, 2:47:26 PM
<Prototype Log> Event: CLICK_SAVE_WORKSPACE_BUTTON, Date: 11/17/2021, 2:47:47 PM
<Prototype Log> Event: BLOCK_MOVE, Block: custom_move, Workspace: Right, Date: 11/17/2021, 2:47:52 PM
<Prototype Log> Event: BLOCK_MOVE, Workspace: Right, Date: 11/17/2021, 2:47:53 PM
<Prototype Log> Event: BLOCK_DELETE, Workspace: Right, Date: 11/17/2021, 2:47:53 PM
<Prototype Log> Event: CLICK_HOME_BUTTON, Date: 11/17/2021, 2:47:56 PM
<Prototype Log> Event: CLICK_SAVE_WORKSPACE_BUTTON, Date: 11/17/2021, 2:47:57 PM
<Prototype Log> Event: CLICK_START_BUTTON, Date: 11/17/2021, 2:48:06 PM
<Prototype Log> Event: BLOCK_CREATE, Block: custom_move, Workspace: Left, Date: 11/17/2021, 2:48:15 PM
<Prototype Log> Event: BLOCK_MOVE, Workspace: Left, Date: 11/17/2021, 2:48:16 PM
<Prototype Log> Event: BLOCK_DELETE, Workspace: Left, Date: 11/17/2021, 2:48:16 PM
<Prototype Log> Event: BLOCK_CREATE, Block: custom_move, Workspace: Right, Date: 11/17/2021, 2:48:16 PM
<Prototype Log> Event: BLOCK_MOVE, Block: custom_move, Workspace: Right, Date: 11/17/2021, 2:48:17 PM
<Prototype Log> Event: VAR_RENAME, Old Name: <somewhere>, New Name: finish b, Workspace: Right, Date: 11/17/2021, 2:48:30 PM
<Prototype Log> Event: CLICK_SAVE_WORKSPACE_BUTTON, Date: 11/17/2021, 2:48:40 PM
<Prototype Log> Event: BLOCK_CREATE, Block: custom_close, Workspace: Left, Date: 11/17/2021, 2:48:43 PM
<Prototype Log> Event: BLOCK_MOVE, Workspace: Left, Date: 11/17/2021, 2:48:44 PM
<Prototype Log> Event: BLOCK_DELETE, Workspace: Left, Date: 11/17/2021, 2:48:44 PM
<Prototype Log> Event: BLOCK_CREATE, Block: custom_open, Workspace: Left, Date: 11/17/2021, 2:48:46 PM
<Prototype Log> Event: BLOCK_MOVE, Workspace: Left, Date: 11/17/2021, 2:48:47 PM
<Prototype Log> Event: BLOCK_DELETE, Workspace: Left, Date: 11/17/2021, 2:48:47 PM
<Prototype Log> Event: BLOCK_CREATE, Block: custom_open, Workspace: Right, Date: 11/17/2021, 2:48:47 PM
<Prototype Log> Event: BLOCK_MOVE, Block: custom_open, Workspace: Right, Date: 11/17/2021, 2:48:48 PM
<Prototype Log> Event: CLICK_START_BUTTON, Date: 11/17/2021, 2:48:58 PM
<Prototype Log> Event: CLICK_HOME_BUTTON, Date: 11/17/2021, 2:49:09 PM
<Prototype Log> Event: BLOCK_CREATE, Block: custom_move, Workspace: Left, Date: 11/17/2021, 2:49:24 PM
<Prototype Log> Event: BLOCK_MOVE, Workspace: Left, Date: 11/17/2021, 2:49:25 PM
<Prototype Log> Event: BLOCK_DELETE, Workspace: Left, Date: 11/17/2021, 2:49:25 PM
<Prototype Log> Event: BLOCK_CREATE, Block: custom_move, Workspace: Right, Date: 11/17/2021, 2:49:25 PM
<Prototype Log> Event: BLOCK_MOVE, Block: custom_move, Workspace: Right, Date: 11/17/2021, 2:49:25 PM
<Prototype Log> Event: BLOCK_CHANGE, Block: custom_move, Workspace: Right, Date: 11/17/2021, 2:49:28 PM
<Prototype Log> Event: BLOCK_CREATE, Block: custom_move, Workspace: Left, Date: 11/17/2021, 2:49:41 PM
<Prototype Log> Event: BLOCK_MOVE, Block: custom_move, Workspace: Left, Date: 11/17/2021, 2:49:44 PM
<Prototype Log> Event: VAR_RENAME, Old Name: <somewhere>, New Name: Side B, Workspace: Left, Date: 11/17/2021, 2:49:54 PM
<Prototype Log> Event: CLICK_SAVE_WORKSPACE_BUTTON, Date: 11/17/2021, 2:50:08 PM
<Prototype Log> Event: BLOCK_CREATE, Block: custom_move, Workspace: Left, Date: 11/17/2021, 2:50:11 PM
<Prototype Log> Event: VAR_CREATE, Variable Name: <somewhere>, Workspace: Left, Date: 11/17/2021, 2:50:11 PM
<Prototype Log> Event: BLOCK_MOVE, Block: custom_move, Workspace: Left, Date: 11/17/2021, 2:50:22 PM
<Prototype Log> Event: BLOCK_CHANGE, Block: custom_move, Workspace: Left, Date: 11/17/2021, 2:50:44 PM
<Prototype Log> Event: BLOCK_CHANGE, Block: custom_move, Workspace: Left, Date: 11/17/2021, 2:50:51 PM
<Prototype Log> Event: VAR_RENAME, Old Name: <somewhere>, New Name: Grab left, Workspace: Left, Date: 11/17/2021, 2:51:08 PM
<Prototype Log> Event: CLICK_SAVE_WORKSPACE_BUTTON, Date: 11/17/2021, 2:51:17 PM
<Prototype Log> Event: BLOCK_CREATE, Block: custom_close, Workspace: Left, Date: 11/17/2021, 2:51:20 PM
<Prototype Log> Event: BLOCK_MOVE, Block: custom_close, Workspace: Left, Date: 11/17/2021, 2:51:21 PM
<Prototype Log> Event: CLICK_START_BUTTON, Date: 11/17/2021, 2:51:25 PM
<Prototype Log> Event: BLOCK_CHANGE, Block: custom_move, Workspace: Left, Date: 11/17/2021, 2:51:41 PM
<Prototype Log> Event: BLOCK_CHANGE, Block: custom_move, Workspace: Left, Date: 11/17/2021, 2:51:42 PM
<Prototype Log> Event: CLICK_HOME_BUTTON, Date: 11/17/2021, 2:51:47 PM
<Prototype Log> Event: BLOCK_CREATE, Block: custom_move, Workspace: Left, Date: 11/17/2021, 2:52:17 PM
<Prototype Log> Event: VAR_CREATE, Variable Name: <somewhere>, Workspace: Left, Date: 11/17/2021, 2:52:17 PM
<Prototype Log> Event: BLOCK_MOVE, Block: custom_move, Workspace: Left, Date: 11/17/2021, 2:52:19 PM
<Prototype Log> Event: VAR_RENAME, Old Name: <somewhere>, New Name: Up, Workspace: Left, Date: 11/17/2021, 2:52:25 PM
<Prototype Log> Event: CLICK_SAVE_WORKSPACE_BUTTON, Date: 11/17/2021, 2:52:30 PM
<Prototype Log> Event: BLOCK_MOVE, Block: custom_move, Workspace: Left, Date: 11/17/2021, 2:52:32 PM
<Prototype Log> Event: BLOCK_MOVE, Workspace: Left, Date: 11/17/2021, 2:52:33 PM
<Prototype Log> Event: BLOCK_DELETE, Workspace: Left, Date: 11/17/2021, 2:52:33 PM
<Prototype Log> Event: BLOCK_CREATE, Block: custom_move, Workspace: Right, Date: 11/17/2021, 2:52:33 PM
<Prototype Log> Event: BLOCK_CHANGE, Block: custom_move, Workspace: Right, Date: 11/17/2021, 2:52:33 PM
<Prototype Log> Event: VAR_DELETE, Variable Name: Up, Workspace: Right, Date: 11/17/2021, 2:52:33 PM
<Prototype Log> Event: BLOCK_MOVE, Block: custom_move, Workspace: Right, Date: 11/17/2021, 2:52:34 PM
<Prototype Log> Event: BLOCK_MOVE, Workspace: Right, Date: 11/17/2021, 2:52:36 PM
<Prototype Log> Event: BLOCK_DELETE, Workspace: Right, Date: 11/17/2021, 2:52:36 PM
<Prototype Log> Event: CLICK_START_BUTTON, Date: 11/17/2021, 2:52:39 PM
<Prototype Log> Event: CLICK_SAVE_WORKSPACE_BUTTON, Date: 11/17/2021, 2:52:40 PM
<Prototype Log> Event: BLOCK_CREATE, Block: custom_move, Workspace: Left, Date: 11/17/2021, 2:52:51 PM
<Prototype Log> Event: VAR_CREATE, Variable Name: <somewhere>, Workspace: Left, Date: 11/17/2021, 2:52:51 PM
<Prototype Log> Event: BLOCK_MOVE, Block: custom_move, Workspace: Left, Date: 11/17/2021, 2:52:52 PM
<Prototype Log> Event: VAR_RENAME, Old Name: <somewhere>, New Name: Up1, Workspace: Left, Date: 11/17/2021, 2:53:30 PM
<Prototype Log> Event: CLICK_SAVE_WORKSPACE_BUTTON, Date: 11/17/2021, 2:53:46 PM
<Prototype Log> Event: CLICK_HOME_BUTTON, Date: 11/17/2021, 2:53:48 PM
<Prototype Log> Event: CLICK_START_BUTTON, Date: 11/17/2021, 2:53:59 PM
<Prototype Log> Event: CLICK_HOME_BUTTON, Date: 11/17/2021, 2:54:13 PM
<Prototype Log> Event: BLOCK_MOVE, Block: custom_move, Workspace: Left, Date: 11/17/2021, 2:54:19 PM
<Prototype Log> Event: BLOCK_MOVE, Workspace: Left, Date: 11/17/2021, 2:54:22 PM
<Prototype Log> Event: BLOCK_DELETE, Workspace: Left, Date: 11/17/2021, 2:54:22 PM
<Prototype Log> Event: BLOCK_CREATE, Block: custom_move, Workspace: Right, Date: 11/17/2021, 2:54:22 PM
<Prototype Log> Event: BLOCK_CHANGE, Block: custom_move, Workspace: Right, Date: 11/17/2021, 2:54:22 PM
<Prototype Log> Event: VAR_DELETE, Variable Name: Up1, Workspace: Right, Date: 11/17/2021, 2:54:22 PM
<Prototype Log> Event: BLOCK_DELETE, Workspace: Right, Date: 11/17/2021, 2:54:23 PM
<Prototype Log> Event: BLOCK_CREATE, Block: custom_move, Workspace: Left, Date: 11/17/2021, 2:54:23 PM
<Prototype Log> Event: BLOCK_MOVE, Block: custom_move, Workspace: Left, Date: 11/17/2021, 2:54:25 PM
<Prototype Log> Event: BLOCK_MOVE, Block: custom_move, Workspace: Left, Date: 11/17/2021, 2:54:27 PM
<Prototype Log> Event: CLICK_START_BUTTON, Date: 11/17/2021, 2:54:32 PM
<Prototype Log> Event: BLOCK_CHANGE, Block: custom_move, Workspace: Left, Date: 11/17/2021, 2:54:42 PM
<Prototype Log> Event: CLICK_HOME_BUTTON, Date: 11/17/2021, 2:54:43 PM
<Prototype Log> Event: CLICK_START_BUTTON, Date: 11/17/2021, 2:54:56 PM
<Prototype Log> Event: CLICK_LEFT_HAND_SWITCH_BUTTON, Button Value: close-hand, Date: 11/17/2021, 2:55:19 PM
<Prototype Log> Event: CLICK_LEFT_HAND_SWITCH_BUTTON, Button Value: open-hand, Date: 11/17/2021, 2:55:21 PM
<Prototype Log> Event: CLICK_LEFT_HAND_SWITCH_BUTTON, Button Value: open-hand, Date: 11/17/2021, 2:55:24 PM
<Prototype Log> Event: CLICK_LEFT_HAND_SWITCH_BUTTON, Button Value: close-hand, Date: 11/17/2021, 2:55:25 PM
<Prototype Log> Event: CLICK_LEFT_HAND_SWITCH_BUTTON, Button Value: open-hand, Date: 11/17/2021, 2:55:25 PM
<Prototype Log> Event: CLICK_LEFT_HAND_SWITCH_BUTTON, Button Value: close-hand, Date: 11/17/2021, 2:55:27 PM
<Prototype Log> Event: CLICK_LEFT_HAND_SWITCH_BUTTON, Button Value: open-hand, Date: 11/17/2021, 2:55:29 PM
<Prototype Log> Event: CLICK_LEFT_HAND_SWITCH_BUTTON, Button Value: open-hand, Date: 11/17/2021, 2:55:31 PM
<Prototype Log> Event: CLICK_LEFT_HAND_SWITCH_BUTTON, Button Value: close-hand, Date: 11/17/2021, 2:55:41 PM
<Prototype Log> Event: CLICK_LEFT_HAND_SWITCH_BUTTON, Button Value: open-hand, Date: 11/17/2021, 2:55:45 PM
<Prototype Log> Event: BLOCK_MOVE, Workspace: Left, Date: 11/17/2021, 2:55:55 PM
<Prototype Log> Event: BLOCK_DELETE, Workspace: Left, Date: 11/17/2021, 2:55:55 PM
<Prototype Log> Event: VAR_DELETE, Variable Name: Up1, Workspace: Left, Date: 11/17/2021, 2:55:55 PM
<Prototype Log> Event: CLICK_HOME_BUTTON, Date: 11/17/2021, 2:55:58 PM
<Prototype Log> Event: CLICK_START_BUTTON, Date: 11/17/2021, 2:56:05 PM
<Prototype Log> Event: BLOCK_CREATE, Block: custom_move, Workspace: Left, Date: 11/17/2021, 2:56:15 PM
<Prototype Log> Event: BLOCK_MOVE, Block: custom_move, Workspace: Left, Date: 11/17/2021, 2:56:15 PM
<Prototype Log> Event: BLOCK_MOVE, Block: custom_move, Workspace: Left, Date: 11/17/2021, 2:56:16 PM
<Prototype Log> Event: BLOCK_MOVE, Workspace: Left, Date: 11/17/2021, 2:56:17 PM
<Prototype Log> Event: BLOCK_DELETE, Workspace: Left, Date: 11/17/2021, 2:56:17 PM
<Prototype Log> Event: BLOCK_CREATE, Block: custom_move, Workspace: Right, Date: 11/17/2021, 2:56:17 PM
<Prototype Log> Event: BLOCK_MOVE, Block: custom_move, Workspace: Right, Date: 11/17/2021, 2:56:18 PM
<Prototype Log> Event: BLOCK_MOVE, Workspace: Right, Date: 11/17/2021, 2:56:20 PM
<Prototype Log> Event: BLOCK_DELETE, Workspace: Right, Date: 11/17/2021, 2:56:20 PM
<Prototype Log> Event: BLOCK_CREATE, Block: linear_custom_move, Workspace: Left, Date: 11/17/2021, 2:56:22 PM
<Prototype Log> Event: BLOCK_MOVE, Block: linear_custom_move, Workspace: Left, Date: 11/17/2021, 2:56:22 PM
<Prototype Log> Event: BLOCK_MOVE, Block: linear_custom_move, Workspace: Left, Date: 11/17/2021, 2:56:42 PM
<Prototype Log> Event: BLOCK_MOVE, Workspace: Left, Date: 11/17/2021, 2:56:42 PM
<Prototype Log> Event: BLOCK_DELETE, Workspace: Left, Date: 11/17/2021, 2:56:42 PM
<Prototype Log> Event: BLOCK_CREATE, Block: linear_custom_move, Workspace: Right, Date: 11/17/2021, 2:56:42 PM
<Prototype Log> Event: BLOCK_MOVE, Block: linear_custom_move, Workspace: Right, Date: 11/17/2021, 2:56:44 PM
<Prototype Log> Event: BLOCK_MOVE, Workspace: Right, Date: 11/17/2021, 2:56:45 PM
<Prototype Log> Event: BLOCK_DELETE, Workspace: Right, Date: 11/17/2021, 2:56:45 PM
<Prototype Log> Event: BLOCK_CREATE, Block: custom_move, Workspace: Left, Date: 11/17/2021, 2:56:48 PM
<Prototype Log> Event: BLOCK_MOVE, Block: custom_move, Workspace: Left, Date: 11/17/2021, 2:56:49 PM
<Prototype Log> Event: VAR_RENAME, Old Name: <somewhere>, New Name: Up1, Workspace: Left, Date: 11/17/2021, 2:56:57 PM
<Prototype Log> Event: CLICK_SAVE_WORKSPACE_BUTTON, Date: 11/17/2021, 2:57:19 PM
<Prototype Log> Event: CLICK_LEFT_HAND_SWITCH_BUTTON, Button Value: close-hand, Date: 11/17/2021, 2:57:21 PM
<Prototype Log> Event: CLICK_LEFT_HAND_SWITCH_BUTTON, Button Value: open-hand, Date: 11/17/2021, 2:57:23 PM
<Prototype Log> Event: CLICK_HOME_BUTTON, Date: 11/17/2021, 2:57:27 PM
<Prototype Log> Event: CLICK_START_BUTTON, Date: 11/17/2021, 2:57:43 PM
<Prototype Log> Event: CLICK_HOME_BUTTON, Date: 11/17/2021, 2:57:58 PM
<Prototype Log> Event: BLOCK_MOVE, Block: custom_move, Workspace: Left, Date: 11/17/2021, 2:58:07 PM
<Prototype Log> Event: BLOCK_MOVE, Workspace: Left, Date: 11/17/2021, 2:58:08 PM
<Prototype Log> Event: BLOCK_DELETE, Workspace: Left, Date: 11/17/2021, 2:58:08 PM
<Prototype Log> Event: BLOCK_CREATE, Block: custom_move, Workspace: Right, Date: 11/17/2021, 2:58:08 PM
<Prototype Log> Event: BLOCK_CHANGE, Block: custom_move, Workspace: Right, Date: 11/17/2021, 2:58:08 PM
<Prototype Log> Event: VAR_DELETE, Variable Name: Up1, Workspace: Right, Date: 11/17/2021, 2:58:08 PM
<Prototype Log> Event: BLOCK_MOVE, Block: custom_move, Workspace: Right, Date: 11/17/2021, 2:58:10 PM
<Prototype Log> Event: BLOCK_MOVE, Workspace: Right, Date: 11/17/2021, 2:58:11 PM
<Prototype Log> Event: BLOCK_DELETE, Workspace: Right, Date: 11/17/2021, 2:58:11 PM
<Prototype Log> Event: CLICK_START_BUTTON, Date: 11/17/2021, 2:58:14 PM
<Prototype Log> Event: BLOCK_CREATE, Block: linear_custom_move, Workspace: Left, Date: 11/17/2021, 2:58:35 PM
<Prototype Log> Event: VAR_CREATE, Variable Name: <somewhere>, Workspace: Left, Date: 11/17/2021, 2:58:35 PM
<Prototype Log> Event: BLOCK_MOVE, Block: linear_custom_move, Workspace: Left, Date: 11/17/2021, 2:58:37 PM
<Prototype Log> Event: BLOCK_CHANGE, Block: linear_custom_move, Workspace: Left, Date: 11/17/2021, 2:58:42 PM
<Prototype Log> Event: BLOCK_CHANGE, Block: linear_custom_move, Workspace: Left, Date: 11/17/2021, 2:58:47 PM
<Prototype Log> Event: CLICK_START_BUTTON, Date: 11/17/2021, 2:58:49 PM
<Prototype Log> Event: CLICK_START_BUTTON, Date: 11/17/2021, 2:58:52 PM
<Prototype Log> Event: CLICK_HOME_BUTTON, Date: 11/17/2021, 2:58:54 PM
<Prototype Log> Event: CLICK_START_BUTTON, Date: 11/17/2021, 2:59:06 PM
<Prototype Log> Event: BLOCK_CREATE, Block: linear_custom_move, Workspace: Left, Date: 11/17/2021, 2:59:19 PM
<Prototype Log> Event: BLOCK_MOVE, Block: linear_custom_move, Workspace: Left, Date: 11/17/2021, 2:59:21 PM
<Prototype Log> Event: BLOCK_MOVE, Block: linear_custom_move, Workspace: Left, Date: 11/17/2021, 2:59:29 PM
<Prototype Log> Event: BLOCK_MOVE, Workspace: Left, Date: 11/17/2021, 2:59:33 PM
<Prototype Log> Event: BLOCK_DELETE, Workspace: Left, Date: 11/17/2021, 2:59:33 PM
<Prototype Log> Event: BLOCK_CREATE, Block: linear_custom_move, Workspace: Right, Date: 11/17/2021, 2:59:33 PM
<Prototype Log> Event: BLOCK_MOVE, Block: linear_custom_move, Workspace: Right, Date: 11/17/2021, 2:59:34 PM
<Prototype Log> Event: BLOCK_MOVE, Workspace: Right, Date: 11/17/2021, 2:59:35 PM
<Prototype Log> Event: BLOCK_DELETE, Workspace: Right, Date: 11/17/2021, 2:59:35 PM
<Prototype Log> Event: BLOCK_CREATE, Block: custom_move, Workspace: Left, Date: 11/17/2021, 2:59:37 PM
<Prototype Log> Event: BLOCK_MOVE, Block: custom_move, Workspace: Left, Date: 11/17/2021, 2:59:38 PM
<Prototype Log> Event: VAR_RENAME, Old Name: <somewhere>, New Name: Finish a, Workspace: Left, Date: 11/17/2021, 2:59:50 PM
<Prototype Log> Event: CLICK_SAVE_WORKSPACE_BUTTON, Date: 11/17/2021, 3:00:29 PM
<Prototype Log> Event: BLOCK_CREATE, Block: custom_open, Workspace: Left, Date: 11/17/2021, 3:00:32 PM
<Prototype Log> Event: BLOCK_MOVE, Block: custom_open, Workspace: Left, Date: 11/17/2021, 3:00:34 PM
<Prototype Log> Event: CLICK_HOME_BUTTON, Date: 11/17/2021, 3:00:35 PM
<Prototype Log> Event: CLICK_START_BUTTON, Date: 11/17/2021, 3:00:46 PM
<Prototype Log> Event: BLOCK_MOVE, Block: custom_open, Workspace: Left, Date: 11/17/2021, 3:00:59 PM
<Prototype Log> Event: BLOCK_MOVE, Block: custom_open, Workspace: Left, Date: 11/17/2021, 3:01:02 PM
<Prototype Log> Event: CLICK_HOME_BUTTON, Date: 11/17/2021, 3:01:03 PM
<Prototype Log> Event: BLOCK_CHANGE, Block: linear_custom_move, Workspace: Left, Date: 11/17/2021, 3:01:16 PM
<Prototype Log> Event: BLOCK_CHANGE, Block: custom_move, Workspace: Left, Date: 11/17/2021, 3:01:17 PM
<Prototype Log> Event: BLOCK_CHANGE, Block: custom_move, Workspace: Right, Date: 11/17/2021, 3:01:45 PM
<Prototype Log> Event: CLICK_START_BUTTON, Date: 11/17/2021, 3:01:52 PM
<Prototype Log> Event: CLICK_HOME_BUTTON, Date: 11/17/2021, 3:02:02 PM
<Prototype Log> Event: BLOCK_CHANGE, Block: linear_custom_move, Workspace: Left, Date: 11/17/2021, 3:02:16 PM
<Prototype Log> Event: BLOCK_CHANGE, Block: custom_move, Workspace: Left, Date: 11/17/2021, 3:02:18 PM
<Prototype Log> Event: CLICK_LEFT_HAND_SWITCH_BUTTON, Button Value: close-hand, Date: 11/17/2021, 3:02:24 PM
<Prototype Log> Event: CLICK_LEFT_HAND_SWITCH_BUTTON, Button Value: open-hand, Date: 11/17/2021, 3:02:26 PM
<Prototype Log> Event: CLICK_LEFT_HAND_SWITCH_BUTTON, Button Value: open-hand, Date: 11/17/2021, 3:02:29 PM
<Prototype Log> Event: CLICK_HOME_BUTTON, Date: 11/17/2021, 3:02:56 PM
<Prototype Log> Event: CLICK_START_BUTTON, Date: 11/17/2021, 3:03:07 PM
<Prototype Log> Event: CLICK_HOME_BUTTON, Date: 11/17/2021, 3:03:17 PM
<Prototype Log> Event: CLICK_LEFT_HAND_SWITCH_BUTTON, Button Value: close-hand, Date: 11/17/2021, 3:03:17 PM
<Prototype Log> Event: CLICK_START_BUTTON, Date: 11/17/2021, 3:03:18 PM
<Prototype Log> Event: CLICK_LEFT_HAND_SWITCH_BUTTON, Button Value: close-hand, Date: 11/17/2021, 3:03:23 PM
<Prototype Log> Event: CLICK_LEFT_HAND_SWITCH_BUTTON, Button Value: open-hand, Date: 11/17/2021, 3:03:25 PM
<Prototype Log> Event: CLICK_LEFT_HAND_SWITCH_BUTTON, Button Value: open-hand, Date: 11/17/2021, 3:03:26 PM
<Prototype Log> Event: CLICK_LEFT_HAND_SWITCH_BUTTON, Button Value: close-hand, Date: 11/17/2021, 3:03:27 PM
<Prototype Log> Event: BLOCK_MOVE, Block: custom_move, Workspace: Right, Date: 11/17/2021, 3:03:38 PM
<Prototype Log> Event: BLOCK_MOVE, Block: custom_move, Workspace: Right, Date: 11/17/2021, 3:03:39 PM
<Prototype Log> Event: CLICK_HOME_BUTTON, Date: 11/17/2021, 3:03:46 PM
<Prototype Log> Event: BLOCK_MOVE, Block: custom_move, Workspace: Right, Date: 11/17/2021, 3:03:52 PM
<Prototype Log> Event: BLOCK_CHANGE, Block: custom_move, Workspace: Right, Date: 11/17/2021, 3:03:55 PM
<Prototype Log> Event: CLICK_START_BUTTON, Date: 11/17/2021, 3:04:05 PM
<Prototype Log> Event: CLICK_LEFT_HAND_SWITCH_BUTTON, Button Value: close-hand, Date: 11/17/2021, 3:04:14 PM
<Prototype Log> Event: CLICK_HOME_BUTTON, Date: 11/17/2021, 3:04:15 PM
<Prototype Log> Event: CLICK_START_BUTTON, Date: 11/17/2021, 3:04:15 PM
<Prototype Log> Event: CLICK_LEFT_HAND_SWITCH_BUTTON, Button Value: close-hand, Date: 11/17/2021, 3:04:19 PM
<Prototype Log> Event: CLICK_LEFT_HAND_SWITCH_BUTTON, Button Value: open-hand, Date: 11/17/2021, 3:04:20 PM
<Prototype Log> Event: CLICK_HOME_BUTTON, Date: 11/17/2021, 3:04:30 PM
<Prototype Log> Event: BLOCK_MOVE, Block: custom_move, Workspace: Right, Date: 11/17/2021, 3:04:39 PM
<Prototype Log> Event: BLOCK_MOVE, Workspace: Right, Date: 11/17/2021, 3:04:40 PM
<Prototype Log> Event: BLOCK_DELETE, Workspace: Right, Date: 11/17/2021, 3:04:40 PM
<Prototype Log> Event: BLOCK_CREATE, Block: custom_move, Workspace: Left, Date: 11/17/2021, 3:04:43 PM
<Prototype Log> Event: VAR_CREATE, Variable Name: <somewhere>, Workspace: Left, Date: 11/17/2021, 3:04:43 PM
<Prototype Log> Event: BLOCK_MOVE, Workspace: Left, Date: 11/17/2021, 3:04:43 PM
<Prototype Log> Event: BLOCK_DELETE, Workspace: Left, Date: 11/17/2021, 3:04:43 PM
<Prototype Log> Event: BLOCK_CREATE, Block: custom_move, Workspace: Right, Date: 11/17/2021, 3:04:43 PM
<Prototype Log> Event: BLOCK_MOVE, Block: custom_move, Workspace: Right, Date: 11/17/2021, 3:04:44 PM
<Prototype Log> Event: VAR_RENAME, Old Name: <somewhere>, New Name: Finishc, Workspace: Right, Date: 11/17/2021, 3:04:58 PM
<Prototype Log> Event: CLICK_SAVE_WORKSPACE_BUTTON, Date: 11/17/2021, 3:05:00 PM
<Prototype Log> Event: BLOCK_MOVE, Workspace: Right, Date: 11/17/2021, 3:05:03 PM
<Prototype Log> Event: BLOCK_DELETE, Workspace: Right, Date: 11/17/2021, 3:05:03 PM
<Prototype Log> Event: VAR_DELETE, Variable Name: Finishc, Workspace: Right, Date: 11/17/2021, 3:05:03 PM
<Prototype Log> Event: BLOCK_MOVE, Block: linear_custom_move, Workspace: Left, Date: 11/17/2021, 3:05:13 PM
<Prototype Log> Event: BLOCK_MOVE, Block: linear_custom_move, Workspace: Left, Date: 11/17/2021, 3:05:13 PM
<Prototype Log> Event: CLICK_START_BUTTON, Date: 11/17/2021, 3:05:21 PM
<Prototype Log> Event: CLICK_SAVE_WORKSPACE_BUTTON, Date: 11/17/2021, 3:05:22 PM
<Prototype Log> Event: BLOCK_CREATE, Block: custom_move, Workspace: Left, Date: 11/17/2021, 3:05:30 PM
<Prototype Log> Event: BLOCK_MOVE, Workspace: Left, Date: 11/17/2021, 3:05:30 PM
<Prototype Log> Event: BLOCK_DELETE, Workspace: Left, Date: 11/17/2021, 3:05:30 PM
<Prototype Log> Event: BLOCK_CREATE, Block: custom_move, Workspace: Right, Date: 11/17/2021, 3:05:30 PM
<Prototype Log> Event: BLOCK_MOVE, Block: custom_move, Workspace: Right, Date: 11/17/2021, 3:05:31 PM
<Prototype Log> Event: VAR_RENAME, Old Name: <somewhere>, New Name: Finish 3, Workspace: Right, Date: 11/17/2021, 3:05:41 PM
<Prototype Log> Event: CLICK_SAVE_WORKSPACE_BUTTON, Date: 11/17/2021, 3:05:56 PM
<Prototype Log> Event: CLICK_START_BUTTON, Date: 11/17/2021, 3:05:59 PM
<Prototype Log> Event: CLICK_START_BUTTON, Date: 11/17/2021, 3:06:00 PM
<Prototype Log> Event: CLICK_START_BUTTON, Date: 11/17/2021, 3:06:02 PM
<Prototype Log> Event: CLICK_HOME_BUTTON, Date: 11/17/2021, 3:06:03 PM
<Prototype Log> Event: CLICK_START_BUTTON, Date: 11/17/2021, 3:06:17 PM
<Prototype Log> Event: BLOCK_CREATE, Block: custom_move, Workspace: Left, Date: 11/17/2021, 3:06:28 PM
<Prototype Log> Event: BLOCK_MOVE, Workspace: Left, Date: 11/17/2021, 3:06:28 PM
<Prototype Log> Event: BLOCK_DELETE, Workspace: Left, Date: 11/17/2021, 3:06:28 PM
<Prototype Log> Event: BLOCK_CREATE, Block: custom_move, Workspace: Right, Date: 11/17/2021, 3:06:28 PM
<Prototype Log> Event: BLOCK_MOVE, Block: custom_move, Workspace: Right, Date: 11/17/2021, 3:06:29 PM
<Prototype Log> Event: BLOCK_CHANGE, Block: custom_move, Workspace: Right, Date: 11/17/2021, 3:06:32 PM
<Prototype Log> Event: BLOCK_MOVE, Block: linear_custom_move, Workspace: Left, Date: 11/17/2021, 3:06:36 PM
<Prototype Log> Event: CLICK_HOME_BUTTON, Date: 11/17/2021, 3:06:38 PM
<Prototype Log> Event: CLICK_START_BUTTON, Date: 11/17/2021, 3:06:55 PM
<Prototype Log> Event: BLOCK_CREATE, Block: custom_move, Workspace: Left, Date: 11/17/2021, 3:07:12 PM
<Prototype Log> Event: BLOCK_MOVE, Block: custom_move, Workspace: Left, Date: 11/17/2021, 3:07:14 PM
<Prototype Log> Event: BLOCK_CHANGE, Block: custom_move, Workspace: Left, Date: 11/17/2021, 3:07:17 PM
<Prototype Log> Event: CLICK_HOME_BUTTON, Date: 11/17/2021, 3:07:20 PM
<Prototype Log> Event: CLICK_START_BUTTON, Date: 11/17/2021, 3:07:29 PM
<Prototype Log> Event: CLICK_START_BUTTON, Date: 11/17/2021, 3:07:42 PM
<Prototype Log> Event: CLICK_LEFT_HAND_SWITCH_BUTTON, Button Value: close-hand, Date: 11/17/2021, 3:07:45 PM
<Prototype Log> Event: CLICK_LEFT_HAND_SWITCH_BUTTON, Button Value: open-hand, Date: 11/17/2021, 3:07:46 PM
<Prototype Log> Event: CLICK_LEFT_HAND_SWITCH_BUTTON, Button Value: close-hand, Date: 11/17/2021, 3:07:47 PM
<Prototype Log> Event: CLICK_LEFT_HAND_SWITCH_BUTTON, Button Value: close-hand, Date: 11/17/2021, 3:07:57 PM
<Prototype Log> Event: CLICK_LEFT_HAND_SWITCH_BUTTON, Button Value: open-hand, Date: 11/17/2021, 3:08:05 PM
<Prototype Log> Event: CLICK_LEFT_HAND_SWITCH_BUTTON, Button Value: close-hand, Date: 11/17/2021, 3:08:18 PM
<Prototype Log> Event: CLICK_LEFT_HAND_SWITCH_BUTTON, Button Value: open-hand, Date: 11/17/2021, 3:08:21 PM
<Prototype Log> Event: CLICK_HOME_BUTTON, Date: 11/17/2021, 3:08:28 PM
<Prototype Log> Event: CLICK_HOME_BUTTON, Date: 11/17/2021, 3:08:28 PM
<Prototype Log> Event: CLICK_START_BUTTON, Date: 11/17/2021, 3:08:37 PM
<Prototype Log> Event: BLOCK_CHANGE, Block: custom_move, Workspace: Left, Date: 11/17/2021, 3:09:06 PM
<Prototype Log> Event: CLICK_START_BUTTON, Date: 11/17/2021, 3:09:08 PM
<Prototype Log> Event: BLOCK_CREATE, Block: custom_move, Workspace: Left, Date: 11/17/2021, 3:09:31 PM
<Prototype Log> Event: BLOCK_CREATE, Block: custom_follow, Workspace: Right, Date: 11/17/2021, 3:09:31 PM
<Prototype Log> Event: BLOCK_MOVE, Block: custom_follow, Workspace: Right, Date: 11/17/2021, 3:09:31 PM
<Prototype Log> Event: BLOCK_MOVE, Block: custom_follow, Workspace: Right, Date: 11/17/2021, 3:09:35 PM
<Prototype Log> Event: BLOCK_MOVE, Block: custom_move, Workspace: Right, Date: 11/17/2021, 3:09:35 PM
<Prototype Log> Event: BLOCK_MOVE, Block: custom_follow, Workspace: Right, Date: 11/17/2021, 3:09:35 PM
<Prototype Log> Event: BLOCK_MOVE, Block: custom_move, Workspace: Left, Date: 11/17/2021, 3:09:35 PM
<Prototype Log> Event: BLOCK_MOVE, Block: custom_follow, Workspace: Right, Date: 11/17/2021, 3:09:36 PM
<Prototype Log> Event: BLOCK_MOVE, Block: custom_move, Workspace: Left, Date: 11/17/2021, 3:09:36 PM
<Prototype Log> Event: BLOCK_MOVE, Block: custom_move, Workspace: Left, Date: 11/17/2021, 3:09:38 PM
<Prototype Log> Event: BLOCK_MOVE, Block: custom_follow, Workspace: Right, Date: 11/17/2021, 3:09:38 PM
<Prototype Log> Event: BLOCK_MOVE, Block: custom_move, Workspace: Right, Date: 11/17/2021, 3:09:40 PM
<Prototype Log> Event: BLOCK_MOVE, Block: custom_move, Workspace: Right, Date: 11/17/2021, 3:09:41 PM
<Prototype Log> Event: BLOCK_MOVE, Block: custom_follow, Workspace: Right, Date: 11/17/2021, 3:09:41 PM
<Prototype Log> Event: BLOCK_MOVE, Block: custom_move, Workspace: Left, Date: 11/17/2021, 3:09:41 PM
<Prototype Log> Event: BLOCK_MOVE, Block: custom_move, Workspace: Left, Date: 11/17/2021, 3:09:46 PM
<Prototype Log> Event: BLOCK_MOVE, Block: custom_follow, Workspace: Right, Date: 11/17/2021, 3:09:46 PM
<Prototype Log> Event: BLOCK_MOVE, Block: custom_move, Workspace: Left, Date: 11/17/2021, 3:09:46 PM
<Prototype Log> Event: BLOCK_MOVE, Block: custom_move, Workspace: Left, Date: 11/17/2021, 3:09:48 PM
<Prototype Log> Event: BLOCK_MOVE, Block: custom_move, Workspace: Right, Date: 11/17/2021, 3:09:48 PM
<Prototype Log> Event: BLOCK_MOVE, Block: custom_move, Workspace: Left, Date: 11/17/2021, 3:09:48 PM
<Prototype Log> Event: VAR_RENAME, Old Name: <somewhere>, New Name: Tape, Workspace: Left, Date: 11/17/2021, 3:10:01 PM
<Prototype Log> Event: CLICK_SAVE_WORKSPACE_BUTTON, Date: 11/17/2021, 3:10:18 PM
<Prototype Log> Event: CLICK_HOME_BUTTON, Date: 11/17/2021, 3:10:20 PM
<Prototype Log> Event: CLICK_START_BUTTON, Date: 11/17/2021, 3:10:32 PM
<Prototype Log> Event: CLICK_HOME_BUTTON, Date: 11/17/2021, 3:10:55 PM
<Prototype Log> Event: CLICK_HOME_BUTTON, Date: 11/17/2021, 3:11:21 PM
<Prototype Log> Event: CLICK_HOME_BUTTON, Date: 11/17/2021, 3:11:22 PM
<Prototype Log> Event: BLOCK_MOVE, Block: custom_follow, Workspace: Right, Date: 11/17/2021, 3:11:24 PM
<Prototype Log> Event: BLOCK_MOVE, Block: custom_move, Workspace: Left, Date: 11/17/2021, 3:11:29 PM
<Prototype Log> Event: BLOCK_MOVE, Workspace: Right, Date: 11/17/2021, 3:11:29 PM
<Prototype Log> Event: BLOCK_DELETE, Workspace: Right, Date: 11/17/2021, 3:11:29 PM
<Prototype Log> Event: BLOCK_MOVE, Block: custom_move, Workspace: Left, Date: 11/17/2021, 3:11:35 PM
<Prototype Log> Event: BLOCK_CREATE, Block: custom_move, Workspace: Left, Date: 11/17/2021, 3:11:39 PM
<Prototype Log> Event: VAR_CREATE, Variable Name: <somewhere>, Workspace: Left, Date: 11/17/2021, 3:11:39 PM
<Prototype Log> Event: BLOCK_MOVE, Workspace: Left, Date: 11/17/2021, 3:11:40 PM
<Prototype Log> Event: BLOCK_DELETE, Workspace: Left, Date: 11/17/2021, 3:11:40 PM
<Prototype Log> Event: BLOCK_CREATE, Block: custom_move, Workspace: Right, Date: 11/17/2021, 3:11:40 PM
<Prototype Log> Event: BLOCK_MOVE, Block: custom_move, Workspace: Right, Date: 11/17/2021, 3:11:41 PM
<Prototype Log> Event: VAR_RENAME, Old Name: <somewhere>, New Name: Tape 2, Workspace: Right, Date: 11/17/2021, 3:11:49 PM
<Prototype Log> Event: CLICK_SAVE_WORKSPACE_BUTTON, Date: 11/17/2021, 3:12:09 PM
<Prototype Log> Event: CLICK_HOME_BUTTON, Date: 11/17/2021, 3:12:10 PM
<Prototype Log> Event: CLICK_START_BUTTON, Date: 11/17/2021, 3:12:24 PM
<Prototype Log> Event: BLOCK_CREATE, Block: custom_close, Workspace: Left, Date: 11/17/2021, 3:12:53 PM
<Prototype Log> Event: BLOCK_MOVE, Workspace: Left, Date: 11/17/2021, 3:12:54 PM
<Prototype Log> Event: BLOCK_DELETE, Workspace: Left, Date: 11/17/2021, 3:12:54 PM
<Prototype Log> Event: BLOCK_CREATE, Block: custom_close, Workspace: Right, Date: 11/17/2021, 3:12:54 PM
<Prototype Log> Event: BLOCK_DELETE, Workspace: Right, Date: 11/17/2021, 3:12:56 PM
<Prototype Log> Event: BLOCK_CREATE, Block: custom_close, Workspace: Left, Date: 11/17/2021, 3:12:56 PM
<Prototype Log> Event: BLOCK_MOVE, Block: custom_close, Workspace: Left, Date: 11/17/2021, 3:12:58 PM
<Prototype Log> Event: BLOCK_CREATE, Block: custom_close, Workspace: Left, Date: 11/17/2021, 3:13:01 PM
<Prototype Log> Event: BLOCK_MOVE, Workspace: Left, Date: 11/17/2021, 3:13:02 PM
<Prototype Log> Event: BLOCK_DELETE, Workspace: Left, Date: 11/17/2021, 3:13:02 PM
<Prototype Log> Event: BLOCK_CREATE, Block: custom_close, Workspace: Right, Date: 11/17/2021, 3:13:02 PM
<Prototype Log> Event: BLOCK_MOVE, Block: custom_close, Workspace: Right, Date: 11/17/2021, 3:13:03 PM
<Prototype Log> Event: CLICK_HOME_BUTTON, Date: 11/17/2021, 3:13:04 PM
<Prototype Log> Event: BLOCK_CREATE, Block: custom_wait, Workspace: Left, Date: 11/17/2021, 3:13:23 PM
<Prototype Log> Event: BLOCK_CREATE, Block: custom_wait, Workspace: Right, Date: 11/17/2021, 3:13:23 PM
<Prototype Log> Event: BLOCK_MOVE, Block: custom_wait, Workspace: Right, Date: 11/17/2021, 3:13:23 PM
<Prototype Log> Event: BLOCK_MOVE, Block: custom_wait, Workspace: Right, Date: 11/17/2021, 3:13:25 PM
<Prototype Log> Event: BLOCK_MOVE, Block: custom_wait, Workspace: Left, Date: 11/17/2021, 3:13:25 PM
<Prototype Log> Event: BLOCK_MOVE, Block: custom_wait, Workspace: Left, Date: 11/17/2021, 3:13:28 PM
<Prototype Log> Event: BLOCK_MOVE, Workspace: Right, Date: 11/17/2021, 3:13:28 PM
<Prototype Log> Event: BLOCK_DELETE, Workspace: Right, Date: 11/17/2021, 3:13:28 PM
<Prototype Log> Event: BLOCK_DELETE, Workspace: Left, Date: 11/17/2021, 3:13:28 PM
<Prototype Log> Event: BLOCK_CHANGE, Block: custom_move, Workspace: Right, Date: 11/17/2021, 3:13:31 PM
<Prototype Log> Event: CLICK_START_BUTTON, Date: 11/17/2021, 3:13:32 PM
<Prototype Log> Event: BLOCK_CREATE, Block: custom_move, Workspace: Left, Date: 11/17/2021, 3:13:49 PM
<Prototype Log> Event: BLOCK_CREATE, Block: custom_follow, Workspace: Right, Date: 11/17/2021, 3:13:49 PM
<Prototype Log> Event: BLOCK_MOVE, Block: custom_follow, Workspace: Right, Date: 11/17/2021, 3:13:49 PM
<Prototype Log> Event: BLOCK_MOVE, Block: custom_follow, Workspace: Right, Date: 11/17/2021, 3:13:54 PM
<Prototype Log> Event: BLOCK_MOVE, Block: custom_move, Workspace: Left, Date: 11/17/2021, 3:13:54 PM
<Prototype Log> Event: BLOCK_MOVE, Block: custom_move, Workspace: Left, Date: 11/17/2021, 3:13:54 PM
<Prototype Log> Event: VAR_RENAME, Old Name: <somewhere>, New Name: Finish both, Workspace: Left, Date: 11/17/2021, 3:14:07 PM
<Prototype Log> Event: CLICK_SAVE_WORKSPACE_BUTTON, Date: 11/17/2021, 3:14:30 PM
<Prototype Log> Event: CLICK_HOME_BUTTON, Date: 11/17/2021, 3:14:33 PM
<Prototype Log> Event: CLICK_START_BUTTON, Date: 11/17/2021, 3:14:46 PM
<Prototype Log> Event: CLICK_START_BUTTON, Date: 11/17/2021, 3:14:47 PM
<Prototype Log> Event: BLOCK_CHANGE, Block: custom_move, Workspace: Left, Date: 11/17/2021, 3:15:10 PM
<Prototype Log> Event: CLICK_HOME_BUTTON, Date: 11/17/2021, 3:15:13 PM
<Prototype Log> Event: CLICK_START_BUTTON, Date: 11/17/2021, 3:15:24 PM
<Prototype Log> Event: CLICK_HOME_BUTTON, Date: 11/17/2021, 3:15:45 PM
<Prototype Log> Event: BLOCK_DELETE, Workspace: Left, Date: 11/17/2021, 3:16:03 PM
<Prototype Log> Event: VAR_DELETE, Variable Name: Finish both, Workspace: Left, Date: 11/17/2021, 3:16:03 PM
<Prototype Log> Event: BLOCK_MOVE, Workspace: Right, Date: 11/17/2021, 3:16:03 PM
<Prototype Log> Event: BLOCK_DELETE, Workspace: Right, Date: 11/17/2021, 3:16:03 PM
<Prototype Log> Event: CLICK_START_BUTTON, Date: 11/17/2021, 3:16:10 PM
<Prototype Log> Event: BLOCK_CREATE, Block: custom_move, Workspace: Left, Date: 11/17/2021, 3:16:26 PM
<Prototype Log> Event: VAR_CREATE, Variable Name: <somewhere>, Workspace: Left, Date: 11/17/2021, 3:16:26 PM
<Prototype Log> Event: BLOCK_CREATE, Block: custom_follow, Workspace: Right, Date: 11/17/2021, 3:16:26 PM
<Prototype Log> Event: BLOCK_MOVE, Block: custom_follow, Workspace: Right, Date: 11/17/2021, 3:16:26 PM
<Prototype Log> Event: BLOCK_MOVE, Block: custom_follow, Workspace: Right, Date: 11/17/2021, 3:16:28 PM
<Prototype Log> Event: BLOCK_MOVE, Block: custom_move, Workspace: Left, Date: 11/17/2021, 3:16:28 PM
<Prototype Log> Event: BLOCK_MOVE, Block: custom_move, Workspace: Left, Date: 11/17/2021, 3:16:28 PM
<Prototype Log> Event: VAR_RENAME, Old Name: <somewhere>, New Name: Finish final, Workspace: Left, Date: 11/17/2021, 3:16:39 PM
<Prototype Log> Event: CLICK_SAVE_WORKSPACE_BUTTON, Date: 11/17/2021, 3:16:51 PM
<Prototype Log> Event: BLOCK_CREATE, Block: custom_move, Workspace: Left, Date: 11/17/2021, 3:16:56 PM
<Prototype Log> Event: VAR_CREATE, Variable Name: <somewhere>, Workspace: Left, Date: 11/17/2021, 3:16:56 PM
<Prototype Log> Event: BLOCK_CREATE, Block: custom_follow, Workspace: Right, Date: 11/17/2021, 3:16:56 PM
<Prototype Log> Event: BLOCK_MOVE, Block: custom_follow, Workspace: Right, Date: 11/17/2021, 3:16:56 PM
<Prototype Log> Event: BLOCK_MOVE, Block: custom_follow, Workspace: Right, Date: 11/17/2021, 3:16:57 PM
<Prototype Log> Event: BLOCK_MOVE, Block: custom_move, Workspace: Left, Date: 11/17/2021, 3:16:57 PM
<Prototype Log> Event: VAR_RENAME, Old Name: <somewhere>, New Name: Finish, Workspace: Left, Date: 11/17/2021, 3:17:03 PM
<Prototype Log> Event: CLICK_SAVE_WORKSPACE_BUTTON, Date: 11/17/2021, 3:17:19 PM
<Prototype Log> Event: CLICK_HOME_BUTTON, Date: 11/17/2021, 3:17:28 PM
<Prototype Log> Event: BLOCK_CREATE, Block: custom_move, Workspace: Left, Date: 11/17/2021, 3:17:45 PM
<Prototype Log> Event: VAR_CREATE, Variable Name: <somewhere>, Workspace: Left, Date: 11/17/2021, 3:17:45 PM
<Prototype Log> Event: BLOCK_CREATE, Block: custom_follow, Workspace: Right, Date: 11/17/2021, 3:17:45 PM
<Prototype Log> Event: BLOCK_MOVE, Block: custom_follow, Workspace: Right, Date: 11/17/2021, 3:17:45 PM
<Prototype Log> Event: BLOCK_MOVE, Block: custom_follow, Workspace: Right, Date: 11/17/2021, 3:17:47 PM
<Prototype Log> Event: BLOCK_MOVE, Block: custom_move, Workspace: Left, Date: 11/17/2021, 3:17:47 PM
<Prototype Log> Event: BLOCK_CHANGE, Block: custom_move, Workspace: Left, Date: 11/17/2021, 3:17:49 PM
<Prototype Log> Event: BLOCK_CHANGE, Block: custom_move, Workspace: Left, Date: 11/17/2021, 3:17:54 PM
<Prototype Log> Event: BLOCK_CHANGE, Block: custom_move, Workspace: Left, Date: 11/17/2021, 3:17:55 PM
<Prototype Log> Event: CLICK_START_BUTTON, Date: 11/17/2021, 3:17:56 PM
<Prototype Log> Event: CLICK_HOME_BUTTON, Date: 11/17/2021, 3:18:55 PM
<Prototype Log> Event: CLICK_RIGHT_HAND_SWITCH_BUTTON, Button Value: close-hand, Date: 11/17/2021, 3:21:08 PM
<Prototype Log> Event: CLICK_RIGHT_HAND_SWITCH_BUTTON, Button Value: open-hand, Date: 11/17/2021, 3:21:10 PM
<Prototype Log> Event: CLICK_RIGHT_HAND_SWITCH_BUTTON, Button Value: open-hand, Date: 11/17/2021, 3:21:12 PM
<Prototype Log> Event: CLICK_START_BUTTON, Date: 11/17/2021, 3:21:16 PM
<Prototype Log> Event: CLICK_LEFT_RIGHT_HAND_SWITCH_BUTTON, Button Value: close-hand, Date: 11/17/2021, 3:21:37 PM
<Prototype Log> Event: CLICK_LEFT_HAND_SWITCH_BUTTON, Button Value: open-hand, Date: 11/17/2021, 3:21:40 PM
<Prototype Log> Event: CLICK_HOME_BUTTON, Date: 11/17/2021, 3:21:44 PM
<Prototype Log> Event: BLOCK_MOVE, Block: custom_follow, Workspace: Right, Date: 11/17/2021, 3:21:49 PM
<Prototype Log> Event: BLOCK_MOVE, Block: custom_move, Workspace: Left, Date: 11/17/2021, 3:21:49 PM
<Prototype Log> Event: BLOCK_MOVE, Block: custom_move, Workspace: Left, Date: 11/17/2021, 3:21:52 PM
<Prototype Log> Event: BLOCK_MOVE, Workspace: Right, Date: 11/17/2021, 3:21:52 PM
<Prototype Log> Event: BLOCK_DELETE, Workspace: Right, Date: 11/17/2021, 3:21:52 PM
<Prototype Log> Event: BLOCK_MOVE, Block: custom_move, Workspace: Left, Date: 11/17/2021, 3:21:55 PM
<Prototype Log> Event: BLOCK_MOVE, Block: custom_follow, Workspace: Right, Date: 11/17/2021, 3:21:55 PM
<Prototype Log> Event: BLOCK_MOVE, Block: custom_follow, Workspace: Right, Date: 11/17/2021, 3:21:56 PM
<Prototype Log> Event: BLOCK_MOVE, Block: custom_move, Workspace: Left, Date: 11/17/2021, 3:21:56 PM
<Prototype Log> Event: BLOCK_DELETE, Workspace: Left, Date: 11/17/2021, 3:21:58 PM
<Prototype Log> Event: VAR_DELETE, Variable Name: Finish, Workspace: Left, Date: 11/17/2021, 3:21:58 PM
<Prototype Log> Event: BLOCK_DELETE, Workspace: Right, Date: 11/17/2021, 3:21:58 PM
<Prototype Log> Event: BLOCK_MOVE, Workspace: Left, Date: 11/17/2021, 3:22:02 PM
<Prototype Log> Event: BLOCK_DELETE, Workspace: Left, Date: 11/17/2021, 3:22:02 PM
<Prototype Log> Event: BLOCK_CREATE, Block: custom_move, Workspace: Right, Date: 11/17/2021, 3:22:02 PM
<Prototype Log> Event: BLOCK_MOVE, Block: custom_move, Workspace: Right, Date: 11/17/2021, 3:22:03 PM
<Prototype Log> Event: CLICK_START_BUTTON, Date: 11/17/2021, 3:22:12 PM
<Prototype Log> Event: BLOCK_CREATE, Block: custom_move, Workspace: Left, Date: 11/17/2021, 3:22:42 PM
<Prototype Log> Event: BLOCK_CREATE, Block: custom_follow, Workspace: Right, Date: 11/17/2021, 3:22:42 PM
<Prototype Log> Event: BLOCK_MOVE, Block: custom_follow, Workspace: Right, Date: 11/17/2021, 3:22:42 PM
<Prototype Log> Event: BLOCK_MOVE, Block: custom_follow, Workspace: Right, Date: 11/17/2021, 3:22:44 PM
<Prototype Log> Event: BLOCK_MOVE, Block: custom_move, Workspace: Left, Date: 11/17/2021, 3:22:44 PM
<Prototype Log> Event: VAR_RENAME, Old Name: <somewhere>, New Name: Fin, Workspace: Left, Date: 11/17/2021, 3:22:49 PM
<Prototype Log> Event: CLICK_SAVE_WORKSPACE_BUTTON, Date: 11/17/2021, 3:23:04 PM
<Prototype Log> Event: CLICK_LEFT_RIGHT_HAND_SWITCH_BUTTON, Button Value: close-hand, Date: 11/17/2021, 3:23:07 PM
<Prototype Log> Event: CLICK_LEFT_HAND_SWITCH_BUTTON, Button Value: open-hand, Date: 11/17/2021, 3:23:09 PM
<Prototype Log> Event: CLICK_LEFT_HAND_SWITCH_BUTTON, Button Value: open-hand, Date: 11/17/2021, 3:23:13 PM
<Prototype Log> Event: CLICK_HOME_BUTTON, Date: 11/17/2021, 3:23:18 PM
<Prototype Log> Event: CLICK_START_BUTTON, Date: 11/17/2021, 3:23:25 PM
<Prototype Log> Event: BLOCK_MOVE, Workspace: Left, Date: 11/17/2021, 3:23:46 PM
<Prototype Log> Event: BLOCK_DELETE, Workspace: Left, Date: 11/17/2021, 3:23:46 PM
<Prototype Log> Event: VAR_DELETE, Variable Name: Fin, Workspace: Left, Date: 11/17/2021, 3:23:46 PM
<Prototype Log> Event: BLOCK_MOVE, Workspace: Right, Date: 11/17/2021, 3:23:46 PM
<Prototype Log> Event: BLOCK_DELETE, Workspace: Right, Date: 11/17/2021, 3:23:46 PM
<Prototype Log> Event: BLOCK_DELETE, Workspace: Left, Date: 11/17/2021, 3:23:48 PM
<Prototype Log> Event: VAR_DELETE, Variable Name: Finish final, Workspace: Left, Date: 11/17/2021, 3:23:48 PM
<Prototype Log> Event: BLOCK_MOVE, Workspace: Right, Date: 11/17/2021, 3:23:48 PM
<Prototype Log> Event: BLOCK_DELETE, Workspace: Right, Date: 11/17/2021, 3:23:48 PM
<Prototype Log> Event: CLICK_LEFT_RIGHT_HAND_SWITCH_BUTTON, Button Value: close-hand, Date: 11/17/2021, 3:23:51 PM
<Prototype Log> Event: CLICK_LEFT_HAND_SWITCH_BUTTON, Button Value: open-hand, Date: 11/17/2021, 3:23:53 PM
<Prototype Log> Event: CLICK_LEFT_HAND_SWITCH_BUTTON, Button Value: open-hand, Date: 11/17/2021, 3:23:57 PM
<Prototype Log> Event: CLICK_HOME_BUTTON, Date: 11/17/2021, 3:24:00 PM
<Prototype Log> Event: CLICK_HOME_BUTTON, Date: 11/17/2021, 3:24:06 PM
<Prototype Log> Event: CLICK_START_BUTTON, Date: 11/17/2021, 3:24:14 PM
<Prototype Log> Event: BLOCK_CREATE, Block: custom_move, Workspace: Left, Date: 11/17/2021, 3:24:19 PM
<Prototype Log> Event: VAR_CREATE, Variable Name: <somewhere>, Workspace: Left, Date: 11/17/2021, 3:24:19 PM
<Prototype Log> Event: BLOCK_CREATE, Block: custom_follow, Workspace: Right, Date: 11/17/2021, 3:24:19 PM
<Prototype Log> Event: BLOCK_MOVE, Block: custom_follow, Workspace: Right, Date: 11/17/2021, 3:24:19 PM
<Prototype Log> Event: BLOCK_MOVE, Block: custom_follow, Workspace: Right, Date: 11/17/2021, 3:24:21 PM
<Prototype Log> Event: BLOCK_MOVE, Block: custom_move, Workspace: Left, Date: 11/17/2021, 3:24:21 PM
<Prototype Log> Event: BLOCK_MOVE, Block: custom_move, Workspace: Left, Date: 11/17/2021, 3:24:21 PM
<Prototype Log> Event: VAR_RENAME, Old Name: <somewhere>, New Name: Up finish, Workspace: Left, Date: 11/17/2021, 3:24:34 PM
<Prototype Log> Event: CLICK_SAVE_WORKSPACE_BUTTON, Date: 11/17/2021, 3:24:49 PM
<Prototype Log> Event: CLICK_LEFT_HAND_SWITCH_BUTTON, Button Value: close-hand, Date: 11/17/2021, 3:24:53 PM
<Prototype Log> Event: CLICK_LEFT_HAND_SWITCH_BUTTON, Button Value: open-hand, Date: 11/17/2021, 3:24:55 PM
<Prototype Log> Event: CLICK_RIGHT_HAND_SWITCH_BUTTON, Button Value: close-hand, Date: 11/17/2021, 3:24:57 PM
<Prototype Log> Event: CLICK_RIGHT_HAND_SWITCH_BUTTON, Button Value: open-hand, Date: 11/17/2021, 3:24:57 PM
<Prototype Log> Event: CLICK_LEFT_HAND_SWITCH_BUTTON, Button Value: open-hand, Date: 11/17/2021, 3:24:58 PM
<Prototype Log> Event: CLICK_HOME_BUTTON, Date: 11/17/2021, 3:25:09 PM
<Prototype Log> Event: CLICK_START_BUTTON, Date: 11/17/2021, 3:25:14 PM
<Prototype Log> Event: BLOCK_CREATE, Block: custom_move, Workspace: Left, Date: 11/17/2021, 3:25:37 PM
<Prototype Log> Event: VAR_CREATE, Variable Name: <somewhere>, Workspace: Left, Date: 11/17/2021, 3:25:37 PM
<Prototype Log> Event: BLOCK_CREATE, Block: custom_follow, Workspace: Right, Date: 11/17/2021, 3:25:37 PM
<Prototype Log> Event: BLOCK_MOVE, Block: custom_follow, Workspace: Right, Date: 11/17/2021, 3:25:37 PM
<Prototype Log> Event: BLOCK_MOVE, Block: custom_follow, Workspace: Right, Date: 11/17/2021, 3:25:40 PM
<Prototype Log> Event: BLOCK_MOVE, Block: custom_move, Workspace: Left, Date: 11/17/2021, 3:25:40 PM
<Prototype Log> Event: VAR_RENAME, Old Name: <somewhere>, New Name: Drop finish, Workspace: Left, Date: 11/17/2021, 3:25:46 PM
<Prototype Log> Event: CLICK_SAVE_WORKSPACE_BUTTON, Date: 11/17/2021, 3:26:04 PM
<Prototype Log> Event: CLICK_LEFT_HAND_SWITCH_BUTTON, Button Value: close-hand, Date: 11/17/2021, 3:26:05 PM
<Prototype Log> Event: CLICK_LEFT_RIGHT_HAND_SWITCH_BUTTON, Button Value: close-hand, Date: 11/17/2021, 3:26:08 PM
<Prototype Log> Event: CLICK_LEFT_RIGHT_HAND_SWITCH_BUTTON, Button Value: open-hand, Date: 11/17/2021, 3:26:11 PM
<Prototype Log> Event: CLICK_LEFT_RIGHT_HAND_SWITCH_BUTTON, Button Value: open-hand, Date: 11/17/2021, 3:26:14 PM
<Prototype Log> Event: CLICK_HOME_BUTTON, Date: 11/17/2021, 3:26:17 PM
<Prototype Log> Event: CLICK_HOME_BUTTON, Date: 11/17/2021, 3:26:23 PM
<Prototype Log> Event: BLOCK_CHANGE, Block: custom_move, Workspace: Left, Date: 11/17/2021, 3:26:32 PM
<Prototype Log> Event: BLOCK_CHANGE, Block: custom_move, Workspace: Left, Date: 11/17/2021, 3:26:33 PM
<Prototype Log> Event: BLOCK_CREATE, Block: custom_open, Workspace: Left, Date: 11/17/2021, 3:26:41 PM
<Prototype Log> Event: BLOCK_MOVE, Workspace: Left, Date: 11/17/2021, 3:26:43 PM
<Prototype Log> Event: BLOCK_DELETE, Workspace: Left, Date: 11/17/2021, 3:26:43 PM
<Prototype Log> Event: BLOCK_CREATE, Block: custom_open, Workspace: Right, Date: 11/17/2021, 3:26:43 PM
<Prototype Log> Event: BLOCK_MOVE, Block: custom_open, Workspace: Right, Date: 11/17/2021, 3:26:44 PM
<Prototype Log> Event: BLOCK_CREATE, Block: custom_open, Workspace: Left, Date: 11/17/2021, 3:26:47 PM
<Prototype Log> Event: BLOCK_MOVE, Block: custom_open, Workspace: Left, Date: 11/17/2021, 3:26:48 PM
<Prototype Log> Event: CLICK_START_BUTTON, Date: 11/17/2021, 3:26:51 PM
<Prototype Log> Event: CLICK_HOME_BUTTON, Date: 11/17/2021, 3:27:17 PM
<Prototype Log> Event: BLOCK_MOVE, Block: custom_open, Workspace: Right, Date: 11/17/2021, 3:27:19 PM
<Prototype Log> Event: BLOCK_MOVE, Workspace: Right, Date: 11/17/2021, 3:27:20 PM
<Prototype Log> Event: BLOCK_DELETE, Workspace: Right, Date: 11/17/2021, 3:27:20 PM
<Prototype Log> Event: BLOCK_MOVE, Block: custom_open, Workspace: Left, Date: 11/17/2021, 3:27:22 PM
<Prototype Log> Event: BLOCK_MOVE, Workspace: Left, Date: 11/17/2021, 3:27:22 PM
<Prototype Log> Event: BLOCK_DELETE, Workspace: Left, Date: 11/17/2021, 3:27:22 PM
<Prototype Log> Event: BLOCK_CREATE, Block: custom_open, Workspace: Right, Date: 11/17/2021, 3:27:22 PM
<Prototype Log> Event: BLOCK_MOVE, Block: custom_open, Workspace: Right, Date: 11/17/2021, 3:27:23 PM
<Prototype Log> Event: BLOCK_MOVE, Block: custom_move, Workspace: Right, Date: 11/17/2021, 3:27:23 PM
<Prototype Log> Event: BLOCK_CREATE, Block: custom_move, Workspace: Left, Date: 11/17/2021, 3:27:26 PM
<Prototype Log> Event: VAR_CREATE, Variable Name: <somewhere>, Workspace: Left, Date: 11/17/2021, 3:27:26 PM
<Prototype Log> Event: BLOCK_CREATE, Block: custom_follow, Workspace: Right, Date: 11/17/2021, 3:27:26 PM
<Prototype Log> Event: BLOCK_MOVE, Block: custom_follow, Workspace: Right, Date: 11/17/2021, 3:27:26 PM
<Prototype Log> Event: BLOCK_MOVE, Block: custom_follow, Workspace: Right, Date: 11/17/2021, 3:27:27 PM
<Prototype Log> Event: BLOCK_MOVE, Block: custom_move, Workspace: Left, Date: 11/17/2021, 3:27:27 PM
<Prototype Log> Event: BLOCK_MOVE, Block: custom_move, Workspace: Left, Date: 11/17/2021, 3:27:36 PM
<Prototype Log> Event: BLOCK_MOVE, Block: custom_follow, Workspace: Right, Date: 11/17/2021, 3:27:36 PM
<Prototype Log> Event: BLOCK_MOVE, Block: custom_follow, Workspace: Right, Date: 11/17/2021, 3:27:38 PM
<Prototype Log> Event: BLOCK_MOVE, Block: custom_move, Workspace: Left, Date: 11/17/2021, 3:27:38 PM
<Prototype Log> Event: CLICK_START_BUTTON, Date: 11/17/2021, 3:27:40 PM
<Prototype Log> Event: VAR_RENAME, Old Name: <somewhere>, New Name: Finish for real, Workspace: Left, Date: 11/17/2021, 3:28:07 PM
<Prototype Log> Event: CLICK_SAVE_WORKSPACE_BUTTON, Date: 11/17/2021, 3:28:51 PM
<Prototype Log> Event: CLICK_LEFT_RIGHT_HAND_SWITCH_BUTTON, Button Value: close-hand, Date: 11/17/2021, 3:28:54 PM
<Prototype Log> Event: CLICK_LEFT_HAND_SWITCH_BUTTON, Button Value: open-hand, Date: 11/17/2021, 3:28:57 PM
<Prototype Log> Event: CLICK_LEFT_HAND_SWITCH_BUTTON, Button Value: open-hand, Date: 11/17/2021, 3:29:00 PM
<Prototype Log> Event: CLICK_HOME_BUTTON, Date: 11/17/2021, 3:29:04 PM
<Prototype Log> Event: BLOCK_MOVE, Block: custom_follow, Workspace: Right, Date: 11/17/2021, 3:29:16 PM
<Prototype Log> Event: BLOCK_MOVE, Block: custom_move, Workspace: Left, Date: 11/17/2021, 3:29:16 PM
<Prototype Log> Event: CLICK_START_BUTTON, Date: 11/17/2021, 3:29:18 PM
<Prototype Log> Event: BLOCK_MOVE, Block: custom_follow, Workspace: Right, Date: 11/17/2021, 3:29:41 PM
<Prototype Log> Event: BLOCK_MOVE, Block: custom_move, Workspace: Left, Date: 11/17/2021, 3:29:41 PM
<Prototype Log> Event: BLOCK_MOVE, Block: custom_move, Workspace: Left, Date: 11/17/2021, 3:29:43 PM
<Prototype Log> Event: BLOCK_MOVE, Workspace: Right, Date: 11/17/2021, 3:29:43 PM
<Prototype Log> Event: BLOCK_DELETE, Workspace: Right, Date: 11/17/2021, 3:29:43 PM
<Prototype Log> Event: BLOCK_MOVE, Workspace: Right, Date: 11/17/2021, 3:29:43 PM
<Prototype Log> Event: BLOCK_DELETE, Workspace: Right, Date: 11/17/2021, 3:29:43 PM
<Prototype Log> Event: CLICK_LEFT_RIGHT_HAND_SWITCH_BUTTON, Button Value: close-hand, Date: 11/17/2021, 3:29:49 PM
<Prototype Log> Event: CLICK_HOME_BUTTON, Date: 11/17/2021, 3:29:51 PM
<Prototype Log> Event: CLICK_HOME_BUTTON, Date: 11/17/2021, 3:29:56 PM
<Prototype Log> Event: BLOCK_CREATE, Block: linear_custom_move, Workspace: Left, Date: 11/17/2021, 3:30:07 PM
<Prototype Log> Event: VAR_CREATE, Variable Name: <somewhere>, Workspace: Left, Date: 11/17/2021, 3:30:07 PM
<Prototype Log> Event: BLOCK_MOVE, Block: linear_custom_move, Workspace: Left, Date: 11/17/2021, 3:30:08 PM
<Prototype Log> Event: BLOCK_MOVE, Workspace: Left, Date: 11/17/2021, 3:30:11 PM
<Prototype Log> Event: BLOCK_DELETE, Workspace: Left, Date: 11/17/2021, 3:30:11 PM
<Prototype Log> Event: BLOCK_CREATE, Block: linear_custom_move, Workspace: Right, Date: 11/17/2021, 3:30:11 PM
<Prototype Log> Event: BLOCK_MOVE, Workspace: Right, Date: 11/17/2021, 3:30:12 PM
<Prototype Log> Event: BLOCK_DELETE, Workspace: Right, Date: 11/17/2021, 3:30:12 PM
<Prototype Log> Event: CLICK_START_BUTTON, Date: 11/17/2021, 3:30:13 PM
<Prototype Log> Event: BLOCK_MOVE, Block: custom_move, Workspace: Left, Date: 11/17/2021, 3:30:33 PM
<Prototype Log> Event: BLOCK_MOVE, Block: custom_follow, Workspace: Right, Date: 11/17/2021, 3:30:33 PM
<Prototype Log> Event: BLOCK_MOVE, Workspace: Right, Date: 11/17/2021, 3:30:35 PM
<Prototype Log> Event: BLOCK_DELETE, Workspace: Right, Date: 11/17/2021, 3:30:35 PM
<Prototype Log> Event: BLOCK_MOVE, Block: custom_move, Workspace: Left, Date: 11/17/2021, 3:30:35 PM
<Prototype Log> Event: BLOCK_MOVE, Workspace: Left, Date: 11/17/2021, 3:30:42 PM
<Prototype Log> Event: BLOCK_DELETE, Workspace: Left, Date: 11/17/2021, 3:30:42 PM
<Prototype Log> Event: BLOCK_CREATE, Block: custom_move, Workspace: Right, Date: 11/17/2021, 3:30:42 PM
<Prototype Log> Event: BLOCK_CHANGE, Block: custom_move, Workspace: Right, Date: 11/17/2021, 3:30:42 PM
<Prototype Log> Event: VAR_DELETE, Variable Name: Finish for real, Workspace: Right, Date: 11/17/2021, 3:30:42 PM
<Prototype Log> Event: BLOCK_MOVE, Workspace: Right, Date: 11/17/2021, 3:30:43 PM
<Prototype Log> Event: BLOCK_DELETE, Workspace: Right, Date: 11/17/2021, 3:30:43 PM
<Prototype Log> Event: CLICK_LEFT_HAND_SWITCH_BUTTON, Button Value: close-hand, Date: 11/17/2021, 3:30:45 PM
<Prototype Log> Event: CLICK_LEFT_HAND_SWITCH_BUTTON, Button Value: open-hand, Date: 11/17/2021, 3:30:48 PM
<Prototype Log> Event: CLICK_LEFT_HAND_SWITCH_BUTTON, Button Value: open-hand, Date: 11/17/2021, 3:30:51 PM
<Prototype Log> Event: CLICK_RIGHT_HAND_SWITCH_BUTTON, Button Value: close-hand, Date: 11/17/2021, 3:30:52 PM
<Prototype Log> Event: CLICK_RIGHT_HAND_SWITCH_BUTTON, Button Value: close-hand, Date: 11/17/2021, 3:30:55 PM
<Prototype Log> Event: CLICK_RIGHT_HAND_SWITCH_BUTTON, Button Value: open-hand, Date: 11/17/2021, 3:30:58 PM
<Prototype Log> Event: CLICK_HOME_BUTTON, Date: 11/17/2021, 3:31:01 PM
<Prototype Log> Event: CLICK_START_BUTTON, Date: 11/17/2021, 3:31:13 PM
<Prototype Log> Event: BLOCK_CREATE, Block: custom_move, Workspace: Left, Date: 11/17/2021, 3:31:32 PM
<Prototype Log> Event: BLOCK_CREATE, Block: custom_follow, Workspace: Right, Date: 11/17/2021, 3:31:32 PM
<Prototype Log> Event: BLOCK_MOVE, Block: custom_follow, Workspace: Right, Date: 11/17/2021, 3:31:32 PM
<Prototype Log> Event: BLOCK_MOVE, Block: custom_follow, Workspace: Right, Date: 11/17/2021, 3:31:34 PM
<Prototype Log> Event: BLOCK_MOVE, Block: custom_move, Workspace: Left, Date: 11/17/2021, 3:31:34 PM
<Prototype Log> Event: VAR_RENAME, Old Name: <somewhere>, New Name: Last, Workspace: Left, Date: 11/17/2021, 3:31:44 PM
<Prototype Log> Event: CLICK_SAVE_WORKSPACE_BUTTON, Date: 11/17/2021, 3:32:23 PM
<Prototype Log> Event: CLICK_LEFT_RIGHT_HAND_SWITCH_BUTTON, Button Value: close-hand, Date: 11/17/2021, 3:32:25 PM
<Prototype Log> Event: CLICK_LEFT_RIGHT_HAND_SWITCH_BUTTON, Button Value: open-hand, Date: 11/17/2021, 3:32:25 PM
<Prototype Log> Event: CLICK_HOME_BUTTON, Date: 11/17/2021, 3:32:27 PM
<Prototype Log> Event: CLICK_HOME_BUTTON, Date: 11/17/2021, 3:32:30 PM
<Prototype Log> Event: BLOCK_CHANGE, Block: custom_move, Workspace: Left, Date: 11/17/2021, 3:32:45 PM
<Prototype Log> Event: CLICK_START_BUTTON, Date: 11/17/2021, 3:32:45 PM
<Prototype Log> Event: BLOCK_MOVE, Block: custom_follow, Workspace: Right, Date: 11/17/2021, 3:33:25 PM
<Prototype Log> Event: BLOCK_MOVE, Block: custom_move, Workspace: Left, Date: 11/17/2021, 3:33:25 PM
<Prototype Log> Event: BLOCK_MOVE, Block: custom_move, Workspace: Left, Date: 11/17/2021, 3:33:27 PM
<Prototype Log> Event: BLOCK_MOVE, Workspace: Right, Date: 11/17/2021, 3:33:27 PM
<Prototype Log> Event: BLOCK_DELETE, Workspace: Right, Date: 11/17/2021, 3:33:27 PM
<Prototype Log> Event: BLOCK_MOVE, Block: custom_move, Workspace: Left, Date: 11/17/2021, 3:33:31 PM
<Prototype Log> Event: BLOCK_MOVE, Block: custom_move, Workspace: Left, Date: 11/17/2021, 3:33:34 PM
<Prototype Log> Event: BLOCK_MOVE, Workspace: Left, Date: 11/17/2021, 3:33:36 PM
<Prototype Log> Event: BLOCK_DELETE, Workspace: Left, Date: 11/17/2021, 3:33:36 PM
<Prototype Log> Event: BLOCK_CREATE, Block: custom_move, Workspace: Right, Date: 11/17/2021, 3:33:36 PM
<Prototype Log> Event: BLOCK_CHANGE, Block: custom_move, Workspace: Right, Date: 11/17/2021, 3:33:36 PM
<Prototype Log> Event: VAR_DELETE, Variable Name: Last, Workspace: Right, Date: 11/17/2021, 3:33:36 PM
<Prototype Log> Event: BLOCK_DELETE, Workspace: Right, Date: 11/17/2021, 3:33:38 PM
<Prototype Log> Event: BLOCK_CREATE, Block: custom_move, Workspace: Left, Date: 11/17/2021, 3:33:38 PM
<Prototype Log> Event: BLOCK_MOVE, Block: custom_move, Workspace: Left, Date: 11/17/2021, 3:33:38 PM
<Prototype Log> Event: BLOCK_MOVE, Block: custom_move, Workspace: Left, Date: 11/17/2021, 3:33:40 PM
<Prototype Log> Event: BLOCK_MOVE, Block: custom_move, Workspace: Left, Date: 11/17/2021, 3:33:47 PM
<Prototype Log> Event: BLOCK_MOVE, Workspace: Left, Date: 11/17/2021, 3:33:48 PM
<Prototype Log> Event: BLOCK_DELETE, Workspace: Left, Date: 11/17/2021, 3:33:48 PM
<Prototype Log> Event: BLOCK_CREATE, Block: custom_move, Workspace: Right, Date: 11/17/2021, 3:33:48 PM
<Prototype Log> Event: BLOCK_MOVE, Workspace: Right, Date: 11/17/2021, 3:33:49 PM
<Prototype Log> Event: BLOCK_DELETE, Workspace: Right, Date: 11/17/2021, 3:33:49 PM
<Prototype Log> Event: BLOCK_CREATE, Block: custom_move, Workspace: Left, Date: 11/17/2021, 3:33:52 PM
<Prototype Log> Event: BLOCK_CREATE, Block: custom_follow, Workspace: Right, Date: 11/17/2021, 3:33:52 PM
<Prototype Log> Event: BLOCK_MOVE, Block: custom_follow, Workspace: Right, Date: 11/17/2021, 3:33:52 PM
<Prototype Log> Event: BLOCK_MOVE, Block: custom_follow, Workspace: Right, Date: 11/17/2021, 3:33:53 PM
<Prototype Log> Event: BLOCK_MOVE, Block: custom_move, Workspace: Left, Date: 11/17/2021, 3:33:53 PM
<Prototype Log> Event: VAR_RENAME, Old Name: <somewhere>, New Name: Upmid, Workspace: Left, Date: 11/17/2021, 3:34:02 PM
<Prototype Log> Event: CLICK_SAVE_WORKSPACE_BUTTON, Date: 11/17/2021, 3:34:02 PM
<Prototype Log> Event: BLOCK_CREATE, Block: custom_move, Workspace: Left, Date: 11/17/2021, 3:34:04 PM
<Prototype Log> Event: VAR_CREATE, Variable Name: <somewhere>, Workspace: Left, Date: 11/17/2021, 3:34:04 PM
<Prototype Log> Event: BLOCK_CREATE, Block: custom_follow, Workspace: Right, Date: 11/17/2021, 3:34:04 PM
<Prototype Log> Event: BLOCK_MOVE, Block: custom_follow, Workspace: Right, Date: 11/17/2021, 3:34:04 PM
<Prototype Log> Event: BLOCK_MOVE, Block: custom_follow, Workspace: Right, Date: 11/17/2021, 3:34:06 PM
<Prototype Log> Event: BLOCK_MOVE, Block: custom_move, Workspace: Left, Date: 11/17/2021, 3:34:06 PM
<Prototype Log> Event: VAR_RENAME, Old Name: <somewhere>, New Name: Downfinish, Workspace: Left, Date: 11/17/2021, 3:34:39 PM
<Prototype Log> Event: CLICK_SAVE_WORKSPACE_BUTTON, Date: 11/17/2021, 3:34:41 PM
<Prototype Log> Event: CLICK_LEFT_RIGHT_HAND_SWITCH_BUTTON, Button Value: close-hand, Date: 11/17/2021, 3:34:44 PM
<Prototype Log> Event: CLICK_LEFT_HAND_SWITCH_BUTTON, Button Value: open-hand, Date: 11/17/2021, 3:34:47 PM
<Prototype Log> Event: CLICK_HOME_BUTTON, Date: 11/17/2021, 3:34:37 PM
<Prototype Log> Event: BLOCK_CHANGE, Block: custom_move, Workspace: Left, Date: 11/17/2021, 3:34:49 PM
<Prototype Log> Event: BLOCK_CHANGE, Block: custom_move, Workspace: Left, Date: 11/17/2021, 3:34:50 PM
<Prototype Log> Event: CLICK_START_BUTTON, Date: 11/17/2021, 3:34:51 PM
<Prototype Log> Event: CLICK_START_BUTTON, Date: 11/17/2021, 3:34:51 PM
<Prototype Log> Event: BLOCK_CREATE, Workspace: Left, Date: 11/17/2021, 3:35:18 PM
<Prototype Log> Event: VAR_CREATE, Variable Name: <somewhere>, Workspace: Left, Date: 11/17/2021, 3:35:18 PM
<Prototype Log> Event: BLOCK_CREATE, Block: custom_move, Workspace: Left, Date: 11/17/2021, 3:35:21 PM
<Prototype Log> Event: BLOCK_CREATE, Block: custom_follow, Workspace: Right, Date: 11/17/2021, 3:35:21 PM
<Prototype Log> Event: BLOCK_MOVE, Block: custom_follow, Workspace: Right, Date: 11/17/2021, 3:35:21 PM
<Prototype Log> Event: BLOCK_MOVE, Block: custom_follow, Workspace: Right, Date: 11/17/2021, 3:35:22 PM
<Prototype Log> Event: BLOCK_MOVE, Block: custom_move, Workspace: Left, Date: 11/17/2021, 3:35:22 PM
<Prototype Log> Event: VAR_RENAME, Old Name: <somewhere>, New Name: 123, Workspace: Left, Date: 11/17/2021, 3:35:29 PM
<Prototype Log> Event: CLICK_SAVE_WORKSPACE_BUTTON, Date: 11/17/2021, 3:35:30 PM
<Prototype Log> Event: BLOCK_CREATE, Block: custom_open, Workspace: Left, Date: 11/17/2021, 3:35:33 PM
<Prototype Log> Event: BLOCK_MOVE, Block: custom_open, Workspace: Left, Date: 11/17/2021, 3:35:34 PM
<Prototype Log> Event: BLOCK_CREATE, Block: custom_open, Workspace: Left, Date: 11/17/2021, 3:35:35 PM
<Prototype Log> Event: BLOCK_MOVE, Workspace: Left, Date: 11/17/2021, 3:35:37 PM
<Prototype Log> Event: BLOCK_DELETE, Workspace: Left, Date: 11/17/2021, 3:35:37 PM
<Prototype Log> Event: BLOCK_CREATE, Block: custom_open, Workspace: Right, Date: 11/17/2021, 3:35:37 PM
<Prototype Log> Event: BLOCK_MOVE, Block: custom_open, Workspace: Right, Date: 11/17/2021, 3:35:38 PM
<Prototype Log> Event: CLICK_LEFT_RIGHT_HAND_SWITCH_BUTTON, Button Value: close-hand, Date: 11/17/2021, 3:35:39 PM
<Prototype Log> Event: CLICK_LEFT_HAND_SWITCH_BUTTON, Button Value: open-hand, Date: 11/17/2021, 3:35:41 PM
<Prototype Log> Event: CLICK_LEFT_HAND_SWITCH_BUTTON, Button Value: open-hand, Date: 11/17/2021, 3:35:43 PM
<Prototype Log> Event: CLICK_HOME_BUTTON, Date: 11/17/2021, 3:35:46 PM
<Prototype Log> Event: CLICK_HOME_BUTTON, Date: 11/17/2021, 3:35:51 PM
<Prototype Log> Event: CLICK_START_BUTTON, Date: 11/17/2021, 3:36:00 PM
<Prototype Log> Event: CLICK_HOME_BUTTON, Date: 11/17/2021, 3:36:22 PM
<Prototype Log> Event: CLICK_SAVE_WORKSPACE_BUTTON, Date: 11/17/2021, 3:37:10 PM